15-Jun-2023 10:38:43.849 INFO [main] org.apache.catalina.startup.VersionLoggerListener.log Server version name:   Apache Tomcat/10.1.9
15-Jun-2023 10:38:43.857 INFO [main] org.apache.catalina.startup.VersionLoggerListener.log Server built:          May 9 2023 14:30:05 UTC
15-Jun-2023 10:38:43.858 INFO [main] org.apache.catalina.startup.VersionLoggerListener.log Server version number: 10.1.9.0
15-Jun-2023 10:38:43.858 INFO [main] org.apache.catalina.startup.VersionLoggerListener.log OS Name:               Windows 10
15-Jun-2023 10:38:43.858 INFO [main] org.apache.catalina.startup.VersionLoggerListener.log OS Version:            10.0
15-Jun-2023 10:38:43.858 INFO [main] org.apache.catalina.startup.VersionLoggerListener.log Architecture:          amd64
15-Jun-2023 10:38:43.859 INFO [main] org.apache.catalina.startup.VersionLoggerListener.log Java Home:             C:\Program Files\Java\jdk-20
15-Jun-2023 10:38:43.859 INFO [main] org.apache.catalina.startup.VersionLoggerListener.log JVM Version:           20.0.1+9-29
15-Jun-2023 10:38:43.859 INFO [main] org.apache.catalina.startup.VersionLoggerListener.log JVM Vendor:            Oracle Corporation
15-Jun-2023 10:38:43.859 INFO [main] org.apache.catalina.startup.VersionLoggerListener.log CATALINA_BASE:         C:\Downloads\apache-tomcat-10.1.9\apache-tomcat-10.1.9
15-Jun-2023 10:38:43.859 INFO [main] org.apache.catalina.startup.VersionLoggerListener.log CATALINA_HOME:         C:\Downloads\apache-tomcat-10.1.9\apache-tomcat-10.1.9
15-Jun-2023 10:38:43.876 INFO [main] org.apache.catalina.startup.VersionLoggerListener.log Command line argument: -Djava.util.logging.config.file=C:\Downloads\apache-tomcat-10.1.9\apache-tomcat-10.1.9\conf\logging.properties
15-Jun-2023 10:38:43.876 INFO [main] org.apache.catalina.startup.VersionLoggerListener.log Command line argument: -Djava.util.logging.manager=org.apache.juli.ClassLoaderLogManager
15-Jun-2023 10:38:43.877 INFO [main] org.apache.catalina.startup.VersionLoggerListener.log Command line argument: -Djdk.tls.ephemeralDHKeySize=2048
15-Jun-2023 10:38:43.877 INFO [main] org.apache.catalina.startup.VersionLoggerListener.log Command line argument: -Djava.protocol.handler.pkgs=org.apache.catalina.webresources
15-Jun-2023 10:38:43.877 INFO [main] org.apache.catalina.startup.VersionLoggerListener.log Command line argument: --add-opens=java.base/java.lang=ALL-UNNAMED
15-Jun-2023 10:38:43.878 INFO [main] org.apache.catalina.startup.VersionLoggerListener.log Command line argument: --add-opens=java.base/java.io=ALL-UNNAMED
15-Jun-2023 10:38:43.878 INFO [main] org.apache.catalina.startup.VersionLoggerListener.log Command line argument: --add-opens=java.base/java.util=ALL-UNNAMED
15-Jun-2023 10:38:43.879 INFO [main] org.apache.catalina.startup.VersionLoggerListener.log Command line argument: --add-opens=java.base/java.util.concurrent=ALL-UNNAMED
15-Jun-2023 10:38:43.879 INFO [main] org.apache.catalina.startup.VersionLoggerListener.log Command line argument: --add-opens=java.rmi/sun.rmi.transport=ALL-UNNAMED
15-Jun-2023 10:38:43.880 INFO [main] org.apache.catalina.startup.VersionLoggerListener.log Command line argument: -Dcatalina.base=C:\Downloads\apache-tomcat-10.1.9\apache-tomcat-10.1.9
15-Jun-2023 10:38:43.880 INFO [main] org.apache.catalina.startup.VersionLoggerListener.log Command line argument: -Dcatalina.home=C:\Downloads\apache-tomcat-10.1.9\apache-tomcat-10.1.9
15-Jun-2023 10:38:43.880 INFO [main] org.apache.catalina.startup.VersionLoggerListener.log Command line argument: -Djava.io.tmpdir=C:\Downloads\apache-tomcat-10.1.9\apache-tomcat-10.1.9\temp
15-Jun-2023 10:38:43.890 INFO [main] org.apache.catalina.core.AprLifecycleListener.lifecycleEvent The Apache Tomcat Native library which allows using OpenSSL was not found on the java.library.path: [C:\Program Files\Java\jdk-20\bin;C:\Windows\Sun\Java\bin;C:\Windows\system32;C:\Windows;C:\Program Files\Java\jdk-20\bin;C:\Program Files\Common Files\Oracle\Java\javapath;C:\Windows\system32;C:\Windows;C:\Windows\System32\Wbem;C:\Windows\System32\WindowsPowerShell\v1.0\;C:\Windows\System32\OpenSSH\;F:\Arquivos de Programas 2\Git\cmd;C:\Program Files\Git\cmd;C:\Program Files\Java\jdk-17\bin;C:\Users\GABRIEL\AppData\Local\Microsoft\WindowsApps;;C:\Users\GABRIEL\AppData\Local\Programs\Microsoft VS Code\bin;.]
15-Jun-2023 10:38:44.381 INFO [main] org.apache.coyote.AbstractProtocol.init Initializing ProtocolHandler ["http-nio-8080"]
15-Jun-2023 10:38:44.419 INFO [main] org.apache.catalina.startup.Catalina.load Server initialization in [891] milliseconds
15-Jun-2023 10:38:44.511 INFO [main] org.apache.catalina.core.StandardService.startInternal Starting service [Catalina]
15-Jun-2023 10:38:44.512 INFO [main] org.apache.catalina.core.StandardEngine.startInternal Starting Servlet engine: [Apache Tomcat/10.1.9]
15-Jun-2023 10:38:44.535 INFO [main] org.apache.catalina.startup.HostConfig.deployDescriptor Deploying deployment descriptor [C:\Downloads\apache-tomcat-10.1.9\apache-tomcat-10.1.9\conf\Catalina\localhost\CellVendas.xml]
15-Jun-2023 10:38:44.579 WARNING [main] org.apache.catalina.startup.HostConfig.deployDescriptor The path attribute with value [/CellVendas] in deployment descriptor [C:\Downloads\apache-tomcat-10.1.9\apache-tomcat-10.1.9\conf\Catalina\localhost\CellVendas.xml] has been ignored
15-Jun-2023 10:38:45.786 INFO [main] org.apache.jasper.servlet.TldScanner.scanJars At least one JAR was scanned for TLDs yet contained no TLDs. Enable debug logging for this logger for a complete list of JARs that were scanned but no TLDs were found in them. Skipping unneeded JARs during scanning can improve startup time and JSP compilation time.
15-Jun-2023 10:38:45.881 INFO [main] org.apache.catalina.startup.HostConfig.deployDescriptor Deployment of deployment descriptor [C:\Downloads\apache-tomcat-10.1.9\apache-tomcat-10.1.9\conf\Catalina\localhost\CellVendas.xml] has finished in [1.343] ms
15-Jun-2023 10:38:45.882 INFO [main] org.apache.catalina.startup.HostConfig.deployDirectory Diretório de instalação da aplicação web [C:\Downloads\apache-tomcat-10.1.9\apache-tomcat-10.1.9\webapps\docs]
15-Jun-2023 10:38:45.963 INFO [main] org.apache.jasper.servlet.TldScanner.scanJars At least one JAR was scanned for TLDs yet contained no TLDs. Enable debug logging for this logger for a complete list of JARs that were scanned but no TLDs were found in them. Skipping unneeded JARs during scanning can improve startup time and JSP compilation time.
15-Jun-2023 10:38:45.966 INFO [main] org.apache.catalina.startup.HostConfig.deployDirectory Deployment of web application directory [C:\Downloads\apache-tomcat-10.1.9\apache-tomcat-10.1.9\webapps\docs] has finished in [84] ms
15-Jun-2023 10:38:45.966 INFO [main] org.apache.catalina.startup.HostConfig.deployDirectory Diretório de instalação da aplicação web [C:\Downloads\apache-tomcat-10.1.9\apache-tomcat-10.1.9\webapps\examples]
15-Jun-2023 10:38:46.593 INFO [main] org.apache.jasper.servlet.TldScanner.scanJars At least one JAR was scanned for TLDs yet contained no TLDs. Enable debug logging for this logger for a complete list of JARs that were scanned but no TLDs were found in them. Skipping unneeded JARs during scanning can improve startup time and JSP compilation time.
15-Jun-2023 10:38:46.668 INFO [main] org.apache.catalina.startup.HostConfig.deployDirectory Deployment of web application directory [C:\Downloads\apache-tomcat-10.1.9\apache-tomcat-10.1.9\webapps\examples] has finished in [702] ms
15-Jun-2023 10:38:46.669 INFO [main] org.apache.catalina.startup.HostConfig.deployDirectory Diretório de instalação da aplicação web [C:\Downloads\apache-tomcat-10.1.9\apache-tomcat-10.1.9\webapps\host-manager]
15-Jun-2023 10:38:46.761 INFO [main] org.apache.jasper.servlet.TldScanner.scanJars At least one JAR was scanned for TLDs yet contained no TLDs. Enable debug logging for this logger for a complete list of JARs that were scanned but no TLDs were found in them. Skipping unneeded JARs during scanning can improve startup time and JSP compilation time.
15-Jun-2023 10:38:46.772 INFO [main] org.apache.catalina.startup.HostConfig.deployDirectory Deployment of web application directory [C:\Downloads\apache-tomcat-10.1.9\apache-tomcat-10.1.9\webapps\host-manager] has finished in [102] ms
15-Jun-2023 10:38:46.772 INFO [main] org.apache.catalina.startup.HostConfig.deployDirectory Diretório de instalação da aplicação web [C:\Downloads\apache-tomcat-10.1.9\apache-tomcat-10.1.9\webapps\manager]
15-Jun-2023 10:38:46.878 INFO [main] org.apache.jasper.servlet.TldScanner.scanJars At least one JAR was scanned for TLDs yet contained no TLDs. Enable debug logging for this logger for a complete list of JARs that were scanned but no TLDs were found in them. Skipping unneeded JARs during scanning can improve startup time and JSP compilation time.
15-Jun-2023 10:38:46.882 INFO [main] org.apache.catalina.startup.HostConfig.deployDirectory Deployment of web application directory [C:\Downloads\apache-tomcat-10.1.9\apache-tomcat-10.1.9\webapps\manager] has finished in [110] ms
15-Jun-2023 10:38:46.882 INFO [main] org.apache.catalina.startup.HostConfig.deployDirectory Diretório de instalação da aplicação web [C:\Downloads\apache-tomcat-10.1.9\apache-tomcat-10.1.9\webapps\ROOT]
15-Jun-2023 10:38:46.965 INFO [main] org.apache.jasper.servlet.TldScanner.scanJars At least one JAR was scanned for TLDs yet contained no TLDs. Enable debug logging for this logger for a complete list of JARs that were scanned but no TLDs were found in them. Skipping unneeded JARs during scanning can improve startup time and JSP compilation time.
15-Jun-2023 10:38:46.968 INFO [main] org.apache.catalina.startup.HostConfig.deployDirectory Deployment of web application directory [C:\Downloads\apache-tomcat-10.1.9\apache-tomcat-10.1.9\webapps\ROOT] has finished in [85] ms
15-Jun-2023 10:38:46.973 INFO [main] org.apache.coyote.AbstractProtocol.start Starting ProtocolHandler ["http-nio-8080"]
15-Jun-2023 10:38:47.030 INFO [main] org.apache.catalina.startup.Catalina.start Server startup in [2607] milliseconds
15-Jun-2023 10:39:01.147 INFO [http-nio-8080-exec-10] org.apache.jasper.servlet.TldScanner.scanJars At least one JAR was scanned for TLDs yet contained no TLDs. Enable debug logging for this logger for a complete list of JARs that were scanned but no TLDs were found in them. Skipping unneeded JARs during scanning can improve startup time and JSP compilation time.
15-Jun-2023 14:25:27.024 INFO [main] org.apache.catalina.core.StandardServer.await A valid shutdown command was received via the shutdown port. Stopping the Server instance.
15-Jun-2023 14:25:27.026 INFO [main] org.apache.coyote.AbstractProtocol.pause Pausing ProtocolHandler ["http-nio-8080"]
15-Jun-2023 14:25:27.032 INFO [main] org.apache.catalina.core.StandardService.stopInternal Stopping service [Catalina]
15-Jun-2023 14:25:27.038 WARNING [main] org.apache.catalina.loader.WebappClassLoaderBase.clearReferencesJdbc The web application [CellVendas] registered the JDBC driver [com.mysql.cj.jdbc.Driver] but failed to unregister it when the web application was stopped. To prevent a memory leak, the JDBC Driver has been forcibly unregistered.
15-Jun-2023 14:25:27.039 WARNING [main] org.apache.catalina.loader.WebappClassLoaderBase.clearReferencesThreads The web application [CellVendas] appears to have started a thread named [mysql-cj-abandoned-connection-cleanup] but has failed to stop it. This is very likely to create a memory leak. Stack trace of thread:
 java.base/jdk.internal.misc.Unsafe.park(Native Method)
 java.base/java.util.concurrent.locks.LockSupport.parkNanos(LockSupport.java:269)
 java.base/java.util.concurrent.locks.AbstractQueuedSynchronizer$ConditionObject.await(AbstractQueuedSynchronizer.java:1847)
 java.base/java.lang.ref.ReferenceQueue.await(ReferenceQueue.java:71)
 java.base/java.lang.ref.ReferenceQueue.remove0(ReferenceQueue.java:143)
 java.base/java.lang.ref.ReferenceQueue.remove(ReferenceQueue.java:218)
 com.mysql.cj.jdbc.AbandonedConnectionCleanupThread.run(AbandonedConnectionCleanupThread.java:91)
 java.base/java.util.concurrent.ThreadPoolExecutor.runWorker(ThreadPoolExecutor.java:1144)
 java.base/java.util.concurrent.ThreadPoolExecutor$Worker.run(ThreadPoolExecutor.java:642)
 java.base/java.lang.Thread.run(Thread.java:1623)
15-Jun-2023 14:25:27.064 INFO [main] org.apache.coyote.AbstractProtocol.stop Stopping ProtocolHandler ["http-nio-8080"]
15-Jun-2023 14:25:27.080 INFO [main] org.apache.coyote.AbstractProtocol.destroy Destroying ProtocolHandler ["http-nio-8080"]
