12-Jun-2023 18:21:12.607 INFO [main] org.apache.catalina.startup.VersionLoggerListener.log Server version name:   Apache Tomcat/10.1.9
12-Jun-2023 18:21:12.612 INFO [main] org.apache.catalina.startup.VersionLoggerListener.log Server built:          May 9 2023 14:30:05 UTC
12-Jun-2023 18:21:12.612 INFO [main] org.apache.catalina.startup.VersionLoggerListener.log Server version number: 10.1.9.0
12-Jun-2023 18:21:12.613 INFO [main] org.apache.catalina.startup.VersionLoggerListener.log OS Name:               Windows 10
12-Jun-2023 18:21:12.613 INFO [main] org.apache.catalina.startup.VersionLoggerListener.log OS Version:            10.0
12-Jun-2023 18:21:12.613 INFO [main] org.apache.catalina.startup.VersionLoggerListener.log Architecture:          amd64
12-Jun-2023 18:21:12.613 INFO [main] org.apache.catalina.startup.VersionLoggerListener.log Java Home:             C:\Program Files\Java\jdk-20
12-Jun-2023 18:21:12.613 INFO [main] org.apache.catalina.startup.VersionLoggerListener.log JVM Version:           20.0.1+9-29
12-Jun-2023 18:21:12.613 INFO [main] org.apache.catalina.startup.VersionLoggerListener.log JVM Vendor:            Oracle Corporation
12-Jun-2023 18:21:12.613 INFO [main] org.apache.catalina.startup.VersionLoggerListener.log CATALINA_BASE:         C:\Downloads\apache-tomcat-10.1.9\apache-tomcat-10.1.9
12-Jun-2023 18:21:12.614 INFO [main] org.apache.catalina.startup.VersionLoggerListener.log CATALINA_HOME:         C:\Downloads\apache-tomcat-10.1.9\apache-tomcat-10.1.9
12-Jun-2023 18:21:12.627 INFO [main] org.apache.catalina.startup.VersionLoggerListener.log Command line argument: -Djava.util.logging.config.file=C:\Downloads\apache-tomcat-10.1.9\apache-tomcat-10.1.9\conf\logging.properties
12-Jun-2023 18:21:12.627 INFO [main] org.apache.catalina.startup.VersionLoggerListener.log Command line argument: -Djava.util.logging.manager=org.apache.juli.ClassLoaderLogManager
12-Jun-2023 18:21:12.628 INFO [main] org.apache.catalina.startup.VersionLoggerListener.log Command line argument: -Djdk.tls.ephemeralDHKeySize=2048
12-Jun-2023 18:21:12.628 INFO [main] org.apache.catalina.startup.VersionLoggerListener.log Command line argument: -Djava.protocol.handler.pkgs=org.apache.catalina.webresources
12-Jun-2023 18:21:12.628 INFO [main] org.apache.catalina.startup.VersionLoggerListener.log Command line argument: --add-opens=java.base/java.lang=ALL-UNNAMED
12-Jun-2023 18:21:12.628 INFO [main] org.apache.catalina.startup.VersionLoggerListener.log Command line argument: --add-opens=java.base/java.io=ALL-UNNAMED
12-Jun-2023 18:21:12.628 INFO [main] org.apache.catalina.startup.VersionLoggerListener.log Command line argument: --add-opens=java.base/java.util=ALL-UNNAMED
12-Jun-2023 18:21:12.628 INFO [main] org.apache.catalina.startup.VersionLoggerListener.log Command line argument: --add-opens=java.base/java.util.concurrent=ALL-UNNAMED
12-Jun-2023 18:21:12.628 INFO [main] org.apache.catalina.startup.VersionLoggerListener.log Command line argument: --add-opens=java.rmi/sun.rmi.transport=ALL-UNNAMED
12-Jun-2023 18:21:12.628 INFO [main] org.apache.catalina.startup.VersionLoggerListener.log Command line argument: -Dcatalina.base=C:\Downloads\apache-tomcat-10.1.9\apache-tomcat-10.1.9
12-Jun-2023 18:21:12.629 INFO [main] org.apache.catalina.startup.VersionLoggerListener.log Command line argument: -Dcatalina.home=C:\Downloads\apache-tomcat-10.1.9\apache-tomcat-10.1.9
12-Jun-2023 18:21:12.629 INFO [main] org.apache.catalina.startup.VersionLoggerListener.log Command line argument: -Djava.io.tmpdir=C:\Downloads\apache-tomcat-10.1.9\apache-tomcat-10.1.9\temp
12-Jun-2023 18:21:12.639 INFO [main] org.apache.catalina.core.AprLifecycleListener.lifecycleEvent The Apache Tomcat Native library which allows using OpenSSL was not found on the java.library.path: [C:\Program Files\Java\jdk-20\bin;C:\Windows\Sun\Java\bin;C:\Windows\system32;C:\Windows;C:\Program Files\Java\jdk-20\bin;C:\Program Files\Common Files\Oracle\Java\javapath;C:\Windows\system32;C:\Windows;C:\Windows\System32\Wbem;C:\Windows\System32\WindowsPowerShell\v1.0\;C:\Windows\System32\OpenSSH\;F:\Arquivos de Programas 2\Git\cmd;C:\Program Files\Git\cmd;C:\Program Files\Java\jdk-17\bin;C:\Users\GABRIEL\AppData\Local\Microsoft\WindowsApps;;C:\Users\GABRIEL\AppData\Local\Programs\Microsoft VS Code\bin;.]
12-Jun-2023 18:21:13.164 INFO [main] org.apache.coyote.AbstractProtocol.init Initializing ProtocolHandler ["http-nio-8080"]
12-Jun-2023 18:21:13.204 INFO [main] org.apache.catalina.startup.Catalina.load Server initialization in [884] milliseconds
12-Jun-2023 18:21:13.278 INFO [main] org.apache.catalina.core.StandardService.startInternal Starting service [Catalina]
12-Jun-2023 18:21:13.278 INFO [main] org.apache.catalina.core.StandardEngine.startInternal Starting Servlet engine: [Apache Tomcat/10.1.9]
12-Jun-2023 18:21:13.295 INFO [main] org.apache.catalina.startup.HostConfig.deployDescriptor Deploying deployment descriptor [C:\Downloads\apache-tomcat-10.1.9\apache-tomcat-10.1.9\conf\Catalina\localhost\WebApplicationFreshFood.xml]
12-Jun-2023 18:21:13.324 WARNING [main] org.apache.catalina.startup.HostConfig.deployDescriptor The path attribute with value [/WebApplicationFreshFood] in deployment descriptor [C:\Downloads\apache-tomcat-10.1.9\apache-tomcat-10.1.9\conf\Catalina\localhost\WebApplicationFreshFood.xml] has been ignored
12-Jun-2023 18:21:14.363 INFO [main] org.apache.jasper.servlet.TldScanner.scanJars At least one JAR was scanned for TLDs yet contained no TLDs. Enable debug logging for this logger for a complete list of JARs that were scanned but no TLDs were found in them. Skipping unneeded JARs during scanning can improve startup time and JSP compilation time.
12-Jun-2023 18:21:14.461 INFO [main] org.apache.catalina.startup.HostConfig.deployDescriptor Deployment of deployment descriptor [C:\Downloads\apache-tomcat-10.1.9\apache-tomcat-10.1.9\conf\Catalina\localhost\WebApplicationFreshFood.xml] has finished in [1.164] ms
12-Jun-2023 18:21:14.462 INFO [main] org.apache.catalina.startup.HostConfig.deployDirectory Diretório de instalação da aplicação web [C:\Downloads\apache-tomcat-10.1.9\apache-tomcat-10.1.9\webapps\docs]
12-Jun-2023 18:21:14.593 INFO [main] org.apache.jasper.servlet.TldScanner.scanJars At least one JAR was scanned for TLDs yet contained no TLDs. Enable debug logging for this logger for a complete list of JARs that were scanned but no TLDs were found in them. Skipping unneeded JARs during scanning can improve startup time and JSP compilation time.
12-Jun-2023 18:21:14.599 INFO [main] org.apache.catalina.startup.HostConfig.deployDirectory Deployment of web application directory [C:\Downloads\apache-tomcat-10.1.9\apache-tomcat-10.1.9\webapps\docs] has finished in [136] ms
12-Jun-2023 18:21:14.601 INFO [main] org.apache.catalina.startup.HostConfig.deployDirectory Diretório de instalação da aplicação web [C:\Downloads\apache-tomcat-10.1.9\apache-tomcat-10.1.9\webapps\examples]
12-Jun-2023 18:21:15.489 INFO [main] org.apache.jasper.servlet.TldScanner.scanJars At least one JAR was scanned for TLDs yet contained no TLDs. Enable debug logging for this logger for a complete list of JARs that were scanned but no TLDs were found in them. Skipping unneeded JARs during scanning can improve startup time and JSP compilation time.
12-Jun-2023 18:21:15.603 INFO [main] org.apache.catalina.startup.HostConfig.deployDirectory Deployment of web application directory [C:\Downloads\apache-tomcat-10.1.9\apache-tomcat-10.1.9\webapps\examples] has finished in [998] ms
12-Jun-2023 18:21:15.604 INFO [main] org.apache.catalina.startup.HostConfig.deployDirectory Diretório de instalação da aplicação web [C:\Downloads\apache-tomcat-10.1.9\apache-tomcat-10.1.9\webapps\host-manager]
12-Jun-2023 18:21:15.729 INFO [main] org.apache.jasper.servlet.TldScanner.scanJars At least one JAR was scanned for TLDs yet contained no TLDs. Enable debug logging for this logger for a complete list of JARs that were scanned but no TLDs were found in them. Skipping unneeded JARs during scanning can improve startup time and JSP compilation time.
12-Jun-2023 18:21:15.741 INFO [main] org.apache.catalina.startup.HostConfig.deployDirectory Deployment of web application directory [C:\Downloads\apache-tomcat-10.1.9\apache-tomcat-10.1.9\webapps\host-manager] has finished in [137] ms
12-Jun-2023 18:21:15.742 INFO [main] org.apache.catalina.startup.HostConfig.deployDirectory Diretório de instalação da aplicação web [C:\Downloads\apache-tomcat-10.1.9\apache-tomcat-10.1.9\webapps\manager]
12-Jun-2023 18:21:15.840 INFO [main] org.apache.jasper.servlet.TldScanner.scanJars At least one JAR was scanned for TLDs yet contained no TLDs. Enable debug logging for this logger for a complete list of JARs that were scanned but no TLDs were found in them. Skipping unneeded JARs during scanning can improve startup time and JSP compilation time.
12-Jun-2023 18:21:15.844 INFO [main] org.apache.catalina.startup.HostConfig.deployDirectory Deployment of web application directory [C:\Downloads\apache-tomcat-10.1.9\apache-tomcat-10.1.9\webapps\manager] has finished in [101] ms
12-Jun-2023 18:21:15.844 INFO [main] org.apache.catalina.startup.HostConfig.deployDirectory Diretório de instalação da aplicação web [C:\Downloads\apache-tomcat-10.1.9\apache-tomcat-10.1.9\webapps\ROOT]
12-Jun-2023 18:21:15.924 INFO [main] org.apache.jasper.servlet.TldScanner.scanJars At least one JAR was scanned for TLDs yet contained no TLDs. Enable debug logging for this logger for a complete list of JARs that were scanned but no TLDs were found in them. Skipping unneeded JARs during scanning can improve startup time and JSP compilation time.
12-Jun-2023 18:21:15.927 INFO [main] org.apache.catalina.startup.HostConfig.deployDirectory Deployment of web application directory [C:\Downloads\apache-tomcat-10.1.9\apache-tomcat-10.1.9\webapps\ROOT] has finished in [83] ms
12-Jun-2023 18:21:15.930 INFO [main] org.apache.coyote.AbstractProtocol.start Starting ProtocolHandler ["http-nio-8080"]
12-Jun-2023 18:21:16.017 INFO [main] org.apache.catalina.startup.Catalina.start Server startup in [2811] milliseconds
12-Jun-2023 18:21:29.995 INFO [http-nio-8080-exec-4] org.apache.catalina.startup.HostConfig.undeploy Undeploying context [/WebApplicationFreshFood]
12-Jun-2023 18:21:30.024 INFO [http-nio-8080-exec-3] org.apache.catalina.startup.HostConfig.deployDescriptor Deploying deployment descriptor [C:\Downloads\apache-tomcat-10.1.9\apache-tomcat-10.1.9\conf\Catalina\localhost\WebApplicationFreshFood.xml]
12-Jun-2023 18:21:30.025 WARNING [http-nio-8080-exec-3] org.apache.catalina.startup.HostConfig.deployDescriptor The path attribute with value [/WebApplicationFreshFood] in deployment descriptor [C:\Downloads\apache-tomcat-10.1.9\apache-tomcat-10.1.9\conf\Catalina\localhost\WebApplicationFreshFood.xml] has been ignored
12-Jun-2023 18:21:30.534 INFO [http-nio-8080-exec-3] org.apache.jasper.servlet.TldScanner.scanJars At least one JAR was scanned for TLDs yet contained no TLDs. Enable debug logging for this logger for a complete list of JARs that were scanned but no TLDs were found in them. Skipping unneeded JARs during scanning can improve startup time and JSP compilation time.
12-Jun-2023 18:21:30.538 INFO [http-nio-8080-exec-3] org.apache.catalina.startup.HostConfig.deployDescriptor Deployment of deployment descriptor [C:\Downloads\apache-tomcat-10.1.9\apache-tomcat-10.1.9\conf\Catalina\localhost\WebApplicationFreshFood.xml] has finished in [515] ms
12-Jun-2023 18:21:30.542 INFO [http-nio-8080-exec-2] org.apache.catalina.util.LifecycleBase.start The start() method was called on component [StandardEngine[Catalina].StandardHost[localhost].StandardContext[/WebApplicationFreshFood]] after start() had already been called. The second call will be ignored.
12-Jun-2023 18:24:04.650 INFO [http-nio-8080-exec-12] org.apache.catalina.startup.HostConfig.undeploy Undeploying context [/WebApplicationFreshFood]
12-Jun-2023 18:24:04.667 INFO [http-nio-8080-exec-11] org.apache.catalina.startup.HostConfig.deployDescriptor Deploying deployment descriptor [C:\Downloads\apache-tomcat-10.1.9\apache-tomcat-10.1.9\conf\Catalina\localhost\WebApplicationFreshFood.xml]
12-Jun-2023 18:24:04.668 WARNING [http-nio-8080-exec-11] org.apache.catalina.startup.HostConfig.deployDescriptor The path attribute with value [/WebApplicationFreshFood] in deployment descriptor [C:\Downloads\apache-tomcat-10.1.9\apache-tomcat-10.1.9\conf\Catalina\localhost\WebApplicationFreshFood.xml] has been ignored
12-Jun-2023 18:24:05.265 INFO [http-nio-8080-exec-11] org.apache.jasper.servlet.TldScanner.scanJars At least one JAR was scanned for TLDs yet contained no TLDs. Enable debug logging for this logger for a complete list of JARs that were scanned but no TLDs were found in them. Skipping unneeded JARs during scanning can improve startup time and JSP compilation time.
12-Jun-2023 18:24:05.268 INFO [http-nio-8080-exec-11] org.apache.catalina.startup.HostConfig.deployDescriptor Deployment of deployment descriptor [C:\Downloads\apache-tomcat-10.1.9\apache-tomcat-10.1.9\conf\Catalina\localhost\WebApplicationFreshFood.xml] has finished in [601] ms
12-Jun-2023 18:24:05.280 INFO [http-nio-8080-exec-16] org.apache.catalina.util.LifecycleBase.start The start() method was called on component [StandardEngine[Catalina].StandardHost[localhost].StandardContext[/WebApplicationFreshFood]] after start() had already been called. The second call will be ignored.
12-Jun-2023 20:05:41.095 INFO [main] org.apache.catalina.core.StandardServer.await A valid shutdown command was received via the shutdown port. Stopping the Server instance.
12-Jun-2023 20:05:41.096 INFO [main] org.apache.coyote.AbstractProtocol.pause Pausing ProtocolHandler ["http-nio-8080"]
12-Jun-2023 20:05:41.102 INFO [main] org.apache.catalina.core.StandardService.stopInternal Stopping service [Catalina]
12-Jun-2023 20:05:41.124 WARNING [main] org.apache.catalina.loader.WebappClassLoaderBase.clearReferencesJdbc The web application [WebApplicationFreshFood] registered the JDBC driver [com.mysql.cj.jdbc.Driver] but failed to unregister it when the web application was stopped. To prevent a memory leak, the JDBC Driver has been forcibly unregistered.
12-Jun-2023 20:05:41.124 WARNING [main] org.apache.catalina.loader.WebappClassLoaderBase.clearReferencesThreads The web application [WebApplicationFreshFood] appears to have started a thread named [mysql-cj-abandoned-connection-cleanup] but has failed to stop it. This is very likely to create a memory leak. Stack trace of thread:
 java.base/jdk.internal.misc.Unsafe.park(Native Method)
 java.base/java.util.concurrent.locks.LockSupport.parkNanos(LockSupport.java:269)
 java.base/java.util.concurrent.locks.AbstractQueuedSynchronizer$ConditionObject.await(AbstractQueuedSynchronizer.java:1847)
 java.base/java.lang.ref.ReferenceQueue.await(ReferenceQueue.java:71)
 java.base/java.lang.ref.ReferenceQueue.remove0(ReferenceQueue.java:143)
 java.base/java.lang.ref.ReferenceQueue.remove(ReferenceQueue.java:218)
 com.mysql.cj.jdbc.AbandonedConnectionCleanupThread.run(AbandonedConnectionCleanupThread.java:91)
 java.base/java.util.concurrent.ThreadPoolExecutor.runWorker(ThreadPoolExecutor.java:1144)
 java.base/java.util.concurrent.ThreadPoolExecutor$Worker.run(ThreadPoolExecutor.java:642)
 java.base/java.lang.Thread.run(Thread.java:1623)
12-Jun-2023 20:05:41.131 INFO [main] org.apache.coyote.AbstractProtocol.stop Stopping ProtocolHandler ["http-nio-8080"]
12-Jun-2023 20:05:41.144 INFO [main] org.apache.coyote.AbstractProtocol.destroy Destroying ProtocolHandler ["http-nio-8080"]
12-Jun-2023 22:43:29.746 INFO [main] org.apache.catalina.startup.VersionLoggerListener.log Server version name:   Apache Tomcat/10.1.9
12-Jun-2023 22:43:29.750 INFO [main] org.apache.catalina.startup.VersionLoggerListener.log Server built:          May 9 2023 14:30:05 UTC
12-Jun-2023 22:43:29.750 INFO [main] org.apache.catalina.startup.VersionLoggerListener.log Server version number: 10.1.9.0
12-Jun-2023 22:43:29.750 INFO [main] org.apache.catalina.startup.VersionLoggerListener.log OS Name:               Windows 10
12-Jun-2023 22:43:29.750 INFO [main] org.apache.catalina.startup.VersionLoggerListener.log OS Version:            10.0
12-Jun-2023 22:43:29.750 INFO [main] org.apache.catalina.startup.VersionLoggerListener.log Architecture:          amd64
12-Jun-2023 22:43:29.750 INFO [main] org.apache.catalina.startup.VersionLoggerListener.log Java Home:             C:\Program Files\Java\jdk-20
12-Jun-2023 22:43:29.750 INFO [main] org.apache.catalina.startup.VersionLoggerListener.log JVM Version:           20.0.1+9-29
12-Jun-2023 22:43:29.750 INFO [main] org.apache.catalina.startup.VersionLoggerListener.log JVM Vendor:            Oracle Corporation
12-Jun-2023 22:43:29.750 INFO [main] org.apache.catalina.startup.VersionLoggerListener.log CATALINA_BASE:         C:\Downloads\apache-tomcat-10.1.9\apache-tomcat-10.1.9
12-Jun-2023 22:43:29.751 INFO [main] org.apache.catalina.startup.VersionLoggerListener.log CATALINA_HOME:         C:\Downloads\apache-tomcat-10.1.9\apache-tomcat-10.1.9
12-Jun-2023 22:43:29.761 INFO [main] org.apache.catalina.startup.VersionLoggerListener.log Command line argument: -Djava.util.logging.config.file=C:\Downloads\apache-tomcat-10.1.9\apache-tomcat-10.1.9\conf\logging.properties
12-Jun-2023 22:43:29.761 INFO [main] org.apache.catalina.startup.VersionLoggerListener.log Command line argument: -Djava.util.logging.manager=org.apache.juli.ClassLoaderLogManager
12-Jun-2023 22:43:29.761 INFO [main] org.apache.catalina.startup.VersionLoggerListener.log Command line argument: -Djdk.tls.ephemeralDHKeySize=2048
12-Jun-2023 22:43:29.761 INFO [main] org.apache.catalina.startup.VersionLoggerListener.log Command line argument: -Djava.protocol.handler.pkgs=org.apache.catalina.webresources
12-Jun-2023 22:43:29.761 INFO [main] org.apache.catalina.startup.VersionLoggerListener.log Command line argument: --add-opens=java.base/java.lang=ALL-UNNAMED
12-Jun-2023 22:43:29.761 INFO [main] org.apache.catalina.startup.VersionLoggerListener.log Command line argument: --add-opens=java.base/java.io=ALL-UNNAMED
12-Jun-2023 22:43:29.761 INFO [main] org.apache.catalina.startup.VersionLoggerListener.log Command line argument: --add-opens=java.base/java.util=ALL-UNNAMED
12-Jun-2023 22:43:29.761 INFO [main] org.apache.catalina.startup.VersionLoggerListener.log Command line argument: --add-opens=java.base/java.util.concurrent=ALL-UNNAMED
12-Jun-2023 22:43:29.761 INFO [main] org.apache.catalina.startup.VersionLoggerListener.log Command line argument: --add-opens=java.rmi/sun.rmi.transport=ALL-UNNAMED
12-Jun-2023 22:43:29.761 INFO [main] org.apache.catalina.startup.VersionLoggerListener.log Command line argument: -Dcatalina.base=C:\Downloads\apache-tomcat-10.1.9\apache-tomcat-10.1.9
12-Jun-2023 22:43:29.762 INFO [main] org.apache.catalina.startup.VersionLoggerListener.log Command line argument: -Dcatalina.home=C:\Downloads\apache-tomcat-10.1.9\apache-tomcat-10.1.9
12-Jun-2023 22:43:29.762 INFO [main] org.apache.catalina.startup.VersionLoggerListener.log Command line argument: -Djava.io.tmpdir=C:\Downloads\apache-tomcat-10.1.9\apache-tomcat-10.1.9\temp
12-Jun-2023 22:43:29.768 INFO [main] org.apache.catalina.core.AprLifecycleListener.lifecycleEvent The Apache Tomcat Native library which allows using OpenSSL was not found on the java.library.path: [C:\Program Files\Java\jdk-20\bin;C:\Windows\Sun\Java\bin;C:\Windows\system32;C:\Windows;C:\Program Files\Java\jdk-20\bin;C:\Program Files\Common Files\Oracle\Java\javapath;C:\Windows\system32;C:\Windows;C:\Windows\System32\Wbem;C:\Windows\System32\WindowsPowerShell\v1.0\;C:\Windows\System32\OpenSSH\;F:\Arquivos de Programas 2\Git\cmd;C:\Program Files\Git\cmd;C:\Program Files\Java\jdk-17\bin;C:\Users\GABRIEL\AppData\Local\Microsoft\WindowsApps;;C:\Users\GABRIEL\AppData\Local\Programs\Microsoft VS Code\bin;.]
12-Jun-2023 22:43:30.202 INFO [main] org.apache.coyote.AbstractProtocol.init Initializing ProtocolHandler ["http-nio-8080"]
12-Jun-2023 22:43:30.231 INFO [main] org.apache.catalina.startup.Catalina.load Server initialization in [691] milliseconds
12-Jun-2023 22:43:30.288 INFO [main] org.apache.catalina.core.StandardService.startInternal Starting service [Catalina]
12-Jun-2023 22:43:30.288 INFO [main] org.apache.catalina.core.StandardEngine.startInternal Starting Servlet engine: [Apache Tomcat/10.1.9]
12-Jun-2023 22:43:30.298 INFO [main] org.apache.catalina.startup.HostConfig.deployDescriptor Deploying deployment descriptor [C:\Downloads\apache-tomcat-10.1.9\apache-tomcat-10.1.9\conf\Catalina\localhost\WebApplicationFreshFood.xml]
12-Jun-2023 22:43:30.319 WARNING [main] org.apache.catalina.startup.HostConfig.deployDescriptor The path attribute with value [/WebApplicationFreshFood] in deployment descriptor [C:\Downloads\apache-tomcat-10.1.9\apache-tomcat-10.1.9\conf\Catalina\localhost\WebApplicationFreshFood.xml] has been ignored
12-Jun-2023 22:43:31.181 INFO [main] org.apache.jasper.servlet.TldScanner.scanJars At least one JAR was scanned for TLDs yet contained no TLDs. Enable debug logging for this logger for a complete list of JARs that were scanned but no TLDs were found in them. Skipping unneeded JARs during scanning can improve startup time and JSP compilation time.
12-Jun-2023 22:43:31.265 INFO [main] org.apache.catalina.startup.HostConfig.deployDescriptor Deployment of deployment descriptor [C:\Downloads\apache-tomcat-10.1.9\apache-tomcat-10.1.9\conf\Catalina\localhost\WebApplicationFreshFood.xml] has finished in [963] ms
12-Jun-2023 22:43:31.265 INFO [main] org.apache.catalina.startup.HostConfig.deployDirectory Diretório de instalação da aplicação web [C:\Downloads\apache-tomcat-10.1.9\apache-tomcat-10.1.9\webapps\docs]
12-Jun-2023 22:43:31.383 INFO [main] org.apache.jasper.servlet.TldScanner.scanJars At least one JAR was scanned for TLDs yet contained no TLDs. Enable debug logging for this logger for a complete list of JARs that were scanned but no TLDs were found in them. Skipping unneeded JARs during scanning can improve startup time and JSP compilation time.
12-Jun-2023 22:43:31.397 INFO [main] org.apache.catalina.startup.HostConfig.deployDirectory Deployment of web application directory [C:\Downloads\apache-tomcat-10.1.9\apache-tomcat-10.1.9\webapps\docs] has finished in [131] ms
12-Jun-2023 22:43:31.397 INFO [main] org.apache.catalina.startup.HostConfig.deployDirectory Diretório de instalação da aplicação web [C:\Downloads\apache-tomcat-10.1.9\apache-tomcat-10.1.9\webapps\examples]
12-Jun-2023 22:43:32.019 INFO [main] org.apache.jasper.servlet.TldScanner.scanJars At least one JAR was scanned for TLDs yet contained no TLDs. Enable debug logging for this logger for a complete list of JARs that were scanned but no TLDs were found in them. Skipping unneeded JARs during scanning can improve startup time and JSP compilation time.
12-Jun-2023 22:43:32.093 INFO [main] org.apache.catalina.startup.HostConfig.deployDirectory Deployment of web application directory [C:\Downloads\apache-tomcat-10.1.9\apache-tomcat-10.1.9\webapps\examples] has finished in [696] ms
12-Jun-2023 22:43:32.093 INFO [main] org.apache.catalina.startup.HostConfig.deployDirectory Diretório de instalação da aplicação web [C:\Downloads\apache-tomcat-10.1.9\apache-tomcat-10.1.9\webapps\host-manager]
12-Jun-2023 22:43:32.195 INFO [main] org.apache.jasper.servlet.TldScanner.scanJars At least one JAR was scanned for TLDs yet contained no TLDs. Enable debug logging for this logger for a complete list of JARs that were scanned but no TLDs were found in them. Skipping unneeded JARs during scanning can improve startup time and JSP compilation time.
12-Jun-2023 22:43:32.203 INFO [main] org.apache.catalina.startup.HostConfig.deployDirectory Deployment of web application directory [C:\Downloads\apache-tomcat-10.1.9\apache-tomcat-10.1.9\webapps\host-manager] has finished in [110] ms
12-Jun-2023 22:43:32.203 INFO [main] org.apache.catalina.startup.HostConfig.deployDirectory Diretório de instalação da aplicação web [C:\Downloads\apache-tomcat-10.1.9\apache-tomcat-10.1.9\webapps\manager]
12-Jun-2023 22:43:32.281 INFO [main] org.apache.jasper.servlet.TldScanner.scanJars At least one JAR was scanned for TLDs yet contained no TLDs. Enable debug logging for this logger for a complete list of JARs that were scanned but no TLDs were found in them. Skipping unneeded JARs during scanning can improve startup time and JSP compilation time.
12-Jun-2023 22:43:32.284 INFO [main] org.apache.catalina.startup.HostConfig.deployDirectory Deployment of web application directory [C:\Downloads\apache-tomcat-10.1.9\apache-tomcat-10.1.9\webapps\manager] has finished in [80] ms
12-Jun-2023 22:43:32.284 INFO [main] org.apache.catalina.startup.HostConfig.deployDirectory Diretório de instalação da aplicação web [C:\Downloads\apache-tomcat-10.1.9\apache-tomcat-10.1.9\webapps\ROOT]
12-Jun-2023 22:43:32.352 INFO [main] org.apache.jasper.servlet.TldScanner.scanJars At least one JAR was scanned for TLDs yet contained no TLDs. Enable debug logging for this logger for a complete list of JARs that were scanned but no TLDs were found in them. Skipping unneeded JARs during scanning can improve startup time and JSP compilation time.
12-Jun-2023 22:43:32.355 INFO [main] org.apache.catalina.startup.HostConfig.deployDirectory Deployment of web application directory [C:\Downloads\apache-tomcat-10.1.9\apache-tomcat-10.1.9\webapps\ROOT] has finished in [71] ms
12-Jun-2023 22:43:32.359 INFO [main] org.apache.coyote.AbstractProtocol.start Starting ProtocolHandler ["http-nio-8080"]
12-Jun-2023 22:43:32.409 INFO [main] org.apache.catalina.startup.Catalina.start Server startup in [2176] milliseconds
12-Jun-2023 22:43:33.083 INFO [http-nio-8080-exec-6] org.apache.catalina.startup.HostConfig.undeploy Undeploying context [/WebApplicationFreshFood]
12-Jun-2023 22:43:33.103 INFO [http-nio-8080-exec-3] org.apache.catalina.startup.HostConfig.deployDescriptor Deploying deployment descriptor [C:\Downloads\apache-tomcat-10.1.9\apache-tomcat-10.1.9\conf\Catalina\localhost\WebApplicationFreshFood.xml]
12-Jun-2023 22:43:33.105 WARNING [http-nio-8080-exec-3] org.apache.catalina.startup.HostConfig.deployDescriptor The path attribute with value [/WebApplicationFreshFood] in deployment descriptor [C:\Downloads\apache-tomcat-10.1.9\apache-tomcat-10.1.9\conf\Catalina\localhost\WebApplicationFreshFood.xml] has been ignored
12-Jun-2023 22:43:33.519 INFO [http-nio-8080-exec-3] org.apache.jasper.servlet.TldScanner.scanJars At least one JAR was scanned for TLDs yet contained no TLDs. Enable debug logging for this logger for a complete list of JARs that were scanned but no TLDs were found in them. Skipping unneeded JARs during scanning can improve startup time and JSP compilation time.
12-Jun-2023 22:43:33.522 INFO [http-nio-8080-exec-3] org.apache.catalina.startup.HostConfig.deployDescriptor Deployment of deployment descriptor [C:\Downloads\apache-tomcat-10.1.9\apache-tomcat-10.1.9\conf\Catalina\localhost\WebApplicationFreshFood.xml] has finished in [419] ms
12-Jun-2023 22:43:33.528 INFO [http-nio-8080-exec-7] org.apache.catalina.util.LifecycleBase.start The start() method was called on component [StandardEngine[Catalina].StandardHost[localhost].StandardContext[/WebApplicationFreshFood]] after start() had already been called. The second call will be ignored.
12-Jun-2023 22:45:27.172 INFO [http-nio-8080-exec-13] org.apache.catalina.startup.HostConfig.undeploy Undeploying context [/WebApplicationFreshFood]
12-Jun-2023 22:45:27.180 INFO [http-nio-8080-exec-2] org.apache.catalina.startup.HostConfig.deployDescriptor Deploying deployment descriptor [C:\Downloads\apache-tomcat-10.1.9\apache-tomcat-10.1.9\conf\Catalina\localhost\WebApplicationFreshFood.xml]
12-Jun-2023 22:45:27.181 WARNING [http-nio-8080-exec-2] org.apache.catalina.startup.HostConfig.deployDescriptor The path attribute with value [/CellVendas] in deployment descriptor [C:\Downloads\apache-tomcat-10.1.9\apache-tomcat-10.1.9\conf\Catalina\localhost\WebApplicationFreshFood.xml] has been ignored
12-Jun-2023 22:45:27.609 INFO [http-nio-8080-exec-2] org.apache.jasper.servlet.TldScanner.scanJars At least one JAR was scanned for TLDs yet contained no TLDs. Enable debug logging for this logger for a complete list of JARs that were scanned but no TLDs were found in them. Skipping unneeded JARs during scanning can improve startup time and JSP compilation time.
12-Jun-2023 22:45:27.613 INFO [http-nio-8080-exec-2] org.apache.catalina.startup.HostConfig.deployDescriptor Deployment of deployment descriptor [C:\Downloads\apache-tomcat-10.1.9\apache-tomcat-10.1.9\conf\Catalina\localhost\WebApplicationFreshFood.xml] has finished in [432] ms
12-Jun-2023 22:45:43.458 INFO [http-nio-8080-exec-19] org.apache.catalina.startup.HostConfig.undeploy Undeploying context [/WebApplicationFreshFood]
12-Jun-2023 22:45:43.472 INFO [http-nio-8080-exec-18] org.apache.catalina.startup.HostConfig.deployDescriptor Deploying deployment descriptor [C:\Downloads\apache-tomcat-10.1.9\apache-tomcat-10.1.9\conf\Catalina\localhost\CellVendas.xml]
12-Jun-2023 22:45:43.474 WARNING [http-nio-8080-exec-18] org.apache.catalina.startup.HostConfig.deployDescriptor The path attribute with value [/CellVendas] in deployment descriptor [C:\Downloads\apache-tomcat-10.1.9\apache-tomcat-10.1.9\conf\Catalina\localhost\CellVendas.xml] has been ignored
12-Jun-2023 22:45:43.897 INFO [http-nio-8080-exec-18] org.apache.jasper.servlet.TldScanner.scanJars At least one JAR was scanned for TLDs yet contained no TLDs. Enable debug logging for this logger for a complete list of JARs that were scanned but no TLDs were found in them. Skipping unneeded JARs during scanning can improve startup time and JSP compilation time.
12-Jun-2023 22:45:43.899 INFO [http-nio-8080-exec-18] org.apache.catalina.startup.HostConfig.deployDescriptor Deployment of deployment descriptor [C:\Downloads\apache-tomcat-10.1.9\apache-tomcat-10.1.9\conf\Catalina\localhost\CellVendas.xml] has finished in [427] ms
12-Jun-2023 22:45:43.903 INFO [http-nio-8080-exec-21] org.apache.catalina.util.LifecycleBase.start The start() method was called on component [StandardEngine[Catalina].StandardHost[localhost].StandardContext[/CellVendas]] after start() had already been called. The second call will be ignored.
12-Jun-2023 23:24:29.002 INFO [main] org.apache.catalina.core.StandardServer.await A valid shutdown command was received via the shutdown port. Stopping the Server instance.
12-Jun-2023 23:24:29.003 INFO [main] org.apache.coyote.AbstractProtocol.pause Pausing ProtocolHandler ["http-nio-8080"]
12-Jun-2023 23:24:29.010 INFO [main] org.apache.catalina.core.StandardService.stopInternal Stopping service [Catalina]
12-Jun-2023 23:24:29.021 WARNING [main] org.apache.catalina.loader.WebappClassLoaderBase.clearReferencesJdbc The web application [CellVendas] registered the JDBC driver [com.mysql.cj.jdbc.Driver] but failed to unregister it when the web application was stopped. To prevent a memory leak, the JDBC Driver has been forcibly unregistered.
12-Jun-2023 23:24:29.021 WARNING [main] org.apache.catalina.loader.WebappClassLoaderBase.clearReferencesThreads The web application [CellVendas] appears to have started a thread named [mysql-cj-abandoned-connection-cleanup] but has failed to stop it. This is very likely to create a memory leak. Stack trace of thread:
 java.base/jdk.internal.misc.Unsafe.park(Native Method)
 java.base/java.util.concurrent.locks.LockSupport.parkNanos(LockSupport.java:269)
 java.base/java.util.concurrent.locks.AbstractQueuedSynchronizer$ConditionObject.await(AbstractQueuedSynchronizer.java:1847)
 java.base/java.lang.ref.ReferenceQueue.await(ReferenceQueue.java:71)
 java.base/java.lang.ref.ReferenceQueue.remove0(ReferenceQueue.java:143)
 java.base/java.lang.ref.ReferenceQueue.remove(ReferenceQueue.java:218)
 com.mysql.cj.jdbc.AbandonedConnectionCleanupThread.run(AbandonedConnectionCleanupThread.java:91)
 java.base/java.util.concurrent.ThreadPoolExecutor.runWorker(ThreadPoolExecutor.java:1144)
 java.base/java.util.concurrent.ThreadPoolExecutor$Worker.run(ThreadPoolExecutor.java:642)
 java.base/java.lang.Thread.run(Thread.java:1623)
12-Jun-2023 23:24:29.043 INFO [main] org.apache.coyote.AbstractProtocol.stop Stopping ProtocolHandler ["http-nio-8080"]
12-Jun-2023 23:24:29.061 INFO [main] org.apache.coyote.AbstractProtocol.destroy Destroying ProtocolHandler ["http-nio-8080"]
