08-Jun-2023 13:59:43.155 INFO [main] org.apache.catalina.startup.VersionLoggerListener.log Server version name:   Apache Tomcat/10.1.9
08-Jun-2023 13:59:43.160 INFO [main] org.apache.catalina.startup.VersionLoggerListener.log Server built:          May 9 2023 14:30:05 UTC
08-Jun-2023 13:59:43.161 INFO [main] org.apache.catalina.startup.VersionLoggerListener.log Server version number: 10.1.9.0
08-Jun-2023 13:59:43.161 INFO [main] org.apache.catalina.startup.VersionLoggerListener.log OS Name:               Windows 10
08-Jun-2023 13:59:43.161 INFO [main] org.apache.catalina.startup.VersionLoggerListener.log OS Version:            10.0
08-Jun-2023 13:59:43.161 INFO [main] org.apache.catalina.startup.VersionLoggerListener.log Architecture:          amd64
08-Jun-2023 13:59:43.161 INFO [main] org.apache.catalina.startup.VersionLoggerListener.log Java Home:             C:\Program Files\Java\jdk-20
08-Jun-2023 13:59:43.162 INFO [main] org.apache.catalina.startup.VersionLoggerListener.log JVM Version:           20.0.1+9-29
08-Jun-2023 13:59:43.162 INFO [main] org.apache.catalina.startup.VersionLoggerListener.log JVM Vendor:            Oracle Corporation
08-Jun-2023 13:59:43.162 INFO [main] org.apache.catalina.startup.VersionLoggerListener.log CATALINA_BASE:         C:\Downloads\apache-tomcat-10.1.9\apache-tomcat-10.1.9
08-Jun-2023 13:59:43.162 INFO [main] org.apache.catalina.startup.VersionLoggerListener.log CATALINA_HOME:         C:\Downloads\apache-tomcat-10.1.9\apache-tomcat-10.1.9
08-Jun-2023 13:59:43.178 INFO [main] org.apache.catalina.startup.VersionLoggerListener.log Command line argument: -Djava.util.logging.config.file=C:\Downloads\apache-tomcat-10.1.9\apache-tomcat-10.1.9\conf\logging.properties
08-Jun-2023 13:59:43.178 INFO [main] org.apache.catalina.startup.VersionLoggerListener.log Command line argument: -Djava.util.logging.manager=org.apache.juli.ClassLoaderLogManager
08-Jun-2023 13:59:43.178 INFO [main] org.apache.catalina.startup.VersionLoggerListener.log Command line argument: -Djdk.tls.ephemeralDHKeySize=2048
08-Jun-2023 13:59:43.179 INFO [main] org.apache.catalina.startup.VersionLoggerListener.log Command line argument: -Djava.protocol.handler.pkgs=org.apache.catalina.webresources
08-Jun-2023 13:59:43.179 INFO [main] org.apache.catalina.startup.VersionLoggerListener.log Command line argument: --add-opens=java.base/java.lang=ALL-UNNAMED
08-Jun-2023 13:59:43.179 INFO [main] org.apache.catalina.startup.VersionLoggerListener.log Command line argument: --add-opens=java.base/java.io=ALL-UNNAMED
08-Jun-2023 13:59:43.179 INFO [main] org.apache.catalina.startup.VersionLoggerListener.log Command line argument: --add-opens=java.base/java.util=ALL-UNNAMED
08-Jun-2023 13:59:43.179 INFO [main] org.apache.catalina.startup.VersionLoggerListener.log Command line argument: --add-opens=java.base/java.util.concurrent=ALL-UNNAMED
08-Jun-2023 13:59:43.179 INFO [main] org.apache.catalina.startup.VersionLoggerListener.log Command line argument: --add-opens=java.rmi/sun.rmi.transport=ALL-UNNAMED
08-Jun-2023 13:59:43.179 INFO [main] org.apache.catalina.startup.VersionLoggerListener.log Command line argument: -Dcatalina.base=C:\Downloads\apache-tomcat-10.1.9\apache-tomcat-10.1.9
08-Jun-2023 13:59:43.179 INFO [main] org.apache.catalina.startup.VersionLoggerListener.log Command line argument: -Dcatalina.home=C:\Downloads\apache-tomcat-10.1.9\apache-tomcat-10.1.9
08-Jun-2023 13:59:43.180 INFO [main] org.apache.catalina.startup.VersionLoggerListener.log Command line argument: -Djava.io.tmpdir=C:\Downloads\apache-tomcat-10.1.9\apache-tomcat-10.1.9\temp
08-Jun-2023 13:59:43.186 INFO [main] org.apache.catalina.core.AprLifecycleListener.lifecycleEvent The Apache Tomcat Native library which allows using OpenSSL was not found on the java.library.path: [C:\Program Files\Java\jdk-20\bin;C:\Windows\Sun\Java\bin;C:\Windows\system32;C:\Windows;C:\Program Files\Common Files\Oracle\Java\javapath;C:\Windows\system32;C:\Windows;C:\Windows\System32\Wbem;C:\Windows\System32\WindowsPowerShell\v1.0\;C:\Windows\System32\OpenSSH\;F:\Arquivos de Programas 2\Git\cmd;C:\Program Files\Git\cmd;C:\Users\GABRIEL\AppData\Local\Microsoft\WindowsApps;C:\Users\GABRIEL\AppData\Local\Programs\Microsoft VS Code\bin;.]
08-Jun-2023 13:59:44.166 INFO [main] org.apache.coyote.AbstractProtocol.init Initializing ProtocolHandler ["http-nio-8080"]
08-Jun-2023 13:59:44.201 INFO [main] org.apache.catalina.startup.Catalina.load Server initialization in [1257] milliseconds
08-Jun-2023 13:59:44.273 INFO [main] org.apache.catalina.core.StandardService.startInternal Starting service [Catalina]
08-Jun-2023 13:59:44.273 INFO [main] org.apache.catalina.core.StandardEngine.startInternal Starting Servlet engine: [Apache Tomcat/10.1.9]
08-Jun-2023 13:59:44.290 INFO [main] org.apache.catalina.startup.HostConfig.deployDirectory Diretório de instalação da aplicação web [C:\Downloads\apache-tomcat-10.1.9\apache-tomcat-10.1.9\webapps\docs]
08-Jun-2023 13:59:44.787 INFO [main] org.apache.catalina.startup.HostConfig.deployDirectory Deployment of web application directory [C:\Downloads\apache-tomcat-10.1.9\apache-tomcat-10.1.9\webapps\docs] has finished in [441] ms
08-Jun-2023 13:59:44.787 INFO [main] org.apache.catalina.startup.HostConfig.deployDirectory Diretório de instalação da aplicação web [C:\Downloads\apache-tomcat-10.1.9\apache-tomcat-10.1.9\webapps\examples]
08-Jun-2023 13:59:45.693 INFO [main] org.apache.catalina.startup.HostConfig.deployDirectory Deployment of web application directory [C:\Downloads\apache-tomcat-10.1.9\apache-tomcat-10.1.9\webapps\examples] has finished in [906] ms
08-Jun-2023 13:59:45.694 INFO [main] org.apache.catalina.startup.HostConfig.deployDirectory Diretório de instalação da aplicação web [C:\Downloads\apache-tomcat-10.1.9\apache-tomcat-10.1.9\webapps\host-manager]
08-Jun-2023 13:59:45.818 INFO [main] org.apache.catalina.startup.HostConfig.deployDirectory Deployment of web application directory [C:\Downloads\apache-tomcat-10.1.9\apache-tomcat-10.1.9\webapps\host-manager] has finished in [123] ms
08-Jun-2023 13:59:45.818 INFO [main] org.apache.catalina.startup.HostConfig.deployDirectory Diretório de instalação da aplicação web [C:\Downloads\apache-tomcat-10.1.9\apache-tomcat-10.1.9\webapps\manager]
08-Jun-2023 13:59:45.890 INFO [main] org.apache.catalina.startup.HostConfig.deployDirectory Deployment of web application directory [C:\Downloads\apache-tomcat-10.1.9\apache-tomcat-10.1.9\webapps\manager] has finished in [71] ms
08-Jun-2023 13:59:45.890 INFO [main] org.apache.catalina.startup.HostConfig.deployDirectory Diretório de instalação da aplicação web [C:\Downloads\apache-tomcat-10.1.9\apache-tomcat-10.1.9\webapps\ROOT]
08-Jun-2023 13:59:45.927 INFO [main] org.apache.catalina.startup.HostConfig.deployDirectory Deployment of web application directory [C:\Downloads\apache-tomcat-10.1.9\apache-tomcat-10.1.9\webapps\ROOT] has finished in [37] ms
08-Jun-2023 13:59:45.931 INFO [main] org.apache.coyote.AbstractProtocol.start Starting ProtocolHandler ["http-nio-8080"]
08-Jun-2023 13:59:46.007 INFO [main] org.apache.catalina.startup.Catalina.start Server startup in [1803] milliseconds
08-Jun-2023 14:26:35.902 INFO [main] org.apache.catalina.core.StandardServer.await A valid shutdown command was received via the shutdown port. Stopping the Server instance.
08-Jun-2023 14:26:35.903 INFO [main] org.apache.coyote.AbstractProtocol.pause Pausing ProtocolHandler ["http-nio-8080"]
08-Jun-2023 14:26:35.910 INFO [main] org.apache.catalina.core.StandardService.stopInternal Stopping service [Catalina]
08-Jun-2023 14:26:35.941 INFO [main] org.apache.coyote.AbstractProtocol.stop Stopping ProtocolHandler ["http-nio-8080"]
08-Jun-2023 14:26:35.957 INFO [main] org.apache.coyote.AbstractProtocol.destroy Destroying ProtocolHandler ["http-nio-8080"]
08-Jun-2023 14:40:44.132 INFO [main] org.apache.catalina.startup.VersionLoggerListener.log Server version name:   Apache Tomcat/10.1.9
08-Jun-2023 14:40:44.135 INFO [main] org.apache.catalina.startup.VersionLoggerListener.log Server built:          May 9 2023 14:30:05 UTC
08-Jun-2023 14:40:44.135 INFO [main] org.apache.catalina.startup.VersionLoggerListener.log Server version number: 10.1.9.0
08-Jun-2023 14:40:44.135 INFO [main] org.apache.catalina.startup.VersionLoggerListener.log OS Name:               Windows 10
08-Jun-2023 14:40:44.135 INFO [main] org.apache.catalina.startup.VersionLoggerListener.log OS Version:            10.0
08-Jun-2023 14:40:44.136 INFO [main] org.apache.catalina.startup.VersionLoggerListener.log Architecture:          amd64
08-Jun-2023 14:40:44.136 INFO [main] org.apache.catalina.startup.VersionLoggerListener.log Java Home:             C:\Program Files\Java\jdk-20
08-Jun-2023 14:40:44.136 INFO [main] org.apache.catalina.startup.VersionLoggerListener.log JVM Version:           20.0.1+9-29
08-Jun-2023 14:40:44.136 INFO [main] org.apache.catalina.startup.VersionLoggerListener.log JVM Vendor:            Oracle Corporation
08-Jun-2023 14:40:44.136 INFO [main] org.apache.catalina.startup.VersionLoggerListener.log CATALINA_BASE:         C:\Downloads\apache-tomcat-10.1.9\apache-tomcat-10.1.9
08-Jun-2023 14:40:44.136 INFO [main] org.apache.catalina.startup.VersionLoggerListener.log CATALINA_HOME:         C:\Downloads\apache-tomcat-10.1.9\apache-tomcat-10.1.9
08-Jun-2023 14:40:44.147 INFO [main] org.apache.catalina.startup.VersionLoggerListener.log Command line argument: -Djava.util.logging.config.file=C:\Downloads\apache-tomcat-10.1.9\apache-tomcat-10.1.9\conf\logging.properties
08-Jun-2023 14:40:44.147 INFO [main] org.apache.catalina.startup.VersionLoggerListener.log Command line argument: -Djava.util.logging.manager=org.apache.juli.ClassLoaderLogManager
08-Jun-2023 14:40:44.147 INFO [main] org.apache.catalina.startup.VersionLoggerListener.log Command line argument: -Djdk.tls.ephemeralDHKeySize=2048
08-Jun-2023 14:40:44.147 INFO [main] org.apache.catalina.startup.VersionLoggerListener.log Command line argument: -Djava.protocol.handler.pkgs=org.apache.catalina.webresources
08-Jun-2023 14:40:44.147 INFO [main] org.apache.catalina.startup.VersionLoggerListener.log Command line argument: --add-opens=java.base/java.lang=ALL-UNNAMED
08-Jun-2023 14:40:44.147 INFO [main] org.apache.catalina.startup.VersionLoggerListener.log Command line argument: --add-opens=java.base/java.io=ALL-UNNAMED
08-Jun-2023 14:40:44.147 INFO [main] org.apache.catalina.startup.VersionLoggerListener.log Command line argument: --add-opens=java.base/java.util=ALL-UNNAMED
08-Jun-2023 14:40:44.148 INFO [main] org.apache.catalina.startup.VersionLoggerListener.log Command line argument: --add-opens=java.base/java.util.concurrent=ALL-UNNAMED
08-Jun-2023 14:40:44.148 INFO [main] org.apache.catalina.startup.VersionLoggerListener.log Command line argument: --add-opens=java.rmi/sun.rmi.transport=ALL-UNNAMED
08-Jun-2023 14:40:44.148 INFO [main] org.apache.catalina.startup.VersionLoggerListener.log Command line argument: -Dcatalina.base=C:\Downloads\apache-tomcat-10.1.9\apache-tomcat-10.1.9
08-Jun-2023 14:40:44.148 INFO [main] org.apache.catalina.startup.VersionLoggerListener.log Command line argument: -Dcatalina.home=C:\Downloads\apache-tomcat-10.1.9\apache-tomcat-10.1.9
08-Jun-2023 14:40:44.148 INFO [main] org.apache.catalina.startup.VersionLoggerListener.log Command line argument: -Djava.io.tmpdir=C:\Downloads\apache-tomcat-10.1.9\apache-tomcat-10.1.9\temp
08-Jun-2023 14:40:44.154 INFO [main] org.apache.catalina.core.AprLifecycleListener.lifecycleEvent The Apache Tomcat Native library which allows using OpenSSL was not found on the java.library.path: [C:\Program Files\Java\jdk-20\bin;C:\Windows\Sun\Java\bin;C:\Windows\system32;C:\Windows;C:\Program Files\Java\jdk-17\bin;C:\Program Files\Common Files\Oracle\Java\javapath;C:\Windows\system32;C:\Windows;C:\Windows\System32\Wbem;C:\Windows\System32\WindowsPowerShell\v1.0\;C:\Windows\System32\OpenSSH\;F:\Arquivos de Programas 2\Git\cmd;C:\Program Files\Git\cmd;C:\Users\GABRIEL\AppData\Local\Microsoft\WindowsApps;;C:\Users\GABRIEL\AppData\Local\Programs\Microsoft VS Code\bin;.]
08-Jun-2023 14:40:44.468 INFO [main] org.apache.coyote.AbstractProtocol.init Initializing ProtocolHandler ["http-nio-8080"]
08-Jun-2023 14:40:44.495 INFO [main] org.apache.catalina.startup.Catalina.load Server initialization in [560] milliseconds
08-Jun-2023 14:40:44.551 INFO [main] org.apache.catalina.core.StandardService.startInternal Starting service [Catalina]
08-Jun-2023 14:40:44.551 INFO [main] org.apache.catalina.core.StandardEngine.startInternal Starting Servlet engine: [Apache Tomcat/10.1.9]
08-Jun-2023 14:40:44.560 INFO [main] org.apache.catalina.startup.HostConfig.deployDirectory Diretório de instalação da aplicação web [C:\Downloads\apache-tomcat-10.1.9\apache-tomcat-10.1.9\webapps\docs]
08-Jun-2023 14:40:44.896 INFO [main] org.apache.catalina.startup.HostConfig.deployDirectory Deployment of web application directory [C:\Downloads\apache-tomcat-10.1.9\apache-tomcat-10.1.9\webapps\docs] has finished in [333] ms
08-Jun-2023 14:40:44.896 INFO [main] org.apache.catalina.startup.HostConfig.deployDirectory Diretório de instalação da aplicação web [C:\Downloads\apache-tomcat-10.1.9\apache-tomcat-10.1.9\webapps\examples]
08-Jun-2023 14:40:45.350 INFO [main] org.apache.catalina.startup.HostConfig.deployDirectory Deployment of web application directory [C:\Downloads\apache-tomcat-10.1.9\apache-tomcat-10.1.9\webapps\examples] has finished in [454] ms
08-Jun-2023 14:40:45.350 INFO [main] org.apache.catalina.startup.HostConfig.deployDirectory Diretório de instalação da aplicação web [C:\Downloads\apache-tomcat-10.1.9\apache-tomcat-10.1.9\webapps\host-manager]
08-Jun-2023 14:40:45.394 INFO [main] org.apache.catalina.startup.HostConfig.deployDirectory Deployment of web application directory [C:\Downloads\apache-tomcat-10.1.9\apache-tomcat-10.1.9\webapps\host-manager] has finished in [44] ms
08-Jun-2023 14:40:45.395 INFO [main] org.apache.catalina.startup.HostConfig.deployDirectory Diretório de instalação da aplicação web [C:\Downloads\apache-tomcat-10.1.9\apache-tomcat-10.1.9\webapps\manager]
08-Jun-2023 14:40:45.437 INFO [main] org.apache.catalina.startup.HostConfig.deployDirectory Deployment of web application directory [C:\Downloads\apache-tomcat-10.1.9\apache-tomcat-10.1.9\webapps\manager] has finished in [42] ms
08-Jun-2023 14:40:45.438 INFO [main] org.apache.catalina.startup.HostConfig.deployDirectory Diretório de instalação da aplicação web [C:\Downloads\apache-tomcat-10.1.9\apache-tomcat-10.1.9\webapps\ROOT]
08-Jun-2023 14:40:45.463 INFO [main] org.apache.catalina.startup.HostConfig.deployDirectory Deployment of web application directory [C:\Downloads\apache-tomcat-10.1.9\apache-tomcat-10.1.9\webapps\ROOT] has finished in [25] ms
08-Jun-2023 14:40:45.467 INFO [main] org.apache.coyote.AbstractProtocol.start Starting ProtocolHandler ["http-nio-8080"]
08-Jun-2023 14:40:45.512 INFO [main] org.apache.catalina.startup.Catalina.start Server startup in [1016] milliseconds
08-Jun-2023 16:08:05.423 INFO [main] org.apache.catalina.core.StandardServer.await A valid shutdown command was received via the shutdown port. Stopping the Server instance.
08-Jun-2023 16:08:05.428 INFO [main] org.apache.coyote.AbstractProtocol.pause Pausing ProtocolHandler ["http-nio-8080"]
08-Jun-2023 16:08:05.446 INFO [main] org.apache.catalina.core.StandardService.stopInternal Stopping service [Catalina]
08-Jun-2023 16:08:05.506 INFO [main] org.apache.coyote.AbstractProtocol.stop Stopping ProtocolHandler ["http-nio-8080"]
08-Jun-2023 16:08:05.514 INFO [main] org.apache.coyote.AbstractProtocol.destroy Destroying ProtocolHandler ["http-nio-8080"]
08-Jun-2023 16:16:20.353 INFO [main] org.apache.catalina.startup.VersionLoggerListener.log Server version name:   Apache Tomcat/10.1.9
08-Jun-2023 16:16:20.358 INFO [main] org.apache.catalina.startup.VersionLoggerListener.log Server built:          May 9 2023 14:30:05 UTC
08-Jun-2023 16:16:20.358 INFO [main] org.apache.catalina.startup.VersionLoggerListener.log Server version number: 10.1.9.0
08-Jun-2023 16:16:20.358 INFO [main] org.apache.catalina.startup.VersionLoggerListener.log OS Name:               Windows 10
08-Jun-2023 16:16:20.359 INFO [main] org.apache.catalina.startup.VersionLoggerListener.log OS Version:            10.0
08-Jun-2023 16:16:20.359 INFO [main] org.apache.catalina.startup.VersionLoggerListener.log Architecture:          amd64
08-Jun-2023 16:16:20.359 INFO [main] org.apache.catalina.startup.VersionLoggerListener.log Java Home:             C:\Program Files\Java\jdk-20
08-Jun-2023 16:16:20.359 INFO [main] org.apache.catalina.startup.VersionLoggerListener.log JVM Version:           20.0.1+9-29
08-Jun-2023 16:16:20.359 INFO [main] org.apache.catalina.startup.VersionLoggerListener.log JVM Vendor:            Oracle Corporation
08-Jun-2023 16:16:20.359 INFO [main] org.apache.catalina.startup.VersionLoggerListener.log CATALINA_BASE:         C:\Downloads\apache-tomcat-10.1.9\apache-tomcat-10.1.9
08-Jun-2023 16:16:20.359 INFO [main] org.apache.catalina.startup.VersionLoggerListener.log CATALINA_HOME:         C:\Downloads\apache-tomcat-10.1.9\apache-tomcat-10.1.9
08-Jun-2023 16:16:20.373 INFO [main] org.apache.catalina.startup.VersionLoggerListener.log Command line argument: -Djava.util.logging.config.file=C:\Downloads\apache-tomcat-10.1.9\apache-tomcat-10.1.9\conf\logging.properties
08-Jun-2023 16:16:20.373 INFO [main] org.apache.catalina.startup.VersionLoggerListener.log Command line argument: -Djava.util.logging.manager=org.apache.juli.ClassLoaderLogManager
08-Jun-2023 16:16:20.373 INFO [main] org.apache.catalina.startup.VersionLoggerListener.log Command line argument: -Djdk.tls.ephemeralDHKeySize=2048
08-Jun-2023 16:16:20.374 INFO [main] org.apache.catalina.startup.VersionLoggerListener.log Command line argument: -Djava.protocol.handler.pkgs=org.apache.catalina.webresources
08-Jun-2023 16:16:20.374 INFO [main] org.apache.catalina.startup.VersionLoggerListener.log Command line argument: --add-opens=java.base/java.lang=ALL-UNNAMED
08-Jun-2023 16:16:20.374 INFO [main] org.apache.catalina.startup.VersionLoggerListener.log Command line argument: --add-opens=java.base/java.io=ALL-UNNAMED
08-Jun-2023 16:16:20.374 INFO [main] org.apache.catalina.startup.VersionLoggerListener.log Command line argument: --add-opens=java.base/java.util=ALL-UNNAMED
08-Jun-2023 16:16:20.374 INFO [main] org.apache.catalina.startup.VersionLoggerListener.log Command line argument: --add-opens=java.base/java.util.concurrent=ALL-UNNAMED
08-Jun-2023 16:16:20.374 INFO [main] org.apache.catalina.startup.VersionLoggerListener.log Command line argument: --add-opens=java.rmi/sun.rmi.transport=ALL-UNNAMED
08-Jun-2023 16:16:20.374 INFO [main] org.apache.catalina.startup.VersionLoggerListener.log Command line argument: -Dcatalina.base=C:\Downloads\apache-tomcat-10.1.9\apache-tomcat-10.1.9
08-Jun-2023 16:16:20.374 INFO [main] org.apache.catalina.startup.VersionLoggerListener.log Command line argument: -Dcatalina.home=C:\Downloads\apache-tomcat-10.1.9\apache-tomcat-10.1.9
08-Jun-2023 16:16:20.375 INFO [main] org.apache.catalina.startup.VersionLoggerListener.log Command line argument: -Djava.io.tmpdir=C:\Downloads\apache-tomcat-10.1.9\apache-tomcat-10.1.9\temp
08-Jun-2023 16:16:20.383 INFO [main] org.apache.catalina.core.AprLifecycleListener.lifecycleEvent The Apache Tomcat Native library which allows using OpenSSL was not found on the java.library.path: [C:\Program Files\Java\jdk-20\bin;C:\Windows\Sun\Java\bin;C:\Windows\system32;C:\Windows;C:\Program Files\Java\jdk-17\bin;C:\Program Files\Common Files\Oracle\Java\javapath;C:\Windows\system32;C:\Windows;C:\Windows\System32\Wbem;C:\Windows\System32\WindowsPowerShell\v1.0\;C:\Windows\System32\OpenSSH\;F:\Arquivos de Programas 2\Git\cmd;C:\Program Files\Git\cmd;C:\Users\GABRIEL\AppData\Local\Microsoft\WindowsApps;;C:\Users\GABRIEL\AppData\Local\Programs\Microsoft VS Code\bin;.]
08-Jun-2023 16:16:20.809 INFO [main] org.apache.coyote.AbstractProtocol.init Initializing ProtocolHandler ["http-nio-8080"]
08-Jun-2023 16:16:20.843 INFO [main] org.apache.catalina.startup.Catalina.load Server initialization in [732] milliseconds
08-Jun-2023 16:16:20.911 INFO [main] org.apache.catalina.core.StandardService.startInternal Starting service [Catalina]
08-Jun-2023 16:16:20.911 INFO [main] org.apache.catalina.core.StandardEngine.startInternal Starting Servlet engine: [Apache Tomcat/10.1.9]
08-Jun-2023 16:16:20.920 INFO [main] org.apache.catalina.startup.HostConfig.deployDirectory Diretório de instalação da aplicação web [C:\Downloads\apache-tomcat-10.1.9\apache-tomcat-10.1.9\webapps\docs]
08-Jun-2023 16:16:21.315 INFO [main] org.apache.jasper.servlet.TldScanner.scanJars At least one JAR was scanned for TLDs yet contained no TLDs. Enable debug logging for this logger for a complete list of JARs that were scanned but no TLDs were found in them. Skipping unneeded JARs during scanning can improve startup time and JSP compilation time.
08-Jun-2023 16:16:21.385 SEVERE [main] org.apache.catalina.core.StandardContext.startInternal One or more Filters failed to start. Full details will be found in the appropriate container log file
08-Jun-2023 16:16:21.385 SEVERE [main] org.apache.catalina.core.StandardContext.startInternal Context [/docs] startup failed due to previous errors
08-Jun-2023 16:16:21.403 INFO [main] org.apache.catalina.startup.HostConfig.deployDirectory Deployment of web application directory [C:\Downloads\apache-tomcat-10.1.9\apache-tomcat-10.1.9\webapps\docs] has finished in [478] ms
08-Jun-2023 16:16:21.403 INFO [main] org.apache.catalina.startup.HostConfig.deployDirectory Diretório de instalação da aplicação web [C:\Downloads\apache-tomcat-10.1.9\apache-tomcat-10.1.9\webapps\examples]
08-Jun-2023 16:16:21.793 INFO [main] org.apache.jasper.servlet.TldScanner.scanJars At least one JAR was scanned for TLDs yet contained no TLDs. Enable debug logging for this logger for a complete list of JARs that were scanned but no TLDs were found in them. Skipping unneeded JARs during scanning can improve startup time and JSP compilation time.
08-Jun-2023 16:16:21.852 SEVERE [main] org.apache.catalina.core.StandardContext.startInternal One or more Filters failed to start. Full details will be found in the appropriate container log file
08-Jun-2023 16:16:21.853 SEVERE [main] org.apache.catalina.core.StandardContext.startInternal Context [/examples] startup failed due to previous errors
08-Jun-2023 16:16:21.857 INFO [main] org.apache.catalina.startup.HostConfig.deployDirectory Deployment of web application directory [C:\Downloads\apache-tomcat-10.1.9\apache-tomcat-10.1.9\webapps\examples] has finished in [454] ms
08-Jun-2023 16:16:21.857 INFO [main] org.apache.catalina.startup.HostConfig.deployDirectory Diretório de instalação da aplicação web [C:\Downloads\apache-tomcat-10.1.9\apache-tomcat-10.1.9\webapps\host-manager]
08-Jun-2023 16:16:21.937 INFO [main] org.apache.jasper.servlet.TldScanner.scanJars At least one JAR was scanned for TLDs yet contained no TLDs. Enable debug logging for this logger for a complete list of JARs that were scanned but no TLDs were found in them. Skipping unneeded JARs during scanning can improve startup time and JSP compilation time.
08-Jun-2023 16:16:21.946 SEVERE [main] org.apache.catalina.core.StandardContext.startInternal One or more Filters failed to start. Full details will be found in the appropriate container log file
08-Jun-2023 16:16:21.946 SEVERE [main] org.apache.catalina.core.StandardContext.startInternal Context [/host-manager] startup failed due to previous errors
08-Jun-2023 16:16:21.950 INFO [main] org.apache.catalina.startup.HostConfig.deployDirectory Deployment of web application directory [C:\Downloads\apache-tomcat-10.1.9\apache-tomcat-10.1.9\webapps\host-manager] has finished in [93] ms
08-Jun-2023 16:16:21.950 INFO [main] org.apache.catalina.startup.HostConfig.deployDirectory Diretório de instalação da aplicação web [C:\Downloads\apache-tomcat-10.1.9\apache-tomcat-10.1.9\webapps\manager]
08-Jun-2023 16:16:22.035 INFO [main] org.apache.jasper.servlet.TldScanner.scanJars At least one JAR was scanned for TLDs yet contained no TLDs. Enable debug logging for this logger for a complete list of JARs that were scanned but no TLDs were found in them. Skipping unneeded JARs during scanning can improve startup time and JSP compilation time.
08-Jun-2023 16:16:22.039 SEVERE [main] org.apache.catalina.core.StandardContext.startInternal One or more Filters failed to start. Full details will be found in the appropriate container log file
08-Jun-2023 16:16:22.040 SEVERE [main] org.apache.catalina.core.StandardContext.startInternal Context [/manager] startup failed due to previous errors
08-Jun-2023 16:16:22.043 INFO [main] org.apache.catalina.startup.HostConfig.deployDirectory Deployment of web application directory [C:\Downloads\apache-tomcat-10.1.9\apache-tomcat-10.1.9\webapps\manager] has finished in [93] ms
08-Jun-2023 16:16:22.043 INFO [main] org.apache.catalina.startup.HostConfig.deployDirectory Diretório de instalação da aplicação web [C:\Downloads\apache-tomcat-10.1.9\apache-tomcat-10.1.9\webapps\ROOT]
08-Jun-2023 16:16:22.108 INFO [main] org.apache.jasper.servlet.TldScanner.scanJars At least one JAR was scanned for TLDs yet contained no TLDs. Enable debug logging for this logger for a complete list of JARs that were scanned but no TLDs were found in them. Skipping unneeded JARs during scanning can improve startup time and JSP compilation time.
08-Jun-2023 16:16:22.111 SEVERE [main] org.apache.catalina.core.StandardContext.startInternal One or more Filters failed to start. Full details will be found in the appropriate container log file
08-Jun-2023 16:16:22.111 SEVERE [main] org.apache.catalina.core.StandardContext.startInternal Context [] startup failed due to previous errors
08-Jun-2023 16:16:22.114 INFO [main] org.apache.catalina.startup.HostConfig.deployDirectory Deployment of web application directory [C:\Downloads\apache-tomcat-10.1.9\apache-tomcat-10.1.9\webapps\ROOT] has finished in [71] ms
08-Jun-2023 16:16:22.118 INFO [main] org.apache.coyote.AbstractProtocol.start Starting ProtocolHandler ["http-nio-8080"]
08-Jun-2023 16:16:22.163 INFO [main] org.apache.catalina.startup.Catalina.start Server startup in [1318] milliseconds
08-Jun-2023 16:18:47.491 INFO [main] org.apache.catalina.core.StandardServer.await A valid shutdown command was received via the shutdown port. Stopping the Server instance.
08-Jun-2023 16:18:47.491 INFO [main] org.apache.coyote.AbstractProtocol.pause Pausing ProtocolHandler ["http-nio-8080"]
08-Jun-2023 16:18:47.498 INFO [main] org.apache.catalina.core.StandardService.stopInternal Stopping service [Catalina]
08-Jun-2023 16:18:47.499 INFO [main] org.apache.coyote.AbstractProtocol.stop Stopping ProtocolHandler ["http-nio-8080"]
08-Jun-2023 16:18:47.503 INFO [main] org.apache.coyote.AbstractProtocol.destroy Destroying ProtocolHandler ["http-nio-8080"]
08-Jun-2023 16:18:56.467 INFO [main] org.apache.catalina.startup.VersionLoggerListener.log Server version name:   Apache Tomcat/10.1.9
08-Jun-2023 16:18:56.473 INFO [main] org.apache.catalina.startup.VersionLoggerListener.log Server built:          May 9 2023 14:30:05 UTC
08-Jun-2023 16:18:56.473 INFO [main] org.apache.catalina.startup.VersionLoggerListener.log Server version number: 10.1.9.0
08-Jun-2023 16:18:56.473 INFO [main] org.apache.catalina.startup.VersionLoggerListener.log OS Name:               Windows 10
08-Jun-2023 16:18:56.473 INFO [main] org.apache.catalina.startup.VersionLoggerListener.log OS Version:            10.0
08-Jun-2023 16:18:56.473 INFO [main] org.apache.catalina.startup.VersionLoggerListener.log Architecture:          amd64
08-Jun-2023 16:18:56.474 INFO [main] org.apache.catalina.startup.VersionLoggerListener.log Java Home:             C:\Program Files\Java\jdk-20
08-Jun-2023 16:18:56.474 INFO [main] org.apache.catalina.startup.VersionLoggerListener.log JVM Version:           20.0.1+9-29
08-Jun-2023 16:18:56.474 INFO [main] org.apache.catalina.startup.VersionLoggerListener.log JVM Vendor:            Oracle Corporation
08-Jun-2023 16:18:56.474 INFO [main] org.apache.catalina.startup.VersionLoggerListener.log CATALINA_BASE:         C:\Downloads\apache-tomcat-10.1.9\apache-tomcat-10.1.9
08-Jun-2023 16:18:56.474 INFO [main] org.apache.catalina.startup.VersionLoggerListener.log CATALINA_HOME:         C:\Downloads\apache-tomcat-10.1.9\apache-tomcat-10.1.9
08-Jun-2023 16:18:56.486 INFO [main] org.apache.catalina.startup.VersionLoggerListener.log Command line argument: -Djava.util.logging.config.file=C:\Downloads\apache-tomcat-10.1.9\apache-tomcat-10.1.9\conf\logging.properties
08-Jun-2023 16:18:56.487 INFO [main] org.apache.catalina.startup.VersionLoggerListener.log Command line argument: -Djava.util.logging.manager=org.apache.juli.ClassLoaderLogManager
08-Jun-2023 16:18:56.487 INFO [main] org.apache.catalina.startup.VersionLoggerListener.log Command line argument: -Djdk.tls.ephemeralDHKeySize=2048
08-Jun-2023 16:18:56.487 INFO [main] org.apache.catalina.startup.VersionLoggerListener.log Command line argument: -Djava.protocol.handler.pkgs=org.apache.catalina.webresources
08-Jun-2023 16:18:56.487 INFO [main] org.apache.catalina.startup.VersionLoggerListener.log Command line argument: --add-opens=java.base/java.lang=ALL-UNNAMED
08-Jun-2023 16:18:56.487 INFO [main] org.apache.catalina.startup.VersionLoggerListener.log Command line argument: --add-opens=java.base/java.io=ALL-UNNAMED
08-Jun-2023 16:18:56.487 INFO [main] org.apache.catalina.startup.VersionLoggerListener.log Command line argument: --add-opens=java.base/java.util=ALL-UNNAMED
08-Jun-2023 16:18:56.487 INFO [main] org.apache.catalina.startup.VersionLoggerListener.log Command line argument: --add-opens=java.base/java.util.concurrent=ALL-UNNAMED
08-Jun-2023 16:18:56.487 INFO [main] org.apache.catalina.startup.VersionLoggerListener.log Command line argument: --add-opens=java.rmi/sun.rmi.transport=ALL-UNNAMED
08-Jun-2023 16:18:56.488 INFO [main] org.apache.catalina.startup.VersionLoggerListener.log Command line argument: -Dcatalina.base=C:\Downloads\apache-tomcat-10.1.9\apache-tomcat-10.1.9
08-Jun-2023 16:18:56.488 INFO [main] org.apache.catalina.startup.VersionLoggerListener.log Command line argument: -Dcatalina.home=C:\Downloads\apache-tomcat-10.1.9\apache-tomcat-10.1.9
08-Jun-2023 16:18:56.488 INFO [main] org.apache.catalina.startup.VersionLoggerListener.log Command line argument: -Djava.io.tmpdir=C:\Downloads\apache-tomcat-10.1.9\apache-tomcat-10.1.9\temp
08-Jun-2023 16:18:56.495 INFO [main] org.apache.catalina.core.AprLifecycleListener.lifecycleEvent The Apache Tomcat Native library which allows using OpenSSL was not found on the java.library.path: [C:\Program Files\Java\jdk-20\bin;C:\Windows\Sun\Java\bin;C:\Windows\system32;C:\Windows;C:\Program Files\Java\jdk-17\bin;C:\Program Files\Common Files\Oracle\Java\javapath;C:\Windows\system32;C:\Windows;C:\Windows\System32\Wbem;C:\Windows\System32\WindowsPowerShell\v1.0\;C:\Windows\System32\OpenSSH\;F:\Arquivos de Programas 2\Git\cmd;C:\Program Files\Git\cmd;C:\Users\GABRIEL\AppData\Local\Microsoft\WindowsApps;;C:\Users\GABRIEL\AppData\Local\Programs\Microsoft VS Code\bin;.]
08-Jun-2023 16:18:56.846 INFO [main] org.apache.coyote.AbstractProtocol.init Initializing ProtocolHandler ["http-nio-8080"]
08-Jun-2023 16:18:56.891 INFO [main] org.apache.catalina.startup.Catalina.load Server initialization in [674] milliseconds
08-Jun-2023 16:18:56.963 INFO [main] org.apache.catalina.core.StandardService.startInternal Starting service [Catalina]
08-Jun-2023 16:18:56.963 INFO [main] org.apache.catalina.core.StandardEngine.startInternal Starting Servlet engine: [Apache Tomcat/10.1.9]
08-Jun-2023 16:18:56.972 INFO [main] org.apache.catalina.startup.HostConfig.deployDirectory Diretório de instalação da aplicação web [C:\Downloads\apache-tomcat-10.1.9\apache-tomcat-10.1.9\webapps\docs]
08-Jun-2023 16:18:57.315 INFO [main] org.apache.jasper.servlet.TldScanner.scanJars At least one JAR was scanned for TLDs yet contained no TLDs. Enable debug logging for this logger for a complete list of JARs that were scanned but no TLDs were found in them. Skipping unneeded JARs during scanning can improve startup time and JSP compilation time.
08-Jun-2023 16:18:57.382 SEVERE [main] org.apache.catalina.core.StandardContext.startInternal One or more Filters failed to start. Full details will be found in the appropriate container log file
08-Jun-2023 16:18:57.382 SEVERE [main] org.apache.catalina.core.StandardContext.startInternal Context [/docs] startup failed due to previous errors
08-Jun-2023 16:18:57.398 INFO [main] org.apache.catalina.startup.HostConfig.deployDirectory Deployment of web application directory [C:\Downloads\apache-tomcat-10.1.9\apache-tomcat-10.1.9\webapps\docs] has finished in [423] ms
08-Jun-2023 16:18:57.399 INFO [main] org.apache.catalina.startup.HostConfig.deployDirectory Diretório de instalação da aplicação web [C:\Downloads\apache-tomcat-10.1.9\apache-tomcat-10.1.9\webapps\examples]
08-Jun-2023 16:18:57.767 INFO [main] org.apache.jasper.servlet.TldScanner.scanJars At least one JAR was scanned for TLDs yet contained no TLDs. Enable debug logging for this logger for a complete list of JARs that were scanned but no TLDs were found in them. Skipping unneeded JARs during scanning can improve startup time and JSP compilation time.
08-Jun-2023 16:18:57.839 SEVERE [main] org.apache.catalina.core.StandardContext.startInternal One or more Filters failed to start. Full details will be found in the appropriate container log file
08-Jun-2023 16:18:57.840 SEVERE [main] org.apache.catalina.core.StandardContext.startInternal Context [/examples] startup failed due to previous errors
08-Jun-2023 16:18:57.844 INFO [main] org.apache.catalina.startup.HostConfig.deployDirectory Deployment of web application directory [C:\Downloads\apache-tomcat-10.1.9\apache-tomcat-10.1.9\webapps\examples] has finished in [445] ms
08-Jun-2023 16:18:57.844 INFO [main] org.apache.catalina.startup.HostConfig.deployDirectory Diretório de instalação da aplicação web [C:\Downloads\apache-tomcat-10.1.9\apache-tomcat-10.1.9\webapps\host-manager]
08-Jun-2023 16:18:57.912 INFO [main] org.apache.jasper.servlet.TldScanner.scanJars At least one JAR was scanned for TLDs yet contained no TLDs. Enable debug logging for this logger for a complete list of JARs that were scanned but no TLDs were found in them. Skipping unneeded JARs during scanning can improve startup time and JSP compilation time.
08-Jun-2023 16:18:57.919 SEVERE [main] org.apache.catalina.core.StandardContext.startInternal One or more Filters failed to start. Full details will be found in the appropriate container log file
08-Jun-2023 16:18:57.919 SEVERE [main] org.apache.catalina.core.StandardContext.startInternal Context [/host-manager] startup failed due to previous errors
08-Jun-2023 16:18:57.923 INFO [main] org.apache.catalina.startup.HostConfig.deployDirectory Deployment of web application directory [C:\Downloads\apache-tomcat-10.1.9\apache-tomcat-10.1.9\webapps\host-manager] has finished in [79] ms
08-Jun-2023 16:18:57.924 INFO [main] org.apache.catalina.startup.HostConfig.deployDirectory Diretório de instalação da aplicação web [C:\Downloads\apache-tomcat-10.1.9\apache-tomcat-10.1.9\webapps\manager]
08-Jun-2023 16:18:58.000 INFO [main] org.apache.jasper.servlet.TldScanner.scanJars At least one JAR was scanned for TLDs yet contained no TLDs. Enable debug logging for this logger for a complete list of JARs that were scanned but no TLDs were found in them. Skipping unneeded JARs during scanning can improve startup time and JSP compilation time.
08-Jun-2023 16:18:58.003 SEVERE [main] org.apache.catalina.core.StandardContext.startInternal One or more Filters failed to start. Full details will be found in the appropriate container log file
08-Jun-2023 16:18:58.003 SEVERE [main] org.apache.catalina.core.StandardContext.startInternal Context [/manager] startup failed due to previous errors
08-Jun-2023 16:18:58.006 INFO [main] org.apache.catalina.startup.HostConfig.deployDirectory Deployment of web application directory [C:\Downloads\apache-tomcat-10.1.9\apache-tomcat-10.1.9\webapps\manager] has finished in [83] ms
08-Jun-2023 16:18:58.006 INFO [main] org.apache.catalina.startup.HostConfig.deployDirectory Diretório de instalação da aplicação web [C:\Downloads\apache-tomcat-10.1.9\apache-tomcat-10.1.9\webapps\ROOT]
08-Jun-2023 16:18:58.066 INFO [main] org.apache.jasper.servlet.TldScanner.scanJars At least one JAR was scanned for TLDs yet contained no TLDs. Enable debug logging for this logger for a complete list of JARs that were scanned but no TLDs were found in them. Skipping unneeded JARs during scanning can improve startup time and JSP compilation time.
08-Jun-2023 16:18:58.068 SEVERE [main] org.apache.catalina.core.StandardContext.startInternal One or more Filters failed to start. Full details will be found in the appropriate container log file
08-Jun-2023 16:18:58.069 SEVERE [main] org.apache.catalina.core.StandardContext.startInternal Context [] startup failed due to previous errors
08-Jun-2023 16:18:58.073 INFO [main] org.apache.catalina.startup.HostConfig.deployDirectory Deployment of web application directory [C:\Downloads\apache-tomcat-10.1.9\apache-tomcat-10.1.9\webapps\ROOT] has finished in [67] ms
08-Jun-2023 16:18:58.077 INFO [main] org.apache.coyote.AbstractProtocol.start Starting ProtocolHandler ["http-nio-8080"]
08-Jun-2023 16:18:58.125 INFO [main] org.apache.catalina.startup.Catalina.start Server startup in [1232] milliseconds
08-Jun-2023 16:21:47.251 INFO [main] org.apache.catalina.core.StandardServer.await A valid shutdown command was received via the shutdown port. Stopping the Server instance.
08-Jun-2023 16:21:47.251 INFO [main] org.apache.coyote.AbstractProtocol.pause Pausing ProtocolHandler ["http-nio-8080"]
08-Jun-2023 16:21:47.257 INFO [main] org.apache.catalina.core.StandardService.stopInternal Stopping service [Catalina]
08-Jun-2023 16:21:47.258 INFO [main] org.apache.coyote.AbstractProtocol.stop Stopping ProtocolHandler ["http-nio-8080"]
08-Jun-2023 16:21:47.262 INFO [main] org.apache.coyote.AbstractProtocol.destroy Destroying ProtocolHandler ["http-nio-8080"]
08-Jun-2023 16:22:01.151 INFO [main] org.apache.catalina.startup.VersionLoggerListener.log Server version name:   Apache Tomcat/10.1.9
08-Jun-2023 16:22:01.154 INFO [main] org.apache.catalina.startup.VersionLoggerListener.log Server built:          May 9 2023 14:30:05 UTC
08-Jun-2023 16:22:01.154 INFO [main] org.apache.catalina.startup.VersionLoggerListener.log Server version number: 10.1.9.0
08-Jun-2023 16:22:01.154 INFO [main] org.apache.catalina.startup.VersionLoggerListener.log OS Name:               Windows 10
08-Jun-2023 16:22:01.154 INFO [main] org.apache.catalina.startup.VersionLoggerListener.log OS Version:            10.0
08-Jun-2023 16:22:01.155 INFO [main] org.apache.catalina.startup.VersionLoggerListener.log Architecture:          amd64
08-Jun-2023 16:22:01.155 INFO [main] org.apache.catalina.startup.VersionLoggerListener.log Java Home:             C:\Program Files\Java\jdk-20
08-Jun-2023 16:22:01.155 INFO [main] org.apache.catalina.startup.VersionLoggerListener.log JVM Version:           20.0.1+9-29
08-Jun-2023 16:22:01.155 INFO [main] org.apache.catalina.startup.VersionLoggerListener.log JVM Vendor:            Oracle Corporation
08-Jun-2023 16:22:01.155 INFO [main] org.apache.catalina.startup.VersionLoggerListener.log CATALINA_BASE:         C:\Downloads\apache-tomcat-10.1.9\apache-tomcat-10.1.9
08-Jun-2023 16:22:01.155 INFO [main] org.apache.catalina.startup.VersionLoggerListener.log CATALINA_HOME:         C:\Downloads\apache-tomcat-10.1.9\apache-tomcat-10.1.9
08-Jun-2023 16:22:01.165 INFO [main] org.apache.catalina.startup.VersionLoggerListener.log Command line argument: -Djava.util.logging.config.file=C:\Downloads\apache-tomcat-10.1.9\apache-tomcat-10.1.9\conf\logging.properties
08-Jun-2023 16:22:01.165 INFO [main] org.apache.catalina.startup.VersionLoggerListener.log Command line argument: -Djava.util.logging.manager=org.apache.juli.ClassLoaderLogManager
08-Jun-2023 16:22:01.166 INFO [main] org.apache.catalina.startup.VersionLoggerListener.log Command line argument: -Djdk.tls.ephemeralDHKeySize=2048
08-Jun-2023 16:22:01.166 INFO [main] org.apache.catalina.startup.VersionLoggerListener.log Command line argument: -Djava.protocol.handler.pkgs=org.apache.catalina.webresources
08-Jun-2023 16:22:01.166 INFO [main] org.apache.catalina.startup.VersionLoggerListener.log Command line argument: --add-opens=java.base/java.lang=ALL-UNNAMED
08-Jun-2023 16:22:01.166 INFO [main] org.apache.catalina.startup.VersionLoggerListener.log Command line argument: --add-opens=java.base/java.io=ALL-UNNAMED
08-Jun-2023 16:22:01.166 INFO [main] org.apache.catalina.startup.VersionLoggerListener.log Command line argument: --add-opens=java.base/java.util=ALL-UNNAMED
08-Jun-2023 16:22:01.166 INFO [main] org.apache.catalina.startup.VersionLoggerListener.log Command line argument: --add-opens=java.base/java.util.concurrent=ALL-UNNAMED
08-Jun-2023 16:22:01.167 INFO [main] org.apache.catalina.startup.VersionLoggerListener.log Command line argument: --add-opens=java.rmi/sun.rmi.transport=ALL-UNNAMED
08-Jun-2023 16:22:01.167 INFO [main] org.apache.catalina.startup.VersionLoggerListener.log Command line argument: -Dcatalina.base=C:\Downloads\apache-tomcat-10.1.9\apache-tomcat-10.1.9
08-Jun-2023 16:22:01.167 INFO [main] org.apache.catalina.startup.VersionLoggerListener.log Command line argument: -Dcatalina.home=C:\Downloads\apache-tomcat-10.1.9\apache-tomcat-10.1.9
08-Jun-2023 16:22:01.167 INFO [main] org.apache.catalina.startup.VersionLoggerListener.log Command line argument: -Djava.io.tmpdir=C:\Downloads\apache-tomcat-10.1.9\apache-tomcat-10.1.9\temp
08-Jun-2023 16:22:01.174 INFO [main] org.apache.catalina.core.AprLifecycleListener.lifecycleEvent The Apache Tomcat Native library which allows using OpenSSL was not found on the java.library.path: [C:\Program Files\Java\jdk-20\bin;C:\Windows\Sun\Java\bin;C:\Windows\system32;C:\Windows;C:\Program Files\Java\jdk-17\bin;C:\Program Files\Common Files\Oracle\Java\javapath;C:\Windows\system32;C:\Windows;C:\Windows\System32\Wbem;C:\Windows\System32\WindowsPowerShell\v1.0\;C:\Windows\System32\OpenSSH\;F:\Arquivos de Programas 2\Git\cmd;C:\Program Files\Git\cmd;C:\Users\GABRIEL\AppData\Local\Microsoft\WindowsApps;;C:\Users\GABRIEL\AppData\Local\Programs\Microsoft VS Code\bin;.]
08-Jun-2023 16:22:01.468 INFO [main] org.apache.coyote.AbstractProtocol.init Initializing ProtocolHandler ["http-nio-8080"]
08-Jun-2023 16:22:01.497 INFO [main] org.apache.catalina.startup.Catalina.load Server initialization in [627] milliseconds
08-Jun-2023 16:22:01.552 INFO [main] org.apache.catalina.core.StandardService.startInternal Starting service [Catalina]
08-Jun-2023 16:22:01.552 INFO [main] org.apache.catalina.core.StandardEngine.startInternal Starting Servlet engine: [Apache Tomcat/10.1.9]
08-Jun-2023 16:22:01.562 INFO [main] org.apache.catalina.startup.HostConfig.deployDirectory Diretório de instalação da aplicação web [C:\Downloads\apache-tomcat-10.1.9\apache-tomcat-10.1.9\webapps\docs]
08-Jun-2023 16:22:01.946 INFO [main] org.apache.jasper.servlet.TldScanner.scanJars At least one JAR was scanned for TLDs yet contained no TLDs. Enable debug logging for this logger for a complete list of JARs that were scanned but no TLDs were found in them. Skipping unneeded JARs during scanning can improve startup time and JSP compilation time.
08-Jun-2023 16:22:02.039 INFO [main] org.apache.catalina.startup.HostConfig.deployDirectory Deployment of web application directory [C:\Downloads\apache-tomcat-10.1.9\apache-tomcat-10.1.9\webapps\docs] has finished in [474] ms
08-Jun-2023 16:22:02.039 INFO [main] org.apache.catalina.startup.HostConfig.deployDirectory Diretório de instalação da aplicação web [C:\Downloads\apache-tomcat-10.1.9\apache-tomcat-10.1.9\webapps\examples]
08-Jun-2023 16:22:02.390 INFO [main] org.apache.jasper.servlet.TldScanner.scanJars At least one JAR was scanned for TLDs yet contained no TLDs. Enable debug logging for this logger for a complete list of JARs that were scanned but no TLDs were found in them. Skipping unneeded JARs during scanning can improve startup time and JSP compilation time.
08-Jun-2023 16:22:02.476 INFO [main] org.apache.catalina.startup.HostConfig.deployDirectory Deployment of web application directory [C:\Downloads\apache-tomcat-10.1.9\apache-tomcat-10.1.9\webapps\examples] has finished in [437] ms
08-Jun-2023 16:22:02.477 INFO [main] org.apache.catalina.startup.HostConfig.deployDirectory Diretório de instalação da aplicação web [C:\Downloads\apache-tomcat-10.1.9\apache-tomcat-10.1.9\webapps\host-manager]
08-Jun-2023 16:22:02.559 INFO [main] org.apache.jasper.servlet.TldScanner.scanJars At least one JAR was scanned for TLDs yet contained no TLDs. Enable debug logging for this logger for a complete list of JARs that were scanned but no TLDs were found in them. Skipping unneeded JARs during scanning can improve startup time and JSP compilation time.
08-Jun-2023 16:22:02.565 INFO [main] org.apache.catalina.startup.HostConfig.deployDirectory Deployment of web application directory [C:\Downloads\apache-tomcat-10.1.9\apache-tomcat-10.1.9\webapps\host-manager] has finished in [87] ms
08-Jun-2023 16:22:02.565 INFO [main] org.apache.catalina.startup.HostConfig.deployDirectory Diretório de instalação da aplicação web [C:\Downloads\apache-tomcat-10.1.9\apache-tomcat-10.1.9\webapps\manager]
08-Jun-2023 16:22:02.642 INFO [main] org.apache.jasper.servlet.TldScanner.scanJars At least one JAR was scanned for TLDs yet contained no TLDs. Enable debug logging for this logger for a complete list of JARs that were scanned but no TLDs were found in them. Skipping unneeded JARs during scanning can improve startup time and JSP compilation time.
08-Jun-2023 16:22:02.645 INFO [main] org.apache.catalina.startup.HostConfig.deployDirectory Deployment of web application directory [C:\Downloads\apache-tomcat-10.1.9\apache-tomcat-10.1.9\webapps\manager] has finished in [80] ms
08-Jun-2023 16:22:02.645 INFO [main] org.apache.catalina.startup.HostConfig.deployDirectory Diretório de instalação da aplicação web [C:\Downloads\apache-tomcat-10.1.9\apache-tomcat-10.1.9\webapps\ROOT]
08-Jun-2023 16:22:02.705 INFO [main] org.apache.jasper.servlet.TldScanner.scanJars At least one JAR was scanned for TLDs yet contained no TLDs. Enable debug logging for this logger for a complete list of JARs that were scanned but no TLDs were found in them. Skipping unneeded JARs during scanning can improve startup time and JSP compilation time.
08-Jun-2023 16:22:02.707 INFO [main] org.apache.catalina.startup.HostConfig.deployDirectory Deployment of web application directory [C:\Downloads\apache-tomcat-10.1.9\apache-tomcat-10.1.9\webapps\ROOT] has finished in [62] ms
08-Jun-2023 16:22:02.710 INFO [main] org.apache.coyote.AbstractProtocol.start Starting ProtocolHandler ["http-nio-8080"]
08-Jun-2023 16:22:02.752 INFO [main] org.apache.catalina.startup.Catalina.start Server startup in [1253] milliseconds
08-Jun-2023 16:42:57.622 INFO [http-nio-8080-exec-9] org.apache.catalina.startup.HostConfig.deployDescriptor Deploying deployment descriptor [C:\Downloads\apache-tomcat-10.1.9\apache-tomcat-10.1.9\conf\Catalina\localhost\VendasCelular.xml]
08-Jun-2023 16:42:57.629 WARNING [http-nio-8080-exec-9] org.apache.catalina.startup.HostConfig.deployDescriptor The path attribute with value [/VendasCelular] in deployment descriptor [C:\Downloads\apache-tomcat-10.1.9\apache-tomcat-10.1.9\conf\Catalina\localhost\VendasCelular.xml] has been ignored
08-Jun-2023 16:42:57.747 INFO [http-nio-8080-exec-9] org.apache.jasper.servlet.TldScanner.scanJars At least one JAR was scanned for TLDs yet contained no TLDs. Enable debug logging for this logger for a complete list of JARs that were scanned but no TLDs were found in them. Skipping unneeded JARs during scanning can improve startup time and JSP compilation time.
08-Jun-2023 16:42:57.757 INFO [http-nio-8080-exec-9] org.apache.catalina.startup.HostConfig.deployDescriptor Deployment of deployment descriptor [C:\Downloads\apache-tomcat-10.1.9\apache-tomcat-10.1.9\conf\Catalina\localhost\VendasCelular.xml] has finished in [135] ms
08-Jun-2023 16:42:57.762 INFO [http-nio-8080-exec-1] org.apache.catalina.util.LifecycleBase.start The start() method was called on component [StandardEngine[Catalina].StandardHost[localhost].StandardContext[/VendasCelular]] after start() had already been called. The second call will be ignored.
08-Jun-2023 16:46:16.391 INFO [http-nio-8080-exec-5] org.apache.catalina.startup.HostConfig.undeploy Undeploying context [/VendasCelular]
08-Jun-2023 16:46:16.400 INFO [http-nio-8080-exec-1] org.apache.catalina.startup.HostConfig.deployDescriptor Deploying deployment descriptor [C:\Downloads\apache-tomcat-10.1.9\apache-tomcat-10.1.9\conf\Catalina\localhost\VendasCelular.xml]
08-Jun-2023 16:46:16.401 WARNING [http-nio-8080-exec-1] org.apache.catalina.startup.HostConfig.deployDescriptor The path attribute with value [/WebApplicationFreshFood] in deployment descriptor [C:\Downloads\apache-tomcat-10.1.9\apache-tomcat-10.1.9\conf\Catalina\localhost\VendasCelular.xml] has been ignored
08-Jun-2023 16:46:16.477 INFO [http-nio-8080-exec-1] org.apache.jasper.servlet.TldScanner.scanJars At least one JAR was scanned for TLDs yet contained no TLDs. Enable debug logging for this logger for a complete list of JARs that were scanned but no TLDs were found in them. Skipping unneeded JARs during scanning can improve startup time and JSP compilation time.
08-Jun-2023 16:46:16.481 INFO [http-nio-8080-exec-1] org.apache.catalina.startup.HostConfig.deployDescriptor Deployment of deployment descriptor [C:\Downloads\apache-tomcat-10.1.9\apache-tomcat-10.1.9\conf\Catalina\localhost\VendasCelular.xml] has finished in [80] ms
08-Jun-2023 16:47:06.172 INFO [http-nio-8080-exec-9] org.apache.catalina.core.StandardContext.reload Reloading Context with name [/VendasCelular] has started
08-Jun-2023 16:47:06.542 INFO [http-nio-8080-exec-9] org.apache.jasper.servlet.TldScanner.scanJars At least one JAR was scanned for TLDs yet contained no TLDs. Enable debug logging for this logger for a complete list of JARs that were scanned but no TLDs were found in them. Skipping unneeded JARs during scanning can improve startup time and JSP compilation time.
08-Jun-2023 16:47:06.544 INFO [http-nio-8080-exec-9] org.apache.catalina.core.StandardContext.reload Reloading Context with name [/VendasCelular] is completed
08-Jun-2023 16:47:21.187 INFO [http-nio-8080-exec-4] org.apache.catalina.startup.HostConfig.undeploy Undeploying context [/VendasCelular]
08-Jun-2023 16:47:21.194 INFO [http-nio-8080-exec-12] org.apache.catalina.startup.HostConfig.deployDescriptor Deploying deployment descriptor [C:\Downloads\apache-tomcat-10.1.9\apache-tomcat-10.1.9\conf\Catalina\localhost\VendasCelular.xml]
08-Jun-2023 16:47:21.195 WARNING [http-nio-8080-exec-12] org.apache.catalina.startup.HostConfig.deployDescriptor The path attribute with value [/WebApplicationFreshFood] in deployment descriptor [C:\Downloads\apache-tomcat-10.1.9\apache-tomcat-10.1.9\conf\Catalina\localhost\VendasCelular.xml] has been ignored
08-Jun-2023 16:47:21.518 INFO [http-nio-8080-exec-12] org.apache.jasper.servlet.TldScanner.scanJars At least one JAR was scanned for TLDs yet contained no TLDs. Enable debug logging for this logger for a complete list of JARs that were scanned but no TLDs were found in them. Skipping unneeded JARs during scanning can improve startup time and JSP compilation time.
08-Jun-2023 16:47:21.521 INFO [http-nio-8080-exec-12] org.apache.catalina.startup.HostConfig.deployDescriptor Deployment of deployment descriptor [C:\Downloads\apache-tomcat-10.1.9\apache-tomcat-10.1.9\conf\Catalina\localhost\VendasCelular.xml] has finished in [327] ms
08-Jun-2023 16:50:02.183 INFO [http-nio-8080-exec-16] org.apache.catalina.core.StandardContext.reload Reloading Context with name [/VendasCelular] has started
08-Jun-2023 16:50:02.550 INFO [http-nio-8080-exec-16] org.apache.jasper.servlet.TldScanner.scanJars At least one JAR was scanned for TLDs yet contained no TLDs. Enable debug logging for this logger for a complete list of JARs that were scanned but no TLDs were found in them. Skipping unneeded JARs during scanning can improve startup time and JSP compilation time.
08-Jun-2023 16:50:02.552 INFO [http-nio-8080-exec-16] org.apache.catalina.core.StandardContext.reload Reloading Context with name [/VendasCelular] is completed
08-Jun-2023 16:53:07.051 INFO [http-nio-8080-exec-14] org.apache.catalina.core.StandardContext.reload Reloading Context with name [/VendasCelular] has started
08-Jun-2023 16:53:07.376 INFO [http-nio-8080-exec-14] org.apache.jasper.servlet.TldScanner.scanJars At least one JAR was scanned for TLDs yet contained no TLDs. Enable debug logging for this logger for a complete list of JARs that were scanned but no TLDs were found in them. Skipping unneeded JARs during scanning can improve startup time and JSP compilation time.
08-Jun-2023 16:53:07.377 INFO [http-nio-8080-exec-14] org.apache.catalina.core.StandardContext.reload Reloading Context with name [/VendasCelular] is completed
08-Jun-2023 17:02:50.835 INFO [main] org.apache.catalina.core.StandardServer.await A valid shutdown command was received via the shutdown port. Stopping the Server instance.
08-Jun-2023 17:02:50.835 INFO [main] org.apache.coyote.AbstractProtocol.pause Pausing ProtocolHandler ["http-nio-8080"]
08-Jun-2023 17:02:50.841 INFO [main] org.apache.catalina.core.StandardService.stopInternal Stopping service [Catalina]
08-Jun-2023 17:02:50.856 WARNING [main] org.apache.catalina.loader.WebappClassLoaderBase.clearReferencesJdbc The web application [VendasCelular] registered the JDBC driver [com.mysql.cj.jdbc.Driver] but failed to unregister it when the web application was stopped. To prevent a memory leak, the JDBC Driver has been forcibly unregistered.
08-Jun-2023 17:02:50.857 WARNING [main] org.apache.catalina.loader.WebappClassLoaderBase.clearReferencesThreads The web application [VendasCelular] appears to have started a thread named [mysql-cj-abandoned-connection-cleanup] but has failed to stop it. This is very likely to create a memory leak. Stack trace of thread:
 java.base/jdk.internal.misc.Unsafe.park(Native Method)
 java.base/java.util.concurrent.locks.LockSupport.parkNanos(LockSupport.java:269)
 java.base/java.util.concurrent.locks.AbstractQueuedSynchronizer$ConditionObject.await(AbstractQueuedSynchronizer.java:1847)
 java.base/java.lang.ref.ReferenceQueue.await(ReferenceQueue.java:71)
 java.base/java.lang.ref.ReferenceQueue.remove0(ReferenceQueue.java:143)
 java.base/java.lang.ref.ReferenceQueue.remove(ReferenceQueue.java:218)
 com.mysql.cj.jdbc.AbandonedConnectionCleanupThread.run(AbandonedConnectionCleanupThread.java:91)
 java.base/java.util.concurrent.ThreadPoolExecutor.runWorker(ThreadPoolExecutor.java:1144)
 java.base/java.util.concurrent.ThreadPoolExecutor$Worker.run(ThreadPoolExecutor.java:642)
 java.base/java.lang.Thread.run(Thread.java:1623)
08-Jun-2023 17:02:50.862 INFO [main] org.apache.coyote.AbstractProtocol.stop Stopping ProtocolHandler ["http-nio-8080"]
08-Jun-2023 17:02:50.883 INFO [main] org.apache.coyote.AbstractProtocol.destroy Destroying ProtocolHandler ["http-nio-8080"]
08-Jun-2023 17:43:12.635 INFO [main] org.apache.catalina.startup.VersionLoggerListener.log Server version name:   Apache Tomcat/10.1.9
08-Jun-2023 17:43:12.641 INFO [main] org.apache.catalina.startup.VersionLoggerListener.log Server built:          May 9 2023 14:30:05 UTC
08-Jun-2023 17:43:12.642 INFO [main] org.apache.catalina.startup.VersionLoggerListener.log Server version number: 10.1.9.0
08-Jun-2023 17:43:12.642 INFO [main] org.apache.catalina.startup.VersionLoggerListener.log OS Name:               Windows 10
08-Jun-2023 17:43:12.642 INFO [main] org.apache.catalina.startup.VersionLoggerListener.log OS Version:            10.0
08-Jun-2023 17:43:12.642 INFO [main] org.apache.catalina.startup.VersionLoggerListener.log Architecture:          amd64
08-Jun-2023 17:43:12.642 INFO [main] org.apache.catalina.startup.VersionLoggerListener.log Java Home:             C:\Program Files\Java\jdk-20
08-Jun-2023 17:43:12.643 INFO [main] org.apache.catalina.startup.VersionLoggerListener.log JVM Version:           20.0.1+9-29
08-Jun-2023 17:43:12.643 INFO [main] org.apache.catalina.startup.VersionLoggerListener.log JVM Vendor:            Oracle Corporation
08-Jun-2023 17:43:12.643 INFO [main] org.apache.catalina.startup.VersionLoggerListener.log CATALINA_BASE:         C:\Downloads\apache-tomcat-10.1.9\apache-tomcat-10.1.9
08-Jun-2023 17:43:12.643 INFO [main] org.apache.catalina.startup.VersionLoggerListener.log CATALINA_HOME:         C:\Downloads\apache-tomcat-10.1.9\apache-tomcat-10.1.9
08-Jun-2023 17:43:12.660 INFO [main] org.apache.catalina.startup.VersionLoggerListener.log Command line argument: -Djava.util.logging.config.file=C:\Downloads\apache-tomcat-10.1.9\apache-tomcat-10.1.9\conf\logging.properties
08-Jun-2023 17:43:12.661 INFO [main] org.apache.catalina.startup.VersionLoggerListener.log Command line argument: -Djava.util.logging.manager=org.apache.juli.ClassLoaderLogManager
08-Jun-2023 17:43:12.661 INFO [main] org.apache.catalina.startup.VersionLoggerListener.log Command line argument: -Djdk.tls.ephemeralDHKeySize=2048
08-Jun-2023 17:43:12.661 INFO [main] org.apache.catalina.startup.VersionLoggerListener.log Command line argument: -Djava.protocol.handler.pkgs=org.apache.catalina.webresources
08-Jun-2023 17:43:12.661 INFO [main] org.apache.catalina.startup.VersionLoggerListener.log Command line argument: --add-opens=java.base/java.lang=ALL-UNNAMED
08-Jun-2023 17:43:12.662 INFO [main] org.apache.catalina.startup.VersionLoggerListener.log Command line argument: --add-opens=java.base/java.io=ALL-UNNAMED
08-Jun-2023 17:43:12.663 INFO [main] org.apache.catalina.startup.VersionLoggerListener.log Command line argument: --add-opens=java.base/java.util=ALL-UNNAMED
08-Jun-2023 17:43:12.664 INFO [main] org.apache.catalina.startup.VersionLoggerListener.log Command line argument: --add-opens=java.base/java.util.concurrent=ALL-UNNAMED
08-Jun-2023 17:43:12.664 INFO [main] org.apache.catalina.startup.VersionLoggerListener.log Command line argument: --add-opens=java.rmi/sun.rmi.transport=ALL-UNNAMED
08-Jun-2023 17:43:12.665 INFO [main] org.apache.catalina.startup.VersionLoggerListener.log Command line argument: -Dcatalina.base=C:\Downloads\apache-tomcat-10.1.9\apache-tomcat-10.1.9
08-Jun-2023 17:43:12.665 INFO [main] org.apache.catalina.startup.VersionLoggerListener.log Command line argument: -Dcatalina.home=C:\Downloads\apache-tomcat-10.1.9\apache-tomcat-10.1.9
08-Jun-2023 17:43:12.665 INFO [main] org.apache.catalina.startup.VersionLoggerListener.log Command line argument: -Djava.io.tmpdir=C:\Downloads\apache-tomcat-10.1.9\apache-tomcat-10.1.9\temp
08-Jun-2023 17:43:12.677 INFO [main] org.apache.catalina.core.AprLifecycleListener.lifecycleEvent The Apache Tomcat Native library which allows using OpenSSL was not found on the java.library.path: [C:\Program Files\Java\jdk-20\bin;C:\Windows\Sun\Java\bin;C:\Windows\system32;C:\Windows;C:\Program Files\Java\jdk-17\bin;C:\Program Files\Common Files\Oracle\Java\javapath;C:\Windows\system32;C:\Windows;C:\Windows\System32\Wbem;C:\Windows\System32\WindowsPowerShell\v1.0\;C:\Windows\System32\OpenSSH\;F:\Arquivos de Programas 2\Git\cmd;C:\Program Files\Git\cmd;C:\Users\GABRIEL\AppData\Local\Microsoft\WindowsApps;;C:\Users\GABRIEL\AppData\Local\Programs\Microsoft VS Code\bin;.]
08-Jun-2023 17:43:13.152 INFO [main] org.apache.coyote.AbstractProtocol.init Initializing ProtocolHandler ["http-nio-8080"]
08-Jun-2023 17:43:13.204 INFO [main] org.apache.catalina.startup.Catalina.load Server initialization in [822] milliseconds
08-Jun-2023 17:43:13.313 INFO [main] org.apache.catalina.core.StandardService.startInternal Starting service [Catalina]
08-Jun-2023 17:43:13.314 INFO [main] org.apache.catalina.core.StandardEngine.startInternal Starting Servlet engine: [Apache Tomcat/10.1.9]
08-Jun-2023 17:43:13.336 INFO [main] org.apache.catalina.startup.HostConfig.deployDescriptor Deploying deployment descriptor [C:\Downloads\apache-tomcat-10.1.9\apache-tomcat-10.1.9\conf\Catalina\localhost\VendasCelular.xml]
08-Jun-2023 17:43:13.373 WARNING [main] org.apache.catalina.startup.HostConfig.deployDescriptor The path attribute with value [/WebApplicationFreshFood] in deployment descriptor [C:\Downloads\apache-tomcat-10.1.9\apache-tomcat-10.1.9\conf\Catalina\localhost\VendasCelular.xml] has been ignored
08-Jun-2023 17:43:14.203 INFO [main] org.apache.jasper.servlet.TldScanner.scanJars At least one JAR was scanned for TLDs yet contained no TLDs. Enable debug logging for this logger for a complete list of JARs that were scanned but no TLDs were found in them. Skipping unneeded JARs during scanning can improve startup time and JSP compilation time.
08-Jun-2023 17:43:14.285 INFO [main] org.apache.catalina.startup.HostConfig.deployDescriptor Deployment of deployment descriptor [C:\Downloads\apache-tomcat-10.1.9\apache-tomcat-10.1.9\conf\Catalina\localhost\VendasCelular.xml] has finished in [947] ms
08-Jun-2023 17:43:14.286 INFO [main] org.apache.catalina.startup.HostConfig.deployDirectory Diretório de instalação da aplicação web [C:\Downloads\apache-tomcat-10.1.9\apache-tomcat-10.1.9\webapps\docs]
08-Jun-2023 17:43:14.359 INFO [main] org.apache.jasper.servlet.TldScanner.scanJars At least one JAR was scanned for TLDs yet contained no TLDs. Enable debug logging for this logger for a complete list of JARs that were scanned but no TLDs were found in them. Skipping unneeded JARs during scanning can improve startup time and JSP compilation time.
08-Jun-2023 17:43:14.363 INFO [main] org.apache.catalina.startup.HostConfig.deployDirectory Deployment of web application directory [C:\Downloads\apache-tomcat-10.1.9\apache-tomcat-10.1.9\webapps\docs] has finished in [76] ms
08-Jun-2023 17:43:14.363 INFO [main] org.apache.catalina.startup.HostConfig.deployDirectory Diretório de instalação da aplicação web [C:\Downloads\apache-tomcat-10.1.9\apache-tomcat-10.1.9\webapps\examples]
08-Jun-2023 17:43:15.011 INFO [main] org.apache.jasper.servlet.TldScanner.scanJars At least one JAR was scanned for TLDs yet contained no TLDs. Enable debug logging for this logger for a complete list of JARs that were scanned but no TLDs were found in them. Skipping unneeded JARs during scanning can improve startup time and JSP compilation time.
08-Jun-2023 17:43:15.117 INFO [main] org.apache.catalina.startup.HostConfig.deployDirectory Deployment of web application directory [C:\Downloads\apache-tomcat-10.1.9\apache-tomcat-10.1.9\webapps\examples] has finished in [754] ms
08-Jun-2023 17:43:15.118 INFO [main] org.apache.catalina.startup.HostConfig.deployDirectory Diretório de instalação da aplicação web [C:\Downloads\apache-tomcat-10.1.9\apache-tomcat-10.1.9\webapps\host-manager]
08-Jun-2023 17:43:15.205 INFO [main] org.apache.jasper.servlet.TldScanner.scanJars At least one JAR was scanned for TLDs yet contained no TLDs. Enable debug logging for this logger for a complete list of JARs that were scanned but no TLDs were found in them. Skipping unneeded JARs during scanning can improve startup time and JSP compilation time.
08-Jun-2023 17:43:15.213 INFO [main] org.apache.catalina.startup.HostConfig.deployDirectory Deployment of web application directory [C:\Downloads\apache-tomcat-10.1.9\apache-tomcat-10.1.9\webapps\host-manager] has finished in [94] ms
08-Jun-2023 17:43:15.213 INFO [main] org.apache.catalina.startup.HostConfig.deployDirectory Diretório de instalação da aplicação web [C:\Downloads\apache-tomcat-10.1.9\apache-tomcat-10.1.9\webapps\manager]
08-Jun-2023 17:43:15.298 INFO [main] org.apache.jasper.servlet.TldScanner.scanJars At least one JAR was scanned for TLDs yet contained no TLDs. Enable debug logging for this logger for a complete list of JARs that were scanned but no TLDs were found in them. Skipping unneeded JARs during scanning can improve startup time and JSP compilation time.
08-Jun-2023 17:43:15.302 INFO [main] org.apache.catalina.startup.HostConfig.deployDirectory Deployment of web application directory [C:\Downloads\apache-tomcat-10.1.9\apache-tomcat-10.1.9\webapps\manager] has finished in [88] ms
08-Jun-2023 17:43:15.302 INFO [main] org.apache.catalina.startup.HostConfig.deployDirectory Diretório de instalação da aplicação web [C:\Downloads\apache-tomcat-10.1.9\apache-tomcat-10.1.9\webapps\ROOT]
08-Jun-2023 17:43:15.390 INFO [main] org.apache.jasper.servlet.TldScanner.scanJars At least one JAR was scanned for TLDs yet contained no TLDs. Enable debug logging for this logger for a complete list of JARs that were scanned but no TLDs were found in them. Skipping unneeded JARs during scanning can improve startup time and JSP compilation time.
08-Jun-2023 17:43:15.394 INFO [main] org.apache.catalina.startup.HostConfig.deployDirectory Deployment of web application directory [C:\Downloads\apache-tomcat-10.1.9\apache-tomcat-10.1.9\webapps\ROOT] has finished in [92] ms
08-Jun-2023 17:43:15.400 INFO [main] org.apache.coyote.AbstractProtocol.start Starting ProtocolHandler ["http-nio-8080"]
08-Jun-2023 17:43:15.450 INFO [main] org.apache.catalina.startup.Catalina.start Server startup in [2243] milliseconds
08-Jun-2023 18:26:38.558 INFO [main] org.apache.catalina.core.StandardServer.await A valid shutdown command was received via the shutdown port. Stopping the Server instance.
08-Jun-2023 18:26:38.558 INFO [main] org.apache.coyote.AbstractProtocol.pause Pausing ProtocolHandler ["http-nio-8080"]
08-Jun-2023 18:26:38.564 INFO [main] org.apache.catalina.core.StandardService.stopInternal Stopping service [Catalina]
08-Jun-2023 18:26:38.595 WARNING [main] org.apache.catalina.loader.WebappClassLoaderBase.clearReferencesJdbc The web application [VendasCelular] registered the JDBC driver [com.mysql.cj.jdbc.Driver] but failed to unregister it when the web application was stopped. To prevent a memory leak, the JDBC Driver has been forcibly unregistered.
08-Jun-2023 18:26:38.596 WARNING [main] org.apache.catalina.loader.WebappClassLoaderBase.clearReferencesThreads The web application [VendasCelular] appears to have started a thread named [mysql-cj-abandoned-connection-cleanup] but has failed to stop it. This is very likely to create a memory leak. Stack trace of thread:
 java.base/jdk.internal.misc.Unsafe.park(Native Method)
 java.base/java.util.concurrent.locks.LockSupport.parkNanos(LockSupport.java:269)
 java.base/java.util.concurrent.locks.AbstractQueuedSynchronizer$ConditionObject.await(AbstractQueuedSynchronizer.java:1847)
 java.base/java.lang.ref.ReferenceQueue.await(ReferenceQueue.java:71)
 java.base/java.lang.ref.ReferenceQueue.remove0(ReferenceQueue.java:143)
 java.base/java.lang.ref.ReferenceQueue.remove(ReferenceQueue.java:218)
 com.mysql.cj.jdbc.AbandonedConnectionCleanupThread.run(AbandonedConnectionCleanupThread.java:91)
 java.base/java.util.concurrent.ThreadPoolExecutor.runWorker(ThreadPoolExecutor.java:1144)
 java.base/java.util.concurrent.ThreadPoolExecutor$Worker.run(ThreadPoolExecutor.java:642)
 java.base/java.lang.Thread.run(Thread.java:1623)
08-Jun-2023 18:26:38.602 INFO [mysql-cj-abandoned-connection-cleanup] org.apache.catalina.loader.WebappClassLoaderBase.checkStateForResourceLoading Illegal access: this web application instance has been stopped already. Could not load []. The following stack trace is thrown for debugging purposes as well as to attempt to terminate the thread which caused the illegal access.
	java.lang.IllegalStateException: Illegal access: this web application instance has been stopped already. Could not load []. The following stack trace is thrown for debugging purposes as well as to attempt to terminate the thread which caused the illegal access.
		at org.apache.catalina.loader.WebappClassLoaderBase.checkStateForResourceLoading(WebappClassLoaderBase.java:1457)
		at org.apache.catalina.loader.WebappClassLoaderBase.getResource(WebappClassLoaderBase.java:1047)
		at com.mysql.cj.jdbc.AbandonedConnectionCleanupThread.checkThreadContextClassLoader(AbandonedConnectionCleanupThread.java:123)
		at com.mysql.cj.jdbc.AbandonedConnectionCleanupThread.run(AbandonedConnectionCleanupThread.java:90)
		at java.base/java.util.concurrent.ThreadPoolExecutor.runWorker(ThreadPoolExecutor.java:1144)
		at java.base/java.util.concurrent.ThreadPoolExecutor$Worker.run(ThreadPoolExecutor.java:642)
		at java.base/java.lang.Thread.run(Thread.java:1623)
08-Jun-2023 18:26:38.602 INFO [mysql-cj-abandoned-connection-cleanup] org.apache.catalina.loader.WebappClassLoaderBase.checkStateForResourceLoading Illegal access: this web application instance has been stopped already. Could not load []. The following stack trace is thrown for debugging purposes as well as to attempt to terminate the thread which caused the illegal access.
	java.lang.IllegalStateException: Illegal access: this web application instance has been stopped already. Could not load []. The following stack trace is thrown for debugging purposes as well as to attempt to terminate the thread which caused the illegal access.
		at org.apache.catalina.loader.WebappClassLoaderBase.checkStateForResourceLoading(WebappClassLoaderBase.java:1457)
		at org.apache.catalina.loader.WebappClassLoaderBase.getResource(WebappClassLoaderBase.java:1047)
		at com.mysql.cj.jdbc.AbandonedConnectionCleanupThread.checkThreadContextClassLoader(AbandonedConnectionCleanupThread.java:123)
		at com.mysql.cj.jdbc.AbandonedConnectionCleanupThread.run(AbandonedConnectionCleanupThread.java:90)
		at java.base/java.util.concurrent.ThreadPoolExecutor.runWorker(ThreadPoolExecutor.java:1144)
		at java.base/java.util.concurrent.ThreadPoolExecutor$Worker.run(ThreadPoolExecutor.java:642)
		at java.base/java.lang.Thread.run(Thread.java:1623)
08-Jun-2023 18:26:38.606 INFO [main] org.apache.coyote.AbstractProtocol.stop Stopping ProtocolHandler ["http-nio-8080"]
08-Jun-2023 18:26:38.681 INFO [mysql-cj-abandoned-connection-cleanup] org.apache.catalina.loader.WebappClassLoaderBase.checkStateForResourceLoading Illegal access: this web application instance has been stopped already. Could not load []. The following stack trace is thrown for debugging purposes as well as to attempt to terminate the thread which caused the illegal access.
	java.lang.IllegalStateException: Illegal access: this web application instance has been stopped already. Could not load []. The following stack trace is thrown for debugging purposes as well as to attempt to terminate the thread which caused the illegal access.
		at org.apache.catalina.loader.WebappClassLoaderBase.checkStateForResourceLoading(WebappClassLoaderBase.java:1457)
		at org.apache.catalina.loader.WebappClassLoaderBase.getResource(WebappClassLoaderBase.java:1047)
		at com.mysql.cj.jdbc.AbandonedConnectionCleanupThread.checkThreadContextClassLoader(AbandonedConnectionCleanupThread.java:123)
		at com.mysql.cj.jdbc.AbandonedConnectionCleanupThread.run(AbandonedConnectionCleanupThread.java:90)
		at java.base/java.util.concurrent.ThreadPoolExecutor.runWorker(ThreadPoolExecutor.java:1144)
		at java.base/java.util.concurrent.ThreadPoolExecutor$Worker.run(ThreadPoolExecutor.java:642)
		at java.base/java.lang.Thread.run(Thread.java:1623)
08-Jun-2023 18:26:38.681 INFO [mysql-cj-abandoned-connection-cleanup] org.apache.catalina.loader.WebappClassLoaderBase.checkStateForResourceLoading Illegal access: this web application instance has been stopped already. Could not load []. The following stack trace is thrown for debugging purposes as well as to attempt to terminate the thread which caused the illegal access.
	java.lang.IllegalStateException: Illegal access: this web application instance has been stopped already. Could not load []. The following stack trace is thrown for debugging purposes as well as to attempt to terminate the thread which caused the illegal access.
		at org.apache.catalina.loader.WebappClassLoaderBase.checkStateForResourceLoading(WebappClassLoaderBase.java:1457)
		at org.apache.catalina.loader.WebappClassLoaderBase.getResource(WebappClassLoaderBase.java:1047)
		at com.mysql.cj.jdbc.AbandonedConnectionCleanupThread.checkThreadContextClassLoader(AbandonedConnectionCleanupThread.java:123)
		at com.mysql.cj.jdbc.AbandonedConnectionCleanupThread.run(AbandonedConnectionCleanupThread.java:90)
		at java.base/java.util.concurrent.ThreadPoolExecutor.runWorker(ThreadPoolExecutor.java:1144)
		at java.base/java.util.concurrent.ThreadPoolExecutor$Worker.run(ThreadPoolExecutor.java:642)
		at java.base/java.lang.Thread.run(Thread.java:1623)
08-Jun-2023 18:26:38.691 INFO [main] org.apache.coyote.AbstractProtocol.destroy Destroying ProtocolHandler ["http-nio-8080"]
08-Jun-2023 22:10:31.252 INFO [main] org.apache.catalina.startup.VersionLoggerListener.log Server version name:   Apache Tomcat/10.1.9
08-Jun-2023 22:10:31.258 INFO [main] org.apache.catalina.startup.VersionLoggerListener.log Server built:          May 9 2023 14:30:05 UTC
08-Jun-2023 22:10:31.259 INFO [main] org.apache.catalina.startup.VersionLoggerListener.log Server version number: 10.1.9.0
08-Jun-2023 22:10:31.259 INFO [main] org.apache.catalina.startup.VersionLoggerListener.log OS Name:               Windows 10
08-Jun-2023 22:10:31.259 INFO [main] org.apache.catalina.startup.VersionLoggerListener.log OS Version:            10.0
08-Jun-2023 22:10:31.259 INFO [main] org.apache.catalina.startup.VersionLoggerListener.log Architecture:          amd64
08-Jun-2023 22:10:31.259 INFO [main] org.apache.catalina.startup.VersionLoggerListener.log Java Home:             C:\Program Files\Java\jdk-20
08-Jun-2023 22:10:31.259 INFO [main] org.apache.catalina.startup.VersionLoggerListener.log JVM Version:           20.0.1+9-29
08-Jun-2023 22:10:31.260 INFO [main] org.apache.catalina.startup.VersionLoggerListener.log JVM Vendor:            Oracle Corporation
08-Jun-2023 22:10:31.260 INFO [main] org.apache.catalina.startup.VersionLoggerListener.log CATALINA_BASE:         C:\Downloads\apache-tomcat-10.1.9\apache-tomcat-10.1.9
08-Jun-2023 22:10:31.260 INFO [main] org.apache.catalina.startup.VersionLoggerListener.log CATALINA_HOME:         C:\Downloads\apache-tomcat-10.1.9\apache-tomcat-10.1.9
08-Jun-2023 22:10:31.278 INFO [main] org.apache.catalina.startup.VersionLoggerListener.log Command line argument: -Djava.util.logging.config.file=C:\Downloads\apache-tomcat-10.1.9\apache-tomcat-10.1.9\conf\logging.properties
08-Jun-2023 22:10:31.278 INFO [main] org.apache.catalina.startup.VersionLoggerListener.log Command line argument: -Djava.util.logging.manager=org.apache.juli.ClassLoaderLogManager
08-Jun-2023 22:10:31.278 INFO [main] org.apache.catalina.startup.VersionLoggerListener.log Command line argument: -Djdk.tls.ephemeralDHKeySize=2048
08-Jun-2023 22:10:31.278 INFO [main] org.apache.catalina.startup.VersionLoggerListener.log Command line argument: -Djava.protocol.handler.pkgs=org.apache.catalina.webresources
08-Jun-2023 22:10:31.278 INFO [main] org.apache.catalina.startup.VersionLoggerListener.log Command line argument: --add-opens=java.base/java.lang=ALL-UNNAMED
08-Jun-2023 22:10:31.278 INFO [main] org.apache.catalina.startup.VersionLoggerListener.log Command line argument: --add-opens=java.base/java.io=ALL-UNNAMED
08-Jun-2023 22:10:31.279 INFO [main] org.apache.catalina.startup.VersionLoggerListener.log Command line argument: --add-opens=java.base/java.util=ALL-UNNAMED
08-Jun-2023 22:10:31.279 INFO [main] org.apache.catalina.startup.VersionLoggerListener.log Command line argument: --add-opens=java.base/java.util.concurrent=ALL-UNNAMED
08-Jun-2023 22:10:31.279 INFO [main] org.apache.catalina.startup.VersionLoggerListener.log Command line argument: --add-opens=java.rmi/sun.rmi.transport=ALL-UNNAMED
08-Jun-2023 22:10:31.280 INFO [main] org.apache.catalina.startup.VersionLoggerListener.log Command line argument: -Dcatalina.base=C:\Downloads\apache-tomcat-10.1.9\apache-tomcat-10.1.9
08-Jun-2023 22:10:31.280 INFO [main] org.apache.catalina.startup.VersionLoggerListener.log Command line argument: -Dcatalina.home=C:\Downloads\apache-tomcat-10.1.9\apache-tomcat-10.1.9
08-Jun-2023 22:10:31.283 INFO [main] org.apache.catalina.startup.VersionLoggerListener.log Command line argument: -Djava.io.tmpdir=C:\Downloads\apache-tomcat-10.1.9\apache-tomcat-10.1.9\temp
08-Jun-2023 22:10:31.295 INFO [main] org.apache.catalina.core.AprLifecycleListener.lifecycleEvent The Apache Tomcat Native library which allows using OpenSSL was not found on the java.library.path: [C:\Program Files\Java\jdk-20\bin;C:\Windows\Sun\Java\bin;C:\Windows\system32;C:\Windows;C:\Program Files\Java\jdk-20\bin;C:\Program Files\Common Files\Oracle\Java\javapath;C:\Windows\system32;C:\Windows;C:\Windows\System32\Wbem;C:\Windows\System32\WindowsPowerShell\v1.0\;C:\Windows\System32\OpenSSH\;F:\Arquivos de Programas 2\Git\cmd;C:\Program Files\Git\cmd;C:\Program Files\Java\jdk-17\bin;C:\Users\GABRIEL\AppData\Local\Microsoft\WindowsApps;;C:\Users\GABRIEL\AppData\Local\Programs\Microsoft VS Code\bin;.]
08-Jun-2023 22:10:31.688 INFO [main] org.apache.coyote.AbstractProtocol.init Initializing ProtocolHandler ["http-nio-8080"]
08-Jun-2023 22:10:31.723 INFO [main] org.apache.catalina.startup.Catalina.load Server initialization in [799] milliseconds
08-Jun-2023 22:10:31.795 INFO [main] org.apache.catalina.core.StandardService.startInternal Starting service [Catalina]
08-Jun-2023 22:10:31.795 INFO [main] org.apache.catalina.core.StandardEngine.startInternal Starting Servlet engine: [Apache Tomcat/10.1.9]
08-Jun-2023 22:10:31.815 INFO [main] org.apache.catalina.startup.HostConfig.deployDescriptor Deploying deployment descriptor [C:\Downloads\apache-tomcat-10.1.9\apache-tomcat-10.1.9\conf\Catalina\localhost\VendasCelular.xml]
08-Jun-2023 22:10:31.840 WARNING [main] org.apache.catalina.startup.HostConfig.deployDescriptor The path attribute with value [/WebApplicationFreshFood] in deployment descriptor [C:\Downloads\apache-tomcat-10.1.9\apache-tomcat-10.1.9\conf\Catalina\localhost\VendasCelular.xml] has been ignored
08-Jun-2023 22:10:32.592 INFO [main] org.apache.jasper.servlet.TldScanner.scanJars At least one JAR was scanned for TLDs yet contained no TLDs. Enable debug logging for this logger for a complete list of JARs that were scanned but no TLDs were found in them. Skipping unneeded JARs during scanning can improve startup time and JSP compilation time.
08-Jun-2023 22:10:32.684 INFO [main] org.apache.catalina.startup.HostConfig.deployDescriptor Deployment of deployment descriptor [C:\Downloads\apache-tomcat-10.1.9\apache-tomcat-10.1.9\conf\Catalina\localhost\VendasCelular.xml] has finished in [866] ms
08-Jun-2023 22:10:32.684 INFO [main] org.apache.catalina.startup.HostConfig.deployDirectory Diretório de instalação da aplicação web [C:\Downloads\apache-tomcat-10.1.9\apache-tomcat-10.1.9\webapps\docs]
08-Jun-2023 22:10:32.764 INFO [main] org.apache.jasper.servlet.TldScanner.scanJars At least one JAR was scanned for TLDs yet contained no TLDs. Enable debug logging for this logger for a complete list of JARs that were scanned but no TLDs were found in them. Skipping unneeded JARs during scanning can improve startup time and JSP compilation time.
08-Jun-2023 22:10:32.767 INFO [main] org.apache.catalina.startup.HostConfig.deployDirectory Deployment of web application directory [C:\Downloads\apache-tomcat-10.1.9\apache-tomcat-10.1.9\webapps\docs] has finished in [83] ms
08-Jun-2023 22:10:32.767 INFO [main] org.apache.catalina.startup.HostConfig.deployDirectory Diretório de instalação da aplicação web [C:\Downloads\apache-tomcat-10.1.9\apache-tomcat-10.1.9\webapps\examples]
08-Jun-2023 22:10:33.375 INFO [main] org.apache.jasper.servlet.TldScanner.scanJars At least one JAR was scanned for TLDs yet contained no TLDs. Enable debug logging for this logger for a complete list of JARs that were scanned but no TLDs were found in them. Skipping unneeded JARs during scanning can improve startup time and JSP compilation time.
08-Jun-2023 22:10:33.451 INFO [main] org.apache.catalina.startup.HostConfig.deployDirectory Deployment of web application directory [C:\Downloads\apache-tomcat-10.1.9\apache-tomcat-10.1.9\webapps\examples] has finished in [683] ms
08-Jun-2023 22:10:33.452 INFO [main] org.apache.catalina.startup.HostConfig.deployDirectory Diretório de instalação da aplicação web [C:\Downloads\apache-tomcat-10.1.9\apache-tomcat-10.1.9\webapps\host-manager]
08-Jun-2023 22:10:33.544 INFO [main] org.apache.jasper.servlet.TldScanner.scanJars At least one JAR was scanned for TLDs yet contained no TLDs. Enable debug logging for this logger for a complete list of JARs that were scanned but no TLDs were found in them. Skipping unneeded JARs during scanning can improve startup time and JSP compilation time.
08-Jun-2023 22:10:33.551 INFO [main] org.apache.catalina.startup.HostConfig.deployDirectory Deployment of web application directory [C:\Downloads\apache-tomcat-10.1.9\apache-tomcat-10.1.9\webapps\host-manager] has finished in [100] ms
08-Jun-2023 22:10:33.551 INFO [main] org.apache.catalina.startup.HostConfig.deployDirectory Diretório de instalação da aplicação web [C:\Downloads\apache-tomcat-10.1.9\apache-tomcat-10.1.9\webapps\manager]
08-Jun-2023 22:10:33.630 INFO [main] org.apache.jasper.servlet.TldScanner.scanJars At least one JAR was scanned for TLDs yet contained no TLDs. Enable debug logging for this logger for a complete list of JARs that were scanned but no TLDs were found in them. Skipping unneeded JARs during scanning can improve startup time and JSP compilation time.
08-Jun-2023 22:10:33.634 INFO [main] org.apache.catalina.startup.HostConfig.deployDirectory Deployment of web application directory [C:\Downloads\apache-tomcat-10.1.9\apache-tomcat-10.1.9\webapps\manager] has finished in [82] ms
08-Jun-2023 22:10:33.634 INFO [main] org.apache.catalina.startup.HostConfig.deployDirectory Diretório de instalação da aplicação web [C:\Downloads\apache-tomcat-10.1.9\apache-tomcat-10.1.9\webapps\ROOT]
08-Jun-2023 22:10:33.694 INFO [main] org.apache.jasper.servlet.TldScanner.scanJars At least one JAR was scanned for TLDs yet contained no TLDs. Enable debug logging for this logger for a complete list of JARs that were scanned but no TLDs were found in them. Skipping unneeded JARs during scanning can improve startup time and JSP compilation time.
08-Jun-2023 22:10:33.697 INFO [main] org.apache.catalina.startup.HostConfig.deployDirectory Deployment of web application directory [C:\Downloads\apache-tomcat-10.1.9\apache-tomcat-10.1.9\webapps\ROOT] has finished in [63] ms
08-Jun-2023 22:10:33.701 INFO [main] org.apache.coyote.AbstractProtocol.start Starting ProtocolHandler ["http-nio-8080"]
08-Jun-2023 22:10:33.747 INFO [main] org.apache.catalina.startup.Catalina.start Server startup in [2022] milliseconds
08-Jun-2023 22:11:01.307 INFO [http-nio-8080-exec-10] org.apache.catalina.startup.HostConfig.undeploy Undeploying context [/VendasCelular]
08-Jun-2023 22:11:01.331 INFO [http-nio-8080-exec-7] org.apache.catalina.startup.HostConfig.deployDescriptor Deploying deployment descriptor [C:\Downloads\apache-tomcat-10.1.9\apache-tomcat-10.1.9\conf\Catalina\localhost\WebApplicationFreshFood.xml]
08-Jun-2023 22:11:01.332 WARNING [http-nio-8080-exec-7] org.apache.catalina.startup.HostConfig.deployDescriptor The path attribute with value [/WebApplicationFreshFood] in deployment descriptor [C:\Downloads\apache-tomcat-10.1.9\apache-tomcat-10.1.9\conf\Catalina\localhost\WebApplicationFreshFood.xml] has been ignored
08-Jun-2023 22:11:01.679 INFO [http-nio-8080-exec-7] org.apache.jasper.servlet.TldScanner.scanJars At least one JAR was scanned for TLDs yet contained no TLDs. Enable debug logging for this logger for a complete list of JARs that were scanned but no TLDs were found in them. Skipping unneeded JARs during scanning can improve startup time and JSP compilation time.
08-Jun-2023 22:11:01.682 INFO [http-nio-8080-exec-7] org.apache.catalina.startup.HostConfig.deployDescriptor Deployment of deployment descriptor [C:\Downloads\apache-tomcat-10.1.9\apache-tomcat-10.1.9\conf\Catalina\localhost\WebApplicationFreshFood.xml] has finished in [350] ms
08-Jun-2023 22:11:01.685 INFO [http-nio-8080-exec-4] org.apache.catalina.util.LifecycleBase.start The start() method was called on component [StandardEngine[Catalina].StandardHost[localhost].StandardContext[/WebApplicationFreshFood]] after start() had already been called. The second call will be ignored.
