08-Jun-2023 16:16:21.941 SEVERE [main] org.apache.catalina.core.StandardContext.filterStart Exception starting filter [HTTPMonitorFilter]
	java.lang.NoClassDefFoundError: javax/servlet/Filter
		at java.base/java.lang.ClassLoader.defineClass1(Native Method)
		at java.base/java.lang.ClassLoader.defineClass(ClassLoader.java:1013)
		at java.base/java.security.SecureClassLoader.defineClass(SecureClassLoader.java:150)
		at java.base/java.net.URLClassLoader.defineClass(URLClassLoader.java:524)
		at java.base/java.net.URLClassLoader$1.run(URLClassLoader.java:427)
		at java.base/java.net.URLClassLoader$1.run(URLClassLoader.java:421)
		at java.base/java.security.AccessController.doPrivileged(AccessController.java:714)
		at java.base/java.net.URLClassLoader.findClass(URLClassLoader.java:420)
		at java.base/java.lang.ClassLoader.loadClass(ClassLoader.java:588)
		at java.base/java.lang.ClassLoader.loadClass(ClassLoader.java:521)
		at java.base/java.lang.Class.forName0(Native Method)
		at java.base/java.lang.Class.forName(Class.java:496)
		at java.base/java.lang.Class.forName(Class.java:475)
		at org.apache.catalina.loader.WebappClassLoaderBase.loadClass(WebappClassLoaderBase.java:1421)
		at org.apache.catalina.loader.WebappClassLoaderBase.loadClass(WebappClassLoaderBase.java:1245)
		at org.apache.catalina.core.DefaultInstanceManager.loadClass(DefaultInstanceManager.java:490)
		at org.apache.catalina.core.DefaultInstanceManager.loadClassMaybePrivileged(DefaultInstanceManager.java:472)
		at org.apache.catalina.core.DefaultInstanceManager.newInstance(DefaultInstanceManager.java:142)
		at org.apache.catalina.core.ApplicationFilterConfig.getFilter(ApplicationFilterConfig.java:243)
		at org.apache.catalina.core.ApplicationFilterConfig.<init>(ApplicationFilterConfig.java:98)
		at org.apache.catalina.core.StandardContext.filterStart(StandardContext.java:4305)
		at org.apache.catalina.core.StandardContext.startInternal(StandardContext.java:4918)
		at org.apache.catalina.util.LifecycleBase.start(LifecycleBase.java:183)
		at org.apache.catalina.core.ContainerBase.addChildInternal(ContainerBase.java:683)
		at org.apache.catalina.core.ContainerBase.addChild(ContainerBase.java:658)
		at org.apache.catalina.core.StandardHost.addChild(StandardHost.java:713)
		at org.apache.catalina.startup.HostConfig.deployDirectory(HostConfig.java:1136)
		at org.apache.catalina.startup.HostConfig$DeployDirectory.run(HostConfig.java:1971)
		at java.base/java.util.concurrent.Executors$RunnableAdapter.call(Executors.java:577)
		at java.base/java.util.concurrent.FutureTask.run(FutureTask.java:317)
		at org.apache.tomcat.util.threads.InlineExecutorService.execute(InlineExecutorService.java:75)
		at java.base/java.util.concurrent.AbstractExecutorService.submit(AbstractExecutorService.java:123)
		at org.apache.catalina.startup.HostConfig.deployDirectories(HostConfig.java:1046)
		at org.apache.catalina.startup.HostConfig.deployApps(HostConfig.java:428)
		at org.apache.catalina.startup.HostConfig.start(HostConfig.java:1656)
		at org.apache.catalina.startup.HostConfig.lifecycleEvent(HostConfig.java:309)
		at org.apache.catalina.util.LifecycleBase.fireLifecycleEvent(LifecycleBase.java:123)
		at org.apache.catalina.util.LifecycleBase.setStateInternal(LifecycleBase.java:423)
		at org.apache.catalina.util.LifecycleBase.setState(LifecycleBase.java:366)
		at org.apache.catalina.core.ContainerBase.startInternal(ContainerBase.java:898)
		at org.apache.catalina.core.StandardHost.startInternal(StandardHost.java:846)
		at org.apache.catalina.util.LifecycleBase.start(LifecycleBase.java:183)
		at org.apache.catalina.core.ContainerBase$StartChild.call(ContainerBase.java:1332)
		at org.apache.catalina.core.ContainerBase$StartChild.call(ContainerBase.java:1322)
		at java.base/java.util.concurrent.FutureTask.run(FutureTask.java:317)
		at org.apache.tomcat.util.threads.InlineExecutorService.execute(InlineExecutorService.java:75)
		at java.base/java.util.concurrent.AbstractExecutorService.submit(AbstractExecutorService.java:145)
		at org.apache.catalina.core.ContainerBase.startInternal(ContainerBase.java:871)
		at org.apache.catalina.core.StandardEngine.startInternal(StandardEngine.java:241)
		at org.apache.catalina.util.LifecycleBase.start(LifecycleBase.java:183)
		at org.apache.catalina.core.StandardService.startInternal(StandardService.java:428)
		at org.apache.catalina.util.LifecycleBase.start(LifecycleBase.java:183)
		at org.apache.catalina.core.StandardServer.startInternal(StandardServer.java:910)
		at org.apache.catalina.util.LifecycleBase.start(LifecycleBase.java:183)
		at org.apache.catalina.startup.Catalina.start(Catalina.java:795)
		at java.base/jdk.internal.reflect.DirectMethodHandleAccessor.invoke(DirectMethodHandleAccessor.java:104)
		at java.base/java.lang.reflect.Method.invoke(Method.java:578)
		at org.apache.catalina.startup.Bootstrap.start(Bootstrap.java:347)
		at org.apache.catalina.startup.Bootstrap.main(Bootstrap.java:478)
	Caused by: java.lang.ClassNotFoundException: javax.servlet.Filter
		at java.base/java.net.URLClassLoader.findClass(URLClassLoader.java:445)
		at java.base/java.lang.ClassLoader.loadClass(ClassLoader.java:588)
		at java.base/java.lang.ClassLoader.loadClass(ClassLoader.java:521)
		... 59 more
08-Jun-2023 16:18:57.915 SEVERE [main] org.apache.catalina.core.StandardContext.filterStart Exception starting filter [HTTPMonitorFilter]
	java.lang.NoClassDefFoundError: javax/servlet/Filter
		at java.base/java.lang.ClassLoader.defineClass1(Native Method)
		at java.base/java.lang.ClassLoader.defineClass(ClassLoader.java:1013)
		at java.base/java.security.SecureClassLoader.defineClass(SecureClassLoader.java:150)
		at java.base/java.net.URLClassLoader.defineClass(URLClassLoader.java:524)
		at java.base/java.net.URLClassLoader$1.run(URLClassLoader.java:427)
		at java.base/java.net.URLClassLoader$1.run(URLClassLoader.java:421)
		at java.base/java.security.AccessController.doPrivileged(AccessController.java:714)
		at java.base/java.net.URLClassLoader.findClass(URLClassLoader.java:420)
		at java.base/java.lang.ClassLoader.loadClass(ClassLoader.java:588)
		at java.base/java.lang.ClassLoader.loadClass(ClassLoader.java:521)
		at java.base/java.lang.Class.forName0(Native Method)
		at java.base/java.lang.Class.forName(Class.java:496)
		at java.base/java.lang.Class.forName(Class.java:475)
		at org.apache.catalina.loader.WebappClassLoaderBase.loadClass(WebappClassLoaderBase.java:1421)
		at org.apache.catalina.loader.WebappClassLoaderBase.loadClass(WebappClassLoaderBase.java:1245)
		at org.apache.catalina.core.DefaultInstanceManager.loadClass(DefaultInstanceManager.java:490)
		at org.apache.catalina.core.DefaultInstanceManager.loadClassMaybePrivileged(DefaultInstanceManager.java:472)
		at org.apache.catalina.core.DefaultInstanceManager.newInstance(DefaultInstanceManager.java:142)
		at org.apache.catalina.core.ApplicationFilterConfig.getFilter(ApplicationFilterConfig.java:243)
		at org.apache.catalina.core.ApplicationFilterConfig.<init>(ApplicationFilterConfig.java:98)
		at org.apache.catalina.core.StandardContext.filterStart(StandardContext.java:4305)
		at org.apache.catalina.core.StandardContext.startInternal(StandardContext.java:4918)
		at org.apache.catalina.util.LifecycleBase.start(LifecycleBase.java:183)
		at org.apache.catalina.core.ContainerBase.addChildInternal(ContainerBase.java:683)
		at org.apache.catalina.core.ContainerBase.addChild(ContainerBase.java:658)
		at org.apache.catalina.core.StandardHost.addChild(StandardHost.java:713)
		at org.apache.catalina.startup.HostConfig.deployDirectory(HostConfig.java:1136)
		at org.apache.catalina.startup.HostConfig$DeployDirectory.run(HostConfig.java:1971)
		at java.base/java.util.concurrent.Executors$RunnableAdapter.call(Executors.java:577)
		at java.base/java.util.concurrent.FutureTask.run(FutureTask.java:317)
		at org.apache.tomcat.util.threads.InlineExecutorService.execute(InlineExecutorService.java:75)
		at java.base/java.util.concurrent.AbstractExecutorService.submit(AbstractExecutorService.java:123)
		at org.apache.catalina.startup.HostConfig.deployDirectories(HostConfig.java:1046)
		at org.apache.catalina.startup.HostConfig.deployApps(HostConfig.java:428)
		at org.apache.catalina.startup.HostConfig.start(HostConfig.java:1656)
		at org.apache.catalina.startup.HostConfig.lifecycleEvent(HostConfig.java:309)
		at org.apache.catalina.util.LifecycleBase.fireLifecycleEvent(LifecycleBase.java:123)
		at org.apache.catalina.util.LifecycleBase.setStateInternal(LifecycleBase.java:423)
		at org.apache.catalina.util.LifecycleBase.setState(LifecycleBase.java:366)
		at org.apache.catalina.core.ContainerBase.startInternal(ContainerBase.java:898)
		at org.apache.catalina.core.StandardHost.startInternal(StandardHost.java:846)
		at org.apache.catalina.util.LifecycleBase.start(LifecycleBase.java:183)
		at org.apache.catalina.core.ContainerBase$StartChild.call(ContainerBase.java:1332)
		at org.apache.catalina.core.ContainerBase$StartChild.call(ContainerBase.java:1322)
		at java.base/java.util.concurrent.FutureTask.run(FutureTask.java:317)
		at org.apache.tomcat.util.threads.InlineExecutorService.execute(InlineExecutorService.java:75)
		at java.base/java.util.concurrent.AbstractExecutorService.submit(AbstractExecutorService.java:145)
		at org.apache.catalina.core.ContainerBase.startInternal(ContainerBase.java:871)
		at org.apache.catalina.core.StandardEngine.startInternal(StandardEngine.java:241)
		at org.apache.catalina.util.LifecycleBase.start(LifecycleBase.java:183)
		at org.apache.catalina.core.StandardService.startInternal(StandardService.java:428)
		at org.apache.catalina.util.LifecycleBase.start(LifecycleBase.java:183)
		at org.apache.catalina.core.StandardServer.startInternal(StandardServer.java:910)
		at org.apache.catalina.util.LifecycleBase.start(LifecycleBase.java:183)
		at org.apache.catalina.startup.Catalina.start(Catalina.java:795)
		at java.base/jdk.internal.reflect.DirectMethodHandleAccessor.invoke(DirectMethodHandleAccessor.java:104)
		at java.base/java.lang.reflect.Method.invoke(Method.java:578)
		at org.apache.catalina.startup.Bootstrap.start(Bootstrap.java:347)
		at org.apache.catalina.startup.Bootstrap.main(Bootstrap.java:478)
	Caused by: java.lang.ClassNotFoundException: javax.servlet.Filter
		at java.base/java.net.URLClassLoader.findClass(URLClassLoader.java:445)
		at java.base/java.lang.ClassLoader.loadClass(ClassLoader.java:588)
		at java.base/java.lang.ClassLoader.loadClass(ClassLoader.java:521)
		... 59 more
