08-Jun-2023 13:59:45.674 INFO [main] org.apache.catalina.core.ApplicationContext.log ContextListener: contextInitialized()
08-Jun-2023 13:59:45.674 INFO [main] org.apache.catalina.core.ApplicationContext.log SessionListener: contextInitialized()
08-Jun-2023 13:59:45.677 INFO [main] org.apache.catalina.core.ApplicationContext.log ContextListener: attributeAdded('StockTicker', 'async.Stockticker@3f2ef586')
08-Jun-2023 14:26:35.930 INFO [main] org.apache.catalina.core.ApplicationContext.log SessionListener: contextDestroyed()
08-Jun-2023 14:26:35.930 INFO [main] org.apache.catalina.core.ApplicationContext.log ContextListener: contextDestroyed()
08-Jun-2023 14:40:45.332 INFO [main] org.apache.catalina.core.ApplicationContext.log ContextListener: contextInitialized()
08-Jun-2023 14:40:45.332 INFO [main] org.apache.catalina.core.ApplicationContext.log SessionListener: contextInitialized()
08-Jun-2023 14:40:45.335 INFO [main] org.apache.catalina.core.ApplicationContext.log ContextListener: attributeAdded('StockTicker', 'async.Stockticker@2f058b8a')
08-Jun-2023 16:08:05.489 INFO [main] org.apache.catalina.core.ApplicationContext.log SessionListener: contextDestroyed()
08-Jun-2023 16:08:05.489 INFO [main] org.apache.catalina.core.ApplicationContext.log ContextListener: contextDestroyed()
08-Jun-2023 16:16:21.385 SEVERE [main] org.apache.catalina.core.StandardContext.filterStart Exception starting filter [HTTPMonitorFilter]
	java.lang.NoClassDefFoundError: javax/servlet/Filter
		at java.base/java.lang.ClassLoader.defineClass1(Native Method)
		at java.base/java.lang.ClassLoader.defineClass(ClassLoader.java:1013)
		at java.base/java.security.SecureClassLoader.defineClass(SecureClassLoader.java:150)
		at java.base/java.net.URLClassLoader.defineClass(URLClassLoader.java:524)
		at java.base/java.net.URLClassLoader$1.run(URLClassLoader.java:427)
		at java.base/java.net.URLClassLoader$1.run(URLClassLoader.java:421)
		at java.base/java.security.AccessController.doPrivileged(AccessController.java:714)
		at java.base/java.net.URLClassLoader.findClass(URLClassLoader.java:420)
		at java.base/java.lang.ClassLoader.loadClass(ClassLoader.java:588)
		at java.base/java.lang.ClassLoader.loadClass(ClassLoader.java:521)
		at java.base/java.lang.Class.forName0(Native Method)
		at java.base/java.lang.Class.forName(Class.java:496)
		at java.base/java.lang.Class.forName(Class.java:475)
		at org.apache.catalina.loader.WebappClassLoaderBase.loadClass(WebappClassLoaderBase.java:1421)
		at org.apache.catalina.loader.WebappClassLoaderBase.loadClass(WebappClassLoaderBase.java:1245)
		at org.apache.catalina.core.DefaultInstanceManager.loadClass(DefaultInstanceManager.java:490)
		at org.apache.catalina.core.DefaultInstanceManager.loadClassMaybePrivileged(DefaultInstanceManager.java:472)
		at org.apache.catalina.core.DefaultInstanceManager.newInstance(DefaultInstanceManager.java:142)
		at org.apache.catalina.core.ApplicationFilterConfig.getFilter(ApplicationFilterConfig.java:243)
		at org.apache.catalina.core.ApplicationFilterConfig.<init>(ApplicationFilterConfig.java:98)
		at org.apache.catalina.core.StandardContext.filterStart(StandardContext.java:4305)
		at org.apache.catalina.core.StandardContext.startInternal(StandardContext.java:4918)
		at org.apache.catalina.util.LifecycleBase.start(LifecycleBase.java:183)
		at org.apache.catalina.core.ContainerBase.addChildInternal(ContainerBase.java:683)
		at org.apache.catalina.core.ContainerBase.addChild(ContainerBase.java:658)
		at org.apache.catalina.core.StandardHost.addChild(StandardHost.java:713)
		at org.apache.catalina.startup.HostConfig.deployDirectory(HostConfig.java:1136)
		at org.apache.catalina.startup.HostConfig$DeployDirectory.run(HostConfig.java:1971)
		at java.base/java.util.concurrent.Executors$RunnableAdapter.call(Executors.java:577)
		at java.base/java.util.concurrent.FutureTask.run(FutureTask.java:317)
		at org.apache.tomcat.util.threads.InlineExecutorService.execute(InlineExecutorService.java:75)
		at java.base/java.util.concurrent.AbstractExecutorService.submit(AbstractExecutorService.java:123)
		at org.apache.catalina.startup.HostConfig.deployDirectories(HostConfig.java:1046)
		at org.apache.catalina.startup.HostConfig.deployApps(HostConfig.java:428)
		at org.apache.catalina.startup.HostConfig.start(HostConfig.java:1656)
		at org.apache.catalina.startup.HostConfig.lifecycleEvent(HostConfig.java:309)
		at org.apache.catalina.util.LifecycleBase.fireLifecycleEvent(LifecycleBase.java:123)
		at org.apache.catalina.util.LifecycleBase.setStateInternal(LifecycleBase.java:423)
		at org.apache.catalina.util.LifecycleBase.setState(LifecycleBase.java:366)
		at org.apache.catalina.core.ContainerBase.startInternal(ContainerBase.java:898)
		at org.apache.catalina.core.StandardHost.startInternal(StandardHost.java:846)
		at org.apache.catalina.util.LifecycleBase.start(LifecycleBase.java:183)
		at org.apache.catalina.core.ContainerBase$StartChild.call(ContainerBase.java:1332)
		at org.apache.catalina.core.ContainerBase$StartChild.call(ContainerBase.java:1322)
		at java.base/java.util.concurrent.FutureTask.run(FutureTask.java:317)
		at org.apache.tomcat.util.threads.InlineExecutorService.execute(InlineExecutorService.java:75)
		at java.base/java.util.concurrent.AbstractExecutorService.submit(AbstractExecutorService.java:145)
		at org.apache.catalina.core.ContainerBase.startInternal(ContainerBase.java:871)
		at org.apache.catalina.core.StandardEngine.startInternal(StandardEngine.java:241)
		at org.apache.catalina.util.LifecycleBase.start(LifecycleBase.java:183)
		at org.apache.catalina.core.StandardService.startInternal(StandardService.java:428)
		at org.apache.catalina.util.LifecycleBase.start(LifecycleBase.java:183)
		at org.apache.catalina.core.StandardServer.startInternal(StandardServer.java:910)
		at org.apache.catalina.util.LifecycleBase.start(LifecycleBase.java:183)
		at org.apache.catalina.startup.Catalina.start(Catalina.java:795)
		at java.base/jdk.internal.reflect.DirectMethodHandleAccessor.invoke(DirectMethodHandleAccessor.java:104)
		at java.base/java.lang.reflect.Method.invoke(Method.java:578)
		at org.apache.catalina.startup.Bootstrap.start(Bootstrap.java:347)
		at org.apache.catalina.startup.Bootstrap.main(Bootstrap.java:478)
	Caused by: java.lang.ClassNotFoundException: javax.servlet.Filter
		at java.base/java.net.URLClassLoader.findClass(URLClassLoader.java:445)
		at java.base/java.lang.ClassLoader.loadClass(ClassLoader.java:588)
		at java.base/java.lang.ClassLoader.loadClass(ClassLoader.java:521)
		... 59 more
08-Jun-2023 16:16:21.838 INFO [main] org.apache.catalina.core.ApplicationContext.log ContextListener: contextInitialized()
08-Jun-2023 16:16:21.838 INFO [main] org.apache.catalina.core.ApplicationContext.log SessionListener: contextInitialized()
08-Jun-2023 16:16:21.840 INFO [main] org.apache.catalina.core.ApplicationContext.log ContextListener: attributeAdded('StockTicker', 'async.Stockticker@43c67247')
08-Jun-2023 16:16:21.846 SEVERE [main] org.apache.catalina.core.StandardContext.filterStart Exception starting filter [HTTPMonitorFilter]
	java.lang.NoClassDefFoundError: javax/servlet/Filter
		at java.base/java.lang.ClassLoader.defineClass1(Native Method)
		at java.base/java.lang.ClassLoader.defineClass(ClassLoader.java:1013)
		at java.base/java.security.SecureClassLoader.defineClass(SecureClassLoader.java:150)
		at java.base/java.net.URLClassLoader.defineClass(URLClassLoader.java:524)
		at java.base/java.net.URLClassLoader$1.run(URLClassLoader.java:427)
		at java.base/java.net.URLClassLoader$1.run(URLClassLoader.java:421)
		at java.base/java.security.AccessController.doPrivileged(AccessController.java:714)
		at java.base/java.net.URLClassLoader.findClass(URLClassLoader.java:420)
		at java.base/java.lang.ClassLoader.loadClass(ClassLoader.java:588)
		at java.base/java.lang.ClassLoader.loadClass(ClassLoader.java:521)
		at java.base/java.lang.Class.forName0(Native Method)
		at java.base/java.lang.Class.forName(Class.java:496)
		at java.base/java.lang.Class.forName(Class.java:475)
		at org.apache.catalina.loader.WebappClassLoaderBase.loadClass(WebappClassLoaderBase.java:1421)
		at org.apache.catalina.loader.WebappClassLoaderBase.loadClass(WebappClassLoaderBase.java:1245)
		at org.apache.catalina.core.DefaultInstanceManager.loadClass(DefaultInstanceManager.java:490)
		at org.apache.catalina.core.DefaultInstanceManager.loadClassMaybePrivileged(DefaultInstanceManager.java:472)
		at org.apache.catalina.core.DefaultInstanceManager.newInstance(DefaultInstanceManager.java:142)
		at org.apache.catalina.core.ApplicationFilterConfig.getFilter(ApplicationFilterConfig.java:243)
		at org.apache.catalina.core.ApplicationFilterConfig.<init>(ApplicationFilterConfig.java:98)
		at org.apache.catalina.core.StandardContext.filterStart(StandardContext.java:4305)
		at org.apache.catalina.core.StandardContext.startInternal(StandardContext.java:4918)
		at org.apache.catalina.util.LifecycleBase.start(LifecycleBase.java:183)
		at org.apache.catalina.core.ContainerBase.addChildInternal(ContainerBase.java:683)
		at org.apache.catalina.core.ContainerBase.addChild(ContainerBase.java:658)
		at org.apache.catalina.core.StandardHost.addChild(StandardHost.java:713)
		at org.apache.catalina.startup.HostConfig.deployDirectory(HostConfig.java:1136)
		at org.apache.catalina.startup.HostConfig$DeployDirectory.run(HostConfig.java:1971)
		at java.base/java.util.concurrent.Executors$RunnableAdapter.call(Executors.java:577)
		at java.base/java.util.concurrent.FutureTask.run(FutureTask.java:317)
		at org.apache.tomcat.util.threads.InlineExecutorService.execute(InlineExecutorService.java:75)
		at java.base/java.util.concurrent.AbstractExecutorService.submit(AbstractExecutorService.java:123)
		at org.apache.catalina.startup.HostConfig.deployDirectories(HostConfig.java:1046)
		at org.apache.catalina.startup.HostConfig.deployApps(HostConfig.java:428)
		at org.apache.catalina.startup.HostConfig.start(HostConfig.java:1656)
		at org.apache.catalina.startup.HostConfig.lifecycleEvent(HostConfig.java:309)
		at org.apache.catalina.util.LifecycleBase.fireLifecycleEvent(LifecycleBase.java:123)
		at org.apache.catalina.util.LifecycleBase.setStateInternal(LifecycleBase.java:423)
		at org.apache.catalina.util.LifecycleBase.setState(LifecycleBase.java:366)
		at org.apache.catalina.core.ContainerBase.startInternal(ContainerBase.java:898)
		at org.apache.catalina.core.StandardHost.startInternal(StandardHost.java:846)
		at org.apache.catalina.util.LifecycleBase.start(LifecycleBase.java:183)
		at org.apache.catalina.core.ContainerBase$StartChild.call(ContainerBase.java:1332)
		at org.apache.catalina.core.ContainerBase$StartChild.call(ContainerBase.java:1322)
		at java.base/java.util.concurrent.FutureTask.run(FutureTask.java:317)
		at org.apache.tomcat.util.threads.InlineExecutorService.execute(InlineExecutorService.java:75)
		at java.base/java.util.concurrent.AbstractExecutorService.submit(AbstractExecutorService.java:145)
		at org.apache.catalina.core.ContainerBase.startInternal(ContainerBase.java:871)
		at org.apache.catalina.core.StandardEngine.startInternal(StandardEngine.java:241)
		at org.apache.catalina.util.LifecycleBase.start(LifecycleBase.java:183)
		at org.apache.catalina.core.StandardService.startInternal(StandardService.java:428)
		at org.apache.catalina.util.LifecycleBase.start(LifecycleBase.java:183)
		at org.apache.catalina.core.StandardServer.startInternal(StandardServer.java:910)
		at org.apache.catalina.util.LifecycleBase.start(LifecycleBase.java:183)
		at org.apache.catalina.startup.Catalina.start(Catalina.java:795)
		at java.base/jdk.internal.reflect.DirectMethodHandleAccessor.invoke(DirectMethodHandleAccessor.java:104)
		at java.base/java.lang.reflect.Method.invoke(Method.java:578)
		at org.apache.catalina.startup.Bootstrap.start(Bootstrap.java:347)
		at org.apache.catalina.startup.Bootstrap.main(Bootstrap.java:478)
	Caused by: java.lang.ClassNotFoundException: javax.servlet.Filter
		at java.base/java.net.URLClassLoader.findClass(URLClassLoader.java:445)
		at java.base/java.lang.ClassLoader.loadClass(ClassLoader.java:588)
		at java.base/java.lang.ClassLoader.loadClass(ClassLoader.java:521)
		... 59 more
08-Jun-2023 16:16:21.853 INFO [main] org.apache.catalina.core.ApplicationContext.log SessionListener: contextDestroyed()
08-Jun-2023 16:16:21.853 INFO [main] org.apache.catalina.core.ApplicationContext.log ContextListener: contextDestroyed()
08-Jun-2023 16:16:22.111 SEVERE [main] org.apache.catalina.core.StandardContext.filterStart Exception starting filter [HTTPMonitorFilter]
	java.lang.NoClassDefFoundError: javax/servlet/Filter
		at java.base/java.lang.ClassLoader.defineClass1(Native Method)
		at java.base/java.lang.ClassLoader.defineClass(ClassLoader.java:1013)
		at java.base/java.security.SecureClassLoader.defineClass(SecureClassLoader.java:150)
		at java.base/java.net.URLClassLoader.defineClass(URLClassLoader.java:524)
		at java.base/java.net.URLClassLoader$1.run(URLClassLoader.java:427)
		at java.base/java.net.URLClassLoader$1.run(URLClassLoader.java:421)
		at java.base/java.security.AccessController.doPrivileged(AccessController.java:714)
		at java.base/java.net.URLClassLoader.findClass(URLClassLoader.java:420)
		at java.base/java.lang.ClassLoader.loadClass(ClassLoader.java:588)
		at java.base/java.lang.ClassLoader.loadClass(ClassLoader.java:521)
		at java.base/java.lang.Class.forName0(Native Method)
		at java.base/java.lang.Class.forName(Class.java:496)
		at java.base/java.lang.Class.forName(Class.java:475)
		at org.apache.catalina.loader.WebappClassLoaderBase.loadClass(WebappClassLoaderBase.java:1421)
		at org.apache.catalina.loader.WebappClassLoaderBase.loadClass(WebappClassLoaderBase.java:1245)
		at org.apache.catalina.core.DefaultInstanceManager.loadClass(DefaultInstanceManager.java:490)
		at org.apache.catalina.core.DefaultInstanceManager.loadClassMaybePrivileged(DefaultInstanceManager.java:472)
		at org.apache.catalina.core.DefaultInstanceManager.newInstance(DefaultInstanceManager.java:142)
		at org.apache.catalina.core.ApplicationFilterConfig.getFilter(ApplicationFilterConfig.java:243)
		at org.apache.catalina.core.ApplicationFilterConfig.<init>(ApplicationFilterConfig.java:98)
		at org.apache.catalina.core.StandardContext.filterStart(StandardContext.java:4305)
		at org.apache.catalina.core.StandardContext.startInternal(StandardContext.java:4918)
		at org.apache.catalina.util.LifecycleBase.start(LifecycleBase.java:183)
		at org.apache.catalina.core.ContainerBase.addChildInternal(ContainerBase.java:683)
		at org.apache.catalina.core.ContainerBase.addChild(ContainerBase.java:658)
		at org.apache.catalina.core.StandardHost.addChild(StandardHost.java:713)
		at org.apache.catalina.startup.HostConfig.deployDirectory(HostConfig.java:1136)
		at org.apache.catalina.startup.HostConfig$DeployDirectory.run(HostConfig.java:1971)
		at java.base/java.util.concurrent.Executors$RunnableAdapter.call(Executors.java:577)
		at java.base/java.util.concurrent.FutureTask.run(FutureTask.java:317)
		at org.apache.tomcat.util.threads.InlineExecutorService.execute(InlineExecutorService.java:75)
		at java.base/java.util.concurrent.AbstractExecutorService.submit(AbstractExecutorService.java:123)
		at org.apache.catalina.startup.HostConfig.deployDirectories(HostConfig.java:1046)
		at org.apache.catalina.startup.HostConfig.deployApps(HostConfig.java:428)
		at org.apache.catalina.startup.HostConfig.start(HostConfig.java:1656)
		at org.apache.catalina.startup.HostConfig.lifecycleEvent(HostConfig.java:309)
		at org.apache.catalina.util.LifecycleBase.fireLifecycleEvent(LifecycleBase.java:123)
		at org.apache.catalina.util.LifecycleBase.setStateInternal(LifecycleBase.java:423)
		at org.apache.catalina.util.LifecycleBase.setState(LifecycleBase.java:366)
		at org.apache.catalina.core.ContainerBase.startInternal(ContainerBase.java:898)
		at org.apache.catalina.core.StandardHost.startInternal(StandardHost.java:846)
		at org.apache.catalina.util.LifecycleBase.start(LifecycleBase.java:183)
		at org.apache.catalina.core.ContainerBase$StartChild.call(ContainerBase.java:1332)
		at org.apache.catalina.core.ContainerBase$StartChild.call(ContainerBase.java:1322)
		at java.base/java.util.concurrent.FutureTask.run(FutureTask.java:317)
		at org.apache.tomcat.util.threads.InlineExecutorService.execute(InlineExecutorService.java:75)
		at java.base/java.util.concurrent.AbstractExecutorService.submit(AbstractExecutorService.java:145)
		at org.apache.catalina.core.ContainerBase.startInternal(ContainerBase.java:871)
		at org.apache.catalina.core.StandardEngine.startInternal(StandardEngine.java:241)
		at org.apache.catalina.util.LifecycleBase.start(LifecycleBase.java:183)
		at org.apache.catalina.core.StandardService.startInternal(StandardService.java:428)
		at org.apache.catalina.util.LifecycleBase.start(LifecycleBase.java:183)
		at org.apache.catalina.core.StandardServer.startInternal(StandardServer.java:910)
		at org.apache.catalina.util.LifecycleBase.start(LifecycleBase.java:183)
		at org.apache.catalina.startup.Catalina.start(Catalina.java:795)
		at java.base/jdk.internal.reflect.DirectMethodHandleAccessor.invoke(DirectMethodHandleAccessor.java:104)
		at java.base/java.lang.reflect.Method.invoke(Method.java:578)
		at org.apache.catalina.startup.Bootstrap.start(Bootstrap.java:347)
		at org.apache.catalina.startup.Bootstrap.main(Bootstrap.java:478)
	Caused by: java.lang.ClassNotFoundException: javax.servlet.Filter
		at java.base/java.net.URLClassLoader.findClass(URLClassLoader.java:445)
		at java.base/java.lang.ClassLoader.loadClass(ClassLoader.java:588)
		at java.base/java.lang.ClassLoader.loadClass(ClassLoader.java:521)
		... 59 more
08-Jun-2023 16:18:57.382 SEVERE [main] org.apache.catalina.core.StandardContext.filterStart Exception starting filter [HTTPMonitorFilter]
	java.lang.NoClassDefFoundError: javax/servlet/Filter
		at java.base/java.lang.ClassLoader.defineClass1(Native Method)
		at java.base/java.lang.ClassLoader.defineClass(ClassLoader.java:1013)
		at java.base/java.security.SecureClassLoader.defineClass(SecureClassLoader.java:150)
		at java.base/java.net.URLClassLoader.defineClass(URLClassLoader.java:524)
		at java.base/java.net.URLClassLoader$1.run(URLClassLoader.java:427)
		at java.base/java.net.URLClassLoader$1.run(URLClassLoader.java:421)
		at java.base/java.security.AccessController.doPrivileged(AccessController.java:714)
		at java.base/java.net.URLClassLoader.findClass(URLClassLoader.java:420)
		at java.base/java.lang.ClassLoader.loadClass(ClassLoader.java:588)
		at java.base/java.lang.ClassLoader.loadClass(ClassLoader.java:521)
		at java.base/java.lang.Class.forName0(Native Method)
		at java.base/java.lang.Class.forName(Class.java:496)
		at java.base/java.lang.Class.forName(Class.java:475)
		at org.apache.catalina.loader.WebappClassLoaderBase.loadClass(WebappClassLoaderBase.java:1421)
		at org.apache.catalina.loader.WebappClassLoaderBase.loadClass(WebappClassLoaderBase.java:1245)
		at org.apache.catalina.core.DefaultInstanceManager.loadClass(DefaultInstanceManager.java:490)
		at org.apache.catalina.core.DefaultInstanceManager.loadClassMaybePrivileged(DefaultInstanceManager.java:472)
		at org.apache.catalina.core.DefaultInstanceManager.newInstance(DefaultInstanceManager.java:142)
		at org.apache.catalina.core.ApplicationFilterConfig.getFilter(ApplicationFilterConfig.java:243)
		at org.apache.catalina.core.ApplicationFilterConfig.<init>(ApplicationFilterConfig.java:98)
		at org.apache.catalina.core.StandardContext.filterStart(StandardContext.java:4305)
		at org.apache.catalina.core.StandardContext.startInternal(StandardContext.java:4918)
		at org.apache.catalina.util.LifecycleBase.start(LifecycleBase.java:183)
		at org.apache.catalina.core.ContainerBase.addChildInternal(ContainerBase.java:683)
		at org.apache.catalina.core.ContainerBase.addChild(ContainerBase.java:658)
		at org.apache.catalina.core.StandardHost.addChild(StandardHost.java:713)
		at org.apache.catalina.startup.HostConfig.deployDirectory(HostConfig.java:1136)
		at org.apache.catalina.startup.HostConfig$DeployDirectory.run(HostConfig.java:1971)
		at java.base/java.util.concurrent.Executors$RunnableAdapter.call(Executors.java:577)
		at java.base/java.util.concurrent.FutureTask.run(FutureTask.java:317)
		at org.apache.tomcat.util.threads.InlineExecutorService.execute(InlineExecutorService.java:75)
		at java.base/java.util.concurrent.AbstractExecutorService.submit(AbstractExecutorService.java:123)
		at org.apache.catalina.startup.HostConfig.deployDirectories(HostConfig.java:1046)
		at org.apache.catalina.startup.HostConfig.deployApps(HostConfig.java:428)
		at org.apache.catalina.startup.HostConfig.start(HostConfig.java:1656)
		at org.apache.catalina.startup.HostConfig.lifecycleEvent(HostConfig.java:309)
		at org.apache.catalina.util.LifecycleBase.fireLifecycleEvent(LifecycleBase.java:123)
		at org.apache.catalina.util.LifecycleBase.setStateInternal(LifecycleBase.java:423)
		at org.apache.catalina.util.LifecycleBase.setState(LifecycleBase.java:366)
		at org.apache.catalina.core.ContainerBase.startInternal(ContainerBase.java:898)
		at org.apache.catalina.core.StandardHost.startInternal(StandardHost.java:846)
		at org.apache.catalina.util.LifecycleBase.start(LifecycleBase.java:183)
		at org.apache.catalina.core.ContainerBase$StartChild.call(ContainerBase.java:1332)
		at org.apache.catalina.core.ContainerBase$StartChild.call(ContainerBase.java:1322)
		at java.base/java.util.concurrent.FutureTask.run(FutureTask.java:317)
		at org.apache.tomcat.util.threads.InlineExecutorService.execute(InlineExecutorService.java:75)
		at java.base/java.util.concurrent.AbstractExecutorService.submit(AbstractExecutorService.java:145)
		at org.apache.catalina.core.ContainerBase.startInternal(ContainerBase.java:871)
		at org.apache.catalina.core.StandardEngine.startInternal(StandardEngine.java:241)
		at org.apache.catalina.util.LifecycleBase.start(LifecycleBase.java:183)
		at org.apache.catalina.core.StandardService.startInternal(StandardService.java:428)
		at org.apache.catalina.util.LifecycleBase.start(LifecycleBase.java:183)
		at org.apache.catalina.core.StandardServer.startInternal(StandardServer.java:910)
		at org.apache.catalina.util.LifecycleBase.start(LifecycleBase.java:183)
		at org.apache.catalina.startup.Catalina.start(Catalina.java:795)
		at java.base/jdk.internal.reflect.DirectMethodHandleAccessor.invoke(DirectMethodHandleAccessor.java:104)
		at java.base/java.lang.reflect.Method.invoke(Method.java:578)
		at org.apache.catalina.startup.Bootstrap.start(Bootstrap.java:347)
		at org.apache.catalina.startup.Bootstrap.main(Bootstrap.java:478)
	Caused by: java.lang.ClassNotFoundException: javax.servlet.Filter
		at java.base/java.net.URLClassLoader.findClass(URLClassLoader.java:445)
		at java.base/java.lang.ClassLoader.loadClass(ClassLoader.java:588)
		at java.base/java.lang.ClassLoader.loadClass(ClassLoader.java:521)
		... 59 more
08-Jun-2023 16:18:57.824 INFO [main] org.apache.catalina.core.ApplicationContext.log ContextListener: contextInitialized()
08-Jun-2023 16:18:57.824 INFO [main] org.apache.catalina.core.ApplicationContext.log SessionListener: contextInitialized()
08-Jun-2023 16:18:57.827 INFO [main] org.apache.catalina.core.ApplicationContext.log ContextListener: attributeAdded('StockTicker', 'async.Stockticker@69adf72c')
08-Jun-2023 16:18:57.834 SEVERE [main] org.apache.catalina.core.StandardContext.filterStart Exception starting filter [HTTPMonitorFilter]
	java.lang.NoClassDefFoundError: javax/servlet/Filter
		at java.base/java.lang.ClassLoader.defineClass1(Native Method)
		at java.base/java.lang.ClassLoader.defineClass(ClassLoader.java:1013)
		at java.base/java.security.SecureClassLoader.defineClass(SecureClassLoader.java:150)
		at java.base/java.net.URLClassLoader.defineClass(URLClassLoader.java:524)
		at java.base/java.net.URLClassLoader$1.run(URLClassLoader.java:427)
		at java.base/java.net.URLClassLoader$1.run(URLClassLoader.java:421)
		at java.base/java.security.AccessController.doPrivileged(AccessController.java:714)
		at java.base/java.net.URLClassLoader.findClass(URLClassLoader.java:420)
		at java.base/java.lang.ClassLoader.loadClass(ClassLoader.java:588)
		at java.base/java.lang.ClassLoader.loadClass(ClassLoader.java:521)
		at java.base/java.lang.Class.forName0(Native Method)
		at java.base/java.lang.Class.forName(Class.java:496)
		at java.base/java.lang.Class.forName(Class.java:475)
		at org.apache.catalina.loader.WebappClassLoaderBase.loadClass(WebappClassLoaderBase.java:1421)
		at org.apache.catalina.loader.WebappClassLoaderBase.loadClass(WebappClassLoaderBase.java:1245)
		at org.apache.catalina.core.DefaultInstanceManager.loadClass(DefaultInstanceManager.java:490)
		at org.apache.catalina.core.DefaultInstanceManager.loadClassMaybePrivileged(DefaultInstanceManager.java:472)
		at org.apache.catalina.core.DefaultInstanceManager.newInstance(DefaultInstanceManager.java:142)
		at org.apache.catalina.core.ApplicationFilterConfig.getFilter(ApplicationFilterConfig.java:243)
		at org.apache.catalina.core.ApplicationFilterConfig.<init>(ApplicationFilterConfig.java:98)
		at org.apache.catalina.core.StandardContext.filterStart(StandardContext.java:4305)
		at org.apache.catalina.core.StandardContext.startInternal(StandardContext.java:4918)
		at org.apache.catalina.util.LifecycleBase.start(LifecycleBase.java:183)
		at org.apache.catalina.core.ContainerBase.addChildInternal(ContainerBase.java:683)
		at org.apache.catalina.core.ContainerBase.addChild(ContainerBase.java:658)
		at org.apache.catalina.core.StandardHost.addChild(StandardHost.java:713)
		at org.apache.catalina.startup.HostConfig.deployDirectory(HostConfig.java:1136)
		at org.apache.catalina.startup.HostConfig$DeployDirectory.run(HostConfig.java:1971)
		at java.base/java.util.concurrent.Executors$RunnableAdapter.call(Executors.java:577)
		at java.base/java.util.concurrent.FutureTask.run(FutureTask.java:317)
		at org.apache.tomcat.util.threads.InlineExecutorService.execute(InlineExecutorService.java:75)
		at java.base/java.util.concurrent.AbstractExecutorService.submit(AbstractExecutorService.java:123)
		at org.apache.catalina.startup.HostConfig.deployDirectories(HostConfig.java:1046)
		at org.apache.catalina.startup.HostConfig.deployApps(HostConfig.java:428)
		at org.apache.catalina.startup.HostConfig.start(HostConfig.java:1656)
		at org.apache.catalina.startup.HostConfig.lifecycleEvent(HostConfig.java:309)
		at org.apache.catalina.util.LifecycleBase.fireLifecycleEvent(LifecycleBase.java:123)
		at org.apache.catalina.util.LifecycleBase.setStateInternal(LifecycleBase.java:423)
		at org.apache.catalina.util.LifecycleBase.setState(LifecycleBase.java:366)
		at org.apache.catalina.core.ContainerBase.startInternal(ContainerBase.java:898)
		at org.apache.catalina.core.StandardHost.startInternal(StandardHost.java:846)
		at org.apache.catalina.util.LifecycleBase.start(LifecycleBase.java:183)
		at org.apache.catalina.core.ContainerBase$StartChild.call(ContainerBase.java:1332)
		at org.apache.catalina.core.ContainerBase$StartChild.call(ContainerBase.java:1322)
		at java.base/java.util.concurrent.FutureTask.run(FutureTask.java:317)
		at org.apache.tomcat.util.threads.InlineExecutorService.execute(InlineExecutorService.java:75)
		at java.base/java.util.concurrent.AbstractExecutorService.submit(AbstractExecutorService.java:145)
		at org.apache.catalina.core.ContainerBase.startInternal(ContainerBase.java:871)
		at org.apache.catalina.core.StandardEngine.startInternal(StandardEngine.java:241)
		at org.apache.catalina.util.LifecycleBase.start(LifecycleBase.java:183)
		at org.apache.catalina.core.StandardService.startInternal(StandardService.java:428)
		at org.apache.catalina.util.LifecycleBase.start(LifecycleBase.java:183)
		at org.apache.catalina.core.StandardServer.startInternal(StandardServer.java:910)
		at org.apache.catalina.util.LifecycleBase.start(LifecycleBase.java:183)
		at org.apache.catalina.startup.Catalina.start(Catalina.java:795)
		at java.base/jdk.internal.reflect.DirectMethodHandleAccessor.invoke(DirectMethodHandleAccessor.java:104)
		at java.base/java.lang.reflect.Method.invoke(Method.java:578)
		at org.apache.catalina.startup.Bootstrap.start(Bootstrap.java:347)
		at org.apache.catalina.startup.Bootstrap.main(Bootstrap.java:478)
	Caused by: java.lang.ClassNotFoundException: javax.servlet.Filter
		at java.base/java.net.URLClassLoader.findClass(URLClassLoader.java:445)
		at java.base/java.lang.ClassLoader.loadClass(ClassLoader.java:588)
		at java.base/java.lang.ClassLoader.loadClass(ClassLoader.java:521)
		... 59 more
08-Jun-2023 16:18:57.841 INFO [main] org.apache.catalina.core.ApplicationContext.log SessionListener: contextDestroyed()
08-Jun-2023 16:18:57.841 INFO [main] org.apache.catalina.core.ApplicationContext.log ContextListener: contextDestroyed()
08-Jun-2023 16:18:58.068 SEVERE [main] org.apache.catalina.core.StandardContext.filterStart Exception starting filter [HTTPMonitorFilter]
	java.lang.NoClassDefFoundError: javax/servlet/Filter
		at java.base/java.lang.ClassLoader.defineClass1(Native Method)
		at java.base/java.lang.ClassLoader.defineClass(ClassLoader.java:1013)
		at java.base/java.security.SecureClassLoader.defineClass(SecureClassLoader.java:150)
		at java.base/java.net.URLClassLoader.defineClass(URLClassLoader.java:524)
		at java.base/java.net.URLClassLoader$1.run(URLClassLoader.java:427)
		at java.base/java.net.URLClassLoader$1.run(URLClassLoader.java:421)
		at java.base/java.security.AccessController.doPrivileged(AccessController.java:714)
		at java.base/java.net.URLClassLoader.findClass(URLClassLoader.java:420)
		at java.base/java.lang.ClassLoader.loadClass(ClassLoader.java:588)
		at java.base/java.lang.ClassLoader.loadClass(ClassLoader.java:521)
		at java.base/java.lang.Class.forName0(Native Method)
		at java.base/java.lang.Class.forName(Class.java:496)
		at java.base/java.lang.Class.forName(Class.java:475)
		at org.apache.catalina.loader.WebappClassLoaderBase.loadClass(WebappClassLoaderBase.java:1421)
		at org.apache.catalina.loader.WebappClassLoaderBase.loadClass(WebappClassLoaderBase.java:1245)
		at org.apache.catalina.core.DefaultInstanceManager.loadClass(DefaultInstanceManager.java:490)
		at org.apache.catalina.core.DefaultInstanceManager.loadClassMaybePrivileged(DefaultInstanceManager.java:472)
		at org.apache.catalina.core.DefaultInstanceManager.newInstance(DefaultInstanceManager.java:142)
		at org.apache.catalina.core.ApplicationFilterConfig.getFilter(ApplicationFilterConfig.java:243)
		at org.apache.catalina.core.ApplicationFilterConfig.<init>(ApplicationFilterConfig.java:98)
		at org.apache.catalina.core.StandardContext.filterStart(StandardContext.java:4305)
		at org.apache.catalina.core.StandardContext.startInternal(StandardContext.java:4918)
		at org.apache.catalina.util.LifecycleBase.start(LifecycleBase.java:183)
		at org.apache.catalina.core.ContainerBase.addChildInternal(ContainerBase.java:683)
		at org.apache.catalina.core.ContainerBase.addChild(ContainerBase.java:658)
		at org.apache.catalina.core.StandardHost.addChild(StandardHost.java:713)
		at org.apache.catalina.startup.HostConfig.deployDirectory(HostConfig.java:1136)
		at org.apache.catalina.startup.HostConfig$DeployDirectory.run(HostConfig.java:1971)
		at java.base/java.util.concurrent.Executors$RunnableAdapter.call(Executors.java:577)
		at java.base/java.util.concurrent.FutureTask.run(FutureTask.java:317)
		at org.apache.tomcat.util.threads.InlineExecutorService.execute(InlineExecutorService.java:75)
		at java.base/java.util.concurrent.AbstractExecutorService.submit(AbstractExecutorService.java:123)
		at org.apache.catalina.startup.HostConfig.deployDirectories(HostConfig.java:1046)
		at org.apache.catalina.startup.HostConfig.deployApps(HostConfig.java:428)
		at org.apache.catalina.startup.HostConfig.start(HostConfig.java:1656)
		at org.apache.catalina.startup.HostConfig.lifecycleEvent(HostConfig.java:309)
		at org.apache.catalina.util.LifecycleBase.fireLifecycleEvent(LifecycleBase.java:123)
		at org.apache.catalina.util.LifecycleBase.setStateInternal(LifecycleBase.java:423)
		at org.apache.catalina.util.LifecycleBase.setState(LifecycleBase.java:366)
		at org.apache.catalina.core.ContainerBase.startInternal(ContainerBase.java:898)
		at org.apache.catalina.core.StandardHost.startInternal(StandardHost.java:846)
		at org.apache.catalina.util.LifecycleBase.start(LifecycleBase.java:183)
		at org.apache.catalina.core.ContainerBase$StartChild.call(ContainerBase.java:1332)
		at org.apache.catalina.core.ContainerBase$StartChild.call(ContainerBase.java:1322)
		at java.base/java.util.concurrent.FutureTask.run(FutureTask.java:317)
		at org.apache.tomcat.util.threads.InlineExecutorService.execute(InlineExecutorService.java:75)
		at java.base/java.util.concurrent.AbstractExecutorService.submit(AbstractExecutorService.java:145)
		at org.apache.catalina.core.ContainerBase.startInternal(ContainerBase.java:871)
		at org.apache.catalina.core.StandardEngine.startInternal(StandardEngine.java:241)
		at org.apache.catalina.util.LifecycleBase.start(LifecycleBase.java:183)
		at org.apache.catalina.core.StandardService.startInternal(StandardService.java:428)
		at org.apache.catalina.util.LifecycleBase.start(LifecycleBase.java:183)
		at org.apache.catalina.core.StandardServer.startInternal(StandardServer.java:910)
		at org.apache.catalina.util.LifecycleBase.start(LifecycleBase.java:183)
		at org.apache.catalina.startup.Catalina.start(Catalina.java:795)
		at java.base/jdk.internal.reflect.DirectMethodHandleAccessor.invoke(DirectMethodHandleAccessor.java:104)
		at java.base/java.lang.reflect.Method.invoke(Method.java:578)
		at org.apache.catalina.startup.Bootstrap.start(Bootstrap.java:347)
		at org.apache.catalina.startup.Bootstrap.main(Bootstrap.java:478)
	Caused by: java.lang.ClassNotFoundException: javax.servlet.Filter
		at java.base/java.net.URLClassLoader.findClass(URLClassLoader.java:445)
		at java.base/java.lang.ClassLoader.loadClass(ClassLoader.java:588)
		at java.base/java.lang.ClassLoader.loadClass(ClassLoader.java:521)
		... 59 more
08-Jun-2023 16:22:02.455 INFO [main] org.apache.catalina.core.ApplicationContext.log ContextListener: contextInitialized()
08-Jun-2023 16:22:02.455 INFO [main] org.apache.catalina.core.ApplicationContext.log SessionListener: contextInitialized()
08-Jun-2023 16:22:02.459 INFO [main] org.apache.catalina.core.ApplicationContext.log ContextListener: attributeAdded('StockTicker', 'async.Stockticker@1a6f5124')
08-Jun-2023 16:47:29.989 SEVERE [http-nio-8080-exec-4] org.apache.catalina.core.StandardWrapperValve.invoke Servlet.service() for servlet [jsp] in context with path [/VendasCelular] threw exception [Unable to compile class for JSP: 

An error occurred at line: [18] in the generated java file: [C:\Downloads\apache-tomcat-10.1.9\apache-tomcat-10.1.9\work\Catalina\localhost\VendasCelular\org\apache\jsp\prod_005fcons_005fgeral_jsp.java]
Only a type can be imported. controles.Produto resolves to a package

Stacktrace:] with root cause
	org.apache.jasper.JasperException: Unable to compile class for JSP: 

An error occurred at line: [18] in the generated java file: [C:\Downloads\apache-tomcat-10.1.9\apache-tomcat-10.1.9\work\Catalina\localhost\VendasCelular\org\apache\jsp\prod_005fcons_005fgeral_jsp.java]
Only a type can be imported. controles.Produto resolves to a package

Stacktrace:
		at org.apache.jasper.compiler.DefaultErrorHandler.javacError(DefaultErrorHandler.java:102)
		at org.apache.jasper.compiler.ErrorDispatcher.javacError(ErrorDispatcher.java:213)
		at org.apache.jasper.compiler.JDTCompiler.generateClass(JDTCompiler.java:513)
		at org.apache.jasper.compiler.Compiler.compile(Compiler.java:402)
		at org.apache.jasper.compiler.Compiler.compile(Compiler.java:372)
		at org.apache.jasper.compiler.Compiler.compile(Compiler.java:356)
		at org.apache.jasper.JspCompilationContext.compile(JspCompilationContext.java:603)
		at org.apache.jasper.servlet.JspServletWrapper.service(JspServletWrapper.java:396)
		at org.apache.jasper.servlet.JspServlet.serviceJspFile(JspServlet.java:380)
		at org.apache.jasper.servlet.JspServlet.service(JspServlet.java:328)
		at jakarta.servlet.http.HttpServlet.service(HttpServlet.java:658)
		at org.apache.catalina.core.ApplicationFilterChain.internalDoFilter(ApplicationFilterChain.java:205)
		at org.apache.catalina.core.ApplicationFilterChain.doFilter(ApplicationFilterChain.java:149)
		at org.apache.tomcat.websocket.server.WsFilter.doFilter(WsFilter.java:51)
		at org.apache.catalina.core.ApplicationFilterChain.internalDoFilter(ApplicationFilterChain.java:174)
		at org.apache.catalina.core.ApplicationFilterChain.doFilter(ApplicationFilterChain.java:149)
		at org.apache.catalina.core.StandardWrapperValve.invoke(StandardWrapperValve.java:166)
		at org.apache.catalina.core.StandardContextValve.invoke(StandardContextValve.java:90)
		at org.apache.catalina.authenticator.AuthenticatorBase.invoke(AuthenticatorBase.java:482)
		at org.apache.catalina.core.StandardHostValve.invoke(StandardHostValve.java:115)
		at org.apache.catalina.valves.ErrorReportValve.invoke(ErrorReportValve.java:93)
		at org.apache.catalina.valves.AbstractAccessLogValve.invoke(AbstractAccessLogValve.java:676)
		at org.apache.catalina.core.StandardEngineValve.invoke(StandardEngineValve.java:74)
		at org.apache.catalina.connector.CoyoteAdapter.service(CoyoteAdapter.java:341)
		at org.apache.coyote.http11.Http11Processor.service(Http11Processor.java:391)
		at org.apache.coyote.AbstractProcessorLight.process(AbstractProcessorLight.java:63)
		at org.apache.coyote.AbstractProtocol$ConnectionHandler.process(AbstractProtocol.java:894)
		at org.apache.tomcat.util.net.NioEndpoint$SocketProcessor.doRun(NioEndpoint.java:1741)
		at org.apache.tomcat.util.net.SocketProcessorBase.run(SocketProcessorBase.java:52)
		at org.apache.tomcat.util.threads.ThreadPoolExecutor.runWorker(ThreadPoolExecutor.java:1191)
		at org.apache.tomcat.util.threads.ThreadPoolExecutor$Worker.run(ThreadPoolExecutor.java:659)
		at org.apache.tomcat.util.threads.TaskThread$WrappingRunnable.run(TaskThread.java:61)
		at java.base/java.lang.Thread.run(Thread.java:1623)
08-Jun-2023 16:47:44.425 SEVERE [http-nio-8080-exec-1] org.apache.catalina.core.StandardWrapperValve.invoke Servlet.service() for servlet [jsp] in context with path [/VendasCelular] threw exception [Unable to compile class for JSP: 

An error occurred at line: [18] in the generated java file: [C:\Downloads\apache-tomcat-10.1.9\apache-tomcat-10.1.9\work\Catalina\localhost\VendasCelular\org\apache\jsp\prod_005fcons_005fgeral_jsp.java]
Only a type can be imported. controles.Produto resolves to a package

Stacktrace:] with root cause
	org.apache.jasper.JasperException: Unable to compile class for JSP: 

An error occurred at line: [18] in the generated java file: [C:\Downloads\apache-tomcat-10.1.9\apache-tomcat-10.1.9\work\Catalina\localhost\VendasCelular\org\apache\jsp\prod_005fcons_005fgeral_jsp.java]
Only a type can be imported. controles.Produto resolves to a package

Stacktrace:
		at org.apache.jasper.compiler.DefaultErrorHandler.javacError(DefaultErrorHandler.java:102)
		at org.apache.jasper.compiler.ErrorDispatcher.javacError(ErrorDispatcher.java:213)
		at org.apache.jasper.compiler.JDTCompiler.generateClass(JDTCompiler.java:513)
		at org.apache.jasper.compiler.Compiler.compile(Compiler.java:402)
		at org.apache.jasper.compiler.Compiler.compile(Compiler.java:372)
		at org.apache.jasper.compiler.Compiler.compile(Compiler.java:356)
		at org.apache.jasper.JspCompilationContext.compile(JspCompilationContext.java:603)
		at org.apache.jasper.servlet.JspServletWrapper.service(JspServletWrapper.java:396)
		at org.apache.jasper.servlet.JspServlet.serviceJspFile(JspServlet.java:380)
		at org.apache.jasper.servlet.JspServlet.service(JspServlet.java:328)
		at jakarta.servlet.http.HttpServlet.service(HttpServlet.java:658)
		at org.apache.catalina.core.ApplicationFilterChain.internalDoFilter(ApplicationFilterChain.java:205)
		at org.apache.catalina.core.ApplicationFilterChain.doFilter(ApplicationFilterChain.java:149)
		at org.apache.tomcat.websocket.server.WsFilter.doFilter(WsFilter.java:51)
		at org.apache.catalina.core.ApplicationFilterChain.internalDoFilter(ApplicationFilterChain.java:174)
		at org.apache.catalina.core.ApplicationFilterChain.doFilter(ApplicationFilterChain.java:149)
		at org.apache.catalina.core.StandardWrapperValve.invoke(StandardWrapperValve.java:166)
		at org.apache.catalina.core.StandardContextValve.invoke(StandardContextValve.java:90)
		at org.apache.catalina.authenticator.AuthenticatorBase.invoke(AuthenticatorBase.java:482)
		at org.apache.catalina.core.StandardHostValve.invoke(StandardHostValve.java:115)
		at org.apache.catalina.valves.ErrorReportValve.invoke(ErrorReportValve.java:93)
		at org.apache.catalina.valves.AbstractAccessLogValve.invoke(AbstractAccessLogValve.java:676)
		at org.apache.catalina.core.StandardEngineValve.invoke(StandardEngineValve.java:74)
		at org.apache.catalina.connector.CoyoteAdapter.service(CoyoteAdapter.java:341)
		at org.apache.coyote.http11.Http11Processor.service(Http11Processor.java:391)
		at org.apache.coyote.AbstractProcessorLight.process(AbstractProcessorLight.java:63)
		at org.apache.coyote.AbstractProtocol$ConnectionHandler.process(AbstractProtocol.java:894)
		at org.apache.tomcat.util.net.NioEndpoint$SocketProcessor.doRun(NioEndpoint.java:1741)
		at org.apache.tomcat.util.net.SocketProcessorBase.run(SocketProcessorBase.java:52)
		at org.apache.tomcat.util.threads.ThreadPoolExecutor.runWorker(ThreadPoolExecutor.java:1191)
		at org.apache.tomcat.util.threads.ThreadPoolExecutor$Worker.run(ThreadPoolExecutor.java:659)
		at org.apache.tomcat.util.threads.TaskThread$WrappingRunnable.run(TaskThread.java:61)
		at java.base/java.lang.Thread.run(Thread.java:1623)
08-Jun-2023 17:02:50.846 INFO [main] org.apache.catalina.core.ApplicationContext.log SessionListener: contextDestroyed()
08-Jun-2023 17:02:50.847 INFO [main] org.apache.catalina.core.ApplicationContext.log ContextListener: contextDestroyed()
08-Jun-2023 17:43:15.103 INFO [main] org.apache.catalina.core.ApplicationContext.log ContextListener: contextInitialized()
08-Jun-2023 17:43:15.103 INFO [main] org.apache.catalina.core.ApplicationContext.log SessionListener: contextInitialized()
08-Jun-2023 17:43:15.105 INFO [main] org.apache.catalina.core.ApplicationContext.log ContextListener: attributeAdded('StockTicker', 'async.Stockticker@5a00eb1e')
08-Jun-2023 18:23:08.517 SEVERE [http-nio-8080-exec-1] org.apache.catalina.core.StandardWrapperValve.invoke Servlet.service() for servlet [jsp] in context with path [/VendasCelular] threw exception [An exception occurred processing [/prod_cad.jsp] at line [22]

19:         <%
20:             /*-- Entrada --*/
21:             String nome = request.getParameter("nome_prod");
22:             float valor = Float.parseFloat(request.getParameter("valor"));
23:             Date fabrica = new SimpleDateFormat("yyy-MM-dd").parse( request.getParameter("fabrica") );
24: 
25:             /*-- Process --*/


Stacktrace:] with root cause
	java.lang.NumberFormatException: For input string: "1500,00"
		at java.base/jdk.internal.math.FloatingDecimal.readJavaFormatString(FloatingDecimal.java:2054)
		at java.base/jdk.internal.math.FloatingDecimal.parseFloat(FloatingDecimal.java:122)
		at java.base/java.lang.Float.parseFloat(Float.java:556)
		at org.apache.jsp.prod_005fcad_jsp._jspService(prod_005fcad_jsp.java:149)
		at org.apache.jasper.runtime.HttpJspBase.service(HttpJspBase.java:70)
		at jakarta.servlet.http.HttpServlet.service(HttpServlet.java:658)
		at org.apache.jasper.servlet.JspServletWrapper.service(JspServletWrapper.java:456)
		at org.apache.jasper.servlet.JspServlet.serviceJspFile(JspServlet.java:380)
		at org.apache.jasper.servlet.JspServlet.service(JspServlet.java:328)
		at jakarta.servlet.http.HttpServlet.service(HttpServlet.java:658)
		at org.apache.catalina.core.ApplicationFilterChain.internalDoFilter(ApplicationFilterChain.java:205)
		at org.apache.catalina.core.ApplicationFilterChain.doFilter(ApplicationFilterChain.java:149)
		at org.apache.tomcat.websocket.server.WsFilter.doFilter(WsFilter.java:51)
		at org.apache.catalina.core.ApplicationFilterChain.internalDoFilter(ApplicationFilterChain.java:174)
		at org.apache.catalina.core.ApplicationFilterChain.doFilter(ApplicationFilterChain.java:149)
		at org.apache.catalina.core.StandardWrapperValve.invoke(StandardWrapperValve.java:166)
		at org.apache.catalina.core.StandardContextValve.invoke(StandardContextValve.java:90)
		at org.apache.catalina.authenticator.AuthenticatorBase.invoke(AuthenticatorBase.java:482)
		at org.apache.catalina.core.StandardHostValve.invoke(StandardHostValve.java:115)
		at org.apache.catalina.valves.ErrorReportValve.invoke(ErrorReportValve.java:93)
		at org.apache.catalina.valves.AbstractAccessLogValve.invoke(AbstractAccessLogValve.java:676)
		at org.apache.catalina.core.StandardEngineValve.invoke(StandardEngineValve.java:74)
		at org.apache.catalina.connector.CoyoteAdapter.service(CoyoteAdapter.java:341)
		at org.apache.coyote.http11.Http11Processor.service(Http11Processor.java:391)
		at org.apache.coyote.AbstractProcessorLight.process(AbstractProcessorLight.java:63)
		at org.apache.coyote.AbstractProtocol$ConnectionHandler.process(AbstractProtocol.java:894)
		at org.apache.tomcat.util.net.NioEndpoint$SocketProcessor.doRun(NioEndpoint.java:1741)
		at org.apache.tomcat.util.net.SocketProcessorBase.run(SocketProcessorBase.java:52)
		at org.apache.tomcat.util.threads.ThreadPoolExecutor.runWorker(ThreadPoolExecutor.java:1191)
		at org.apache.tomcat.util.threads.ThreadPoolExecutor$Worker.run(ThreadPoolExecutor.java:659)
		at org.apache.tomcat.util.threads.TaskThread$WrappingRunnable.run(TaskThread.java:61)
		at java.base/java.lang.Thread.run(Thread.java:1623)
08-Jun-2023 18:26:38.582 INFO [main] org.apache.catalina.core.ApplicationContext.log SessionListener: contextDestroyed()
08-Jun-2023 18:26:38.582 INFO [main] org.apache.catalina.core.ApplicationContext.log ContextListener: contextDestroyed()
08-Jun-2023 22:10:33.432 INFO [main] org.apache.catalina.core.ApplicationContext.log ContextListener: contextInitialized()
08-Jun-2023 22:10:33.432 INFO [main] org.apache.catalina.core.ApplicationContext.log SessionListener: contextInitialized()
08-Jun-2023 22:10:33.435 INFO [main] org.apache.catalina.core.ApplicationContext.log ContextListener: attributeAdded('StockTicker', 'async.Stockticker@396e6d9')
08-Jun-2023 23:23:16.382 SEVERE [http-nio-8080-exec-14] org.apache.catalina.core.StandardWrapperValve.invoke Servlet.service() for servlet [jsp] in context with path [/WebApplicationFreshFood] threw exception [An exception occurred processing [/prod_cad.jsp] at line [22]

19:         <%
20:             /*-- Entrada --*/
21:             String nome = request.getParameter("nome_prod");
22:             float valor = Float.parseFloat(request.getParameter("valor"));
23:             Date fabrica = new SimpleDateFormat("yyy-MM-dd").parse( request.getParameter("fabrica") );
24: 
25:             /*-- Process --*/


Stacktrace:] with root cause
	java.lang.NumberFormatException: empty String
		at java.base/jdk.internal.math.FloatingDecimal.readJavaFormatString(FloatingDecimal.java:1842)
		at java.base/jdk.internal.math.FloatingDecimal.parseFloat(FloatingDecimal.java:122)
		at java.base/java.lang.Float.parseFloat(Float.java:556)
		at org.apache.jsp.prod_005fcad_jsp._jspService(prod_005fcad_jsp.java:149)
		at org.apache.jasper.runtime.HttpJspBase.service(HttpJspBase.java:70)
		at jakarta.servlet.http.HttpServlet.service(HttpServlet.java:658)
		at org.apache.jasper.servlet.JspServletWrapper.service(JspServletWrapper.java:456)
		at org.apache.jasper.servlet.JspServlet.serviceJspFile(JspServlet.java:380)
		at org.apache.jasper.servlet.JspServlet.service(JspServlet.java:328)
		at jakarta.servlet.http.HttpServlet.service(HttpServlet.java:658)
		at org.apache.catalina.core.ApplicationFilterChain.internalDoFilter(ApplicationFilterChain.java:205)
		at org.apache.catalina.core.ApplicationFilterChain.doFilter(ApplicationFilterChain.java:149)
		at org.apache.tomcat.websocket.server.WsFilter.doFilter(WsFilter.java:51)
		at org.apache.catalina.core.ApplicationFilterChain.internalDoFilter(ApplicationFilterChain.java:174)
		at org.apache.catalina.core.ApplicationFilterChain.doFilter(ApplicationFilterChain.java:149)
		at org.apache.catalina.core.StandardWrapperValve.invoke(StandardWrapperValve.java:166)
		at org.apache.catalina.core.StandardContextValve.invoke(StandardContextValve.java:90)
		at org.apache.catalina.authenticator.AuthenticatorBase.invoke(AuthenticatorBase.java:482)
		at org.apache.catalina.core.StandardHostValve.invoke(StandardHostValve.java:115)
		at org.apache.catalina.valves.ErrorReportValve.invoke(ErrorReportValve.java:93)
		at org.apache.catalina.valves.AbstractAccessLogValve.invoke(AbstractAccessLogValve.java:676)
		at org.apache.catalina.core.StandardEngineValve.invoke(StandardEngineValve.java:74)
		at org.apache.catalina.connector.CoyoteAdapter.service(CoyoteAdapter.java:341)
		at org.apache.coyote.http11.Http11Processor.service(Http11Processor.java:391)
		at org.apache.coyote.AbstractProcessorLight.process(AbstractProcessorLight.java:63)
		at org.apache.coyote.AbstractProtocol$ConnectionHandler.process(AbstractProtocol.java:894)
		at org.apache.tomcat.util.net.NioEndpoint$SocketProcessor.doRun(NioEndpoint.java:1741)
		at org.apache.tomcat.util.net.SocketProcessorBase.run(SocketProcessorBase.java:52)
		at org.apache.tomcat.util.threads.ThreadPoolExecutor.runWorker(ThreadPoolExecutor.java:1191)
		at org.apache.tomcat.util.threads.ThreadPoolExecutor$Worker.run(ThreadPoolExecutor.java:659)
		at org.apache.tomcat.util.threads.TaskThread$WrappingRunnable.run(TaskThread.java:61)
		at java.base/java.lang.Thread.run(Thread.java:1623)
