12-Jun-2023 18:21:15.572 INFO [main] org.apache.catalina.core.ApplicationContext.log ContextListener: contextInitialized()
12-Jun-2023 18:21:15.572 INFO [main] org.apache.catalina.core.ApplicationContext.log SessionListener: contextInitialized()
12-Jun-2023 18:21:15.575 INFO [main] org.apache.catalina.core.ApplicationContext.log ContextListener: attributeAdded('StockTicker', 'async.Stockticker@499683c4')
12-Jun-2023 20:05:41.113 INFO [main] org.apache.catalina.core.ApplicationContext.log SessionListener: contextDestroyed()
12-Jun-2023 20:05:41.113 INFO [main] org.apache.catalina.core.ApplicationContext.log ContextListener: contextDestroyed()
12-Jun-2023 22:43:32.071 INFO [main] org.apache.catalina.core.ApplicationContext.log ContextListener: contextInitialized()
12-Jun-2023 22:43:32.072 INFO [main] org.apache.catalina.core.ApplicationContext.log SessionListener: contextInitialized()
12-Jun-2023 22:43:32.075 INFO [main] org.apache.catalina.core.ApplicationContext.log ContextListener: attributeAdded('StockTicker', 'async.Stockticker@95bb2a2')
12-Jun-2023 23:13:52.258 SEVERE [http-nio-8080-exec-23] org.apache.catalina.core.StandardWrapperValve.invoke Servlet.service() for servlet [jsp] in context with path [/CellVendas] threw exception [Unable to compile class for JSP: 

An error occurred at line: [27] in the jsp file: [/cell_alt_exec.jsp]
The constructor Produto(int, String, float, Date) is undefined
24:             Date fabrica = new SimpleDateFormat("yyy-MM-dd").parse( request.getParameter("fabrica") );
25: 
26:             /*-- Process --*/
27:             Produto prod = new Produto(id, nome, valor, fabrica);
28: 
29:             /*-- Saída --*/
30:             out.println("<b>Alteração [Produto]:</b>");


Stacktrace:] with root cause
	org.apache.jasper.JasperException: Unable to compile class for JSP: 

An error occurred at line: [27] in the jsp file: [/cell_alt_exec.jsp]
The constructor Produto(int, String, float, Date) is undefined
24:             Date fabrica = new SimpleDateFormat("yyy-MM-dd").parse( request.getParameter("fabrica") );
25: 
26:             /*-- Process --*/
27:             Produto prod = new Produto(id, nome, valor, fabrica);
28: 
29:             /*-- Saída --*/
30:             out.println("<b>Alteração [Produto]:</b>");


Stacktrace:
		at org.apache.jasper.compiler.DefaultErrorHandler.javacError(DefaultErrorHandler.java:102)
		at org.apache.jasper.compiler.ErrorDispatcher.javacError(ErrorDispatcher.java:213)
		at org.apache.jasper.compiler.JDTCompiler.generateClass(JDTCompiler.java:513)
		at org.apache.jasper.compiler.Compiler.compile(Compiler.java:402)
		at org.apache.jasper.compiler.Compiler.compile(Compiler.java:372)
		at org.apache.jasper.compiler.Compiler.compile(Compiler.java:356)
		at org.apache.jasper.JspCompilationContext.compile(JspCompilationContext.java:603)
		at org.apache.jasper.servlet.JspServletWrapper.service(JspServletWrapper.java:396)
		at org.apache.jasper.servlet.JspServlet.serviceJspFile(JspServlet.java:380)
		at org.apache.jasper.servlet.JspServlet.service(JspServlet.java:328)
		at jakarta.servlet.http.HttpServlet.service(HttpServlet.java:658)
		at org.apache.catalina.core.ApplicationFilterChain.internalDoFilter(ApplicationFilterChain.java:205)
		at org.apache.catalina.core.ApplicationFilterChain.doFilter(ApplicationFilterChain.java:149)
		at org.apache.tomcat.websocket.server.WsFilter.doFilter(WsFilter.java:51)
		at org.apache.catalina.core.ApplicationFilterChain.internalDoFilter(ApplicationFilterChain.java:174)
		at org.apache.catalina.core.ApplicationFilterChain.doFilter(ApplicationFilterChain.java:149)
		at org.apache.catalina.core.StandardWrapperValve.invoke(StandardWrapperValve.java:166)
		at org.apache.catalina.core.StandardContextValve.invoke(StandardContextValve.java:90)
		at org.apache.catalina.authenticator.AuthenticatorBase.invoke(AuthenticatorBase.java:482)
		at org.apache.catalina.core.StandardHostValve.invoke(StandardHostValve.java:115)
		at org.apache.catalina.valves.ErrorReportValve.invoke(ErrorReportValve.java:93)
		at org.apache.catalina.valves.AbstractAccessLogValve.invoke(AbstractAccessLogValve.java:676)
		at org.apache.catalina.core.StandardEngineValve.invoke(StandardEngineValve.java:74)
		at org.apache.catalina.connector.CoyoteAdapter.service(CoyoteAdapter.java:341)
		at org.apache.coyote.http11.Http11Processor.service(Http11Processor.java:391)
		at org.apache.coyote.AbstractProcessorLight.process(AbstractProcessorLight.java:63)
		at org.apache.coyote.AbstractProtocol$ConnectionHandler.process(AbstractProtocol.java:894)
		at org.apache.tomcat.util.net.NioEndpoint$SocketProcessor.doRun(NioEndpoint.java:1741)
		at org.apache.tomcat.util.net.SocketProcessorBase.run(SocketProcessorBase.java:52)
		at org.apache.tomcat.util.threads.ThreadPoolExecutor.runWorker(ThreadPoolExecutor.java:1191)
		at org.apache.tomcat.util.threads.ThreadPoolExecutor$Worker.run(ThreadPoolExecutor.java:659)
		at org.apache.tomcat.util.threads.TaskThread$WrappingRunnable.run(TaskThread.java:61)
		at java.base/java.lang.Thread.run(Thread.java:1623)
12-Jun-2023 23:14:07.562 SEVERE [http-nio-8080-exec-31] org.apache.catalina.core.StandardWrapperValve.invoke Servlet.service() for servlet [jsp] in context with path [/CellVendas] threw exception [Unable to compile class for JSP: 

An error occurred at line: [27] in the jsp file: [/cell_alt_exec.jsp]
The constructor Produto(int, String, float, Date) is undefined
24:             Date fabrica = new SimpleDateFormat("yyy-MM-dd").parse( request.getParameter("fabrica") );
25: 
26:             /*-- Process --*/
27:             Produto prod = new Produto(id, nome, valor, fabrica);
28: 
29:             /*-- Saída --*/
30:             out.println("<b>Alteração [Produto]:</b>");


Stacktrace:] with root cause
	org.apache.jasper.JasperException: Unable to compile class for JSP: 

An error occurred at line: [27] in the jsp file: [/cell_alt_exec.jsp]
The constructor Produto(int, String, float, Date) is undefined
24:             Date fabrica = new SimpleDateFormat("yyy-MM-dd").parse( request.getParameter("fabrica") );
25: 
26:             /*-- Process --*/
27:             Produto prod = new Produto(id, nome, valor, fabrica);
28: 
29:             /*-- Saída --*/
30:             out.println("<b>Alteração [Produto]:</b>");


Stacktrace:
		at org.apache.jasper.compiler.DefaultErrorHandler.javacError(DefaultErrorHandler.java:102)
		at org.apache.jasper.compiler.ErrorDispatcher.javacError(ErrorDispatcher.java:213)
		at org.apache.jasper.compiler.JDTCompiler.generateClass(JDTCompiler.java:513)
		at org.apache.jasper.compiler.Compiler.compile(Compiler.java:402)
		at org.apache.jasper.compiler.Compiler.compile(Compiler.java:372)
		at org.apache.jasper.compiler.Compiler.compile(Compiler.java:356)
		at org.apache.jasper.JspCompilationContext.compile(JspCompilationContext.java:603)
		at org.apache.jasper.servlet.JspServletWrapper.service(JspServletWrapper.java:396)
		at org.apache.jasper.servlet.JspServlet.serviceJspFile(JspServlet.java:380)
		at org.apache.jasper.servlet.JspServlet.service(JspServlet.java:328)
		at jakarta.servlet.http.HttpServlet.service(HttpServlet.java:658)
		at org.apache.catalina.core.ApplicationFilterChain.internalDoFilter(ApplicationFilterChain.java:205)
		at org.apache.catalina.core.ApplicationFilterChain.doFilter(ApplicationFilterChain.java:149)
		at org.apache.tomcat.websocket.server.WsFilter.doFilter(WsFilter.java:51)
		at org.apache.catalina.core.ApplicationFilterChain.internalDoFilter(ApplicationFilterChain.java:174)
		at org.apache.catalina.core.ApplicationFilterChain.doFilter(ApplicationFilterChain.java:149)
		at org.apache.catalina.core.StandardWrapperValve.invoke(StandardWrapperValve.java:166)
		at org.apache.catalina.core.StandardContextValve.invoke(StandardContextValve.java:90)
		at org.apache.catalina.authenticator.AuthenticatorBase.invoke(AuthenticatorBase.java:482)
		at org.apache.catalina.core.StandardHostValve.invoke(StandardHostValve.java:115)
		at org.apache.catalina.valves.ErrorReportValve.invoke(ErrorReportValve.java:93)
		at org.apache.catalina.valves.AbstractAccessLogValve.invoke(AbstractAccessLogValve.java:676)
		at org.apache.catalina.core.StandardEngineValve.invoke(StandardEngineValve.java:74)
		at org.apache.catalina.connector.CoyoteAdapter.service(CoyoteAdapter.java:341)
		at org.apache.coyote.http11.Http11Processor.service(Http11Processor.java:391)
		at org.apache.coyote.AbstractProcessorLight.process(AbstractProcessorLight.java:63)
		at org.apache.coyote.AbstractProtocol$ConnectionHandler.process(AbstractProtocol.java:894)
		at org.apache.tomcat.util.net.NioEndpoint$SocketProcessor.doRun(NioEndpoint.java:1741)
		at org.apache.tomcat.util.net.SocketProcessorBase.run(SocketProcessorBase.java:52)
		at org.apache.tomcat.util.threads.ThreadPoolExecutor.runWorker(ThreadPoolExecutor.java:1191)
		at org.apache.tomcat.util.threads.ThreadPoolExecutor$Worker.run(ThreadPoolExecutor.java:659)
		at org.apache.tomcat.util.threads.TaskThread$WrappingRunnable.run(TaskThread.java:61)
		at java.base/java.lang.Thread.run(Thread.java:1623)
12-Jun-2023 23:24:29.026 INFO [main] org.apache.catalina.core.ApplicationContext.log SessionListener: contextDestroyed()
12-Jun-2023 23:24:29.026 INFO [main] org.apache.catalina.core.ApplicationContext.log ContextListener: contextDestroyed()
